[ 2016-11-17T09:38:47+08:00 ] 127.0.0.1 /home/seamenManage/getCommInfo/?idnumber=4
INFO: [ app_init ] --START--
INFO: Run Behavior\BuildLiteBehavior [ RunTime:0.000024s ]
INFO: [ app_init ] --END-- [ RunTime:0.001494s ]
INFO: [ app_begin ] --START--
INFO: Run Behavior\ReadHtmlCacheBehavior [ RunTime:0.000540s ]
INFO: [ app_begin ] --END-- [ RunTime:0.000673s ]
SQL: SHOW COLUMNS FROM `ms_holdercomminfo` [ RunTime:0.0575s ]
SQL: SELECT `id`,`idnumber`,`realname` FROM `ms_holdercomminfo` WHERE `idnumber` LIKE '4%' AND `isdel` = 0  [ RunTime:0.0008s ]

[ 2016-11-17T09:38:47+08:00 ] 127.0.0.1 /favicon.ico
INFO: [ app_init ] --START--
INFO: Run Behavior\BuildLiteBehavior [ RunTime:0.000018s ]
INFO: [ app_init ] --END-- [ RunTime:0.000362s ]

[ 2016-11-17T09:39:00+08:00 ] 127.0.0.1 /home/DipExpriedSearch/search/?type=2
INFO: [ app_init ] --START--
INFO: Run Behavior\BuildLiteBehavior [ RunTime:0.000016s ]
INFO: [ app_init ] --END-- [ RunTime:0.000353s ]
INFO: [ app_begin ] --START--
INFO: Run Behavior\ReadHtmlCacheBehavior [ RunTime:0.000316s ]
INFO: [ app_begin ] --END-- [ RunTime:0.000369s ]
NOTIC: [8] Undefined index: idnumber G:\PHP\SEAMEN ManageSys\manage\Home\Controller\DipExpriedSearchController.class.php 第 14 行.
NOTIC: [8] Undefined index: realname G:\PHP\SEAMEN ManageSys\manage\Home\Controller\DipExpriedSearchController.class.php 第 17 行.
NOTIC: [8] Undefined index: regtimebegin G:\PHP\SEAMEN ManageSys\manage\Home\Controller\DipExpriedSearchController.class.php 第 20 行.
NOTIC: [8] Undefined index: regtimeend G:\PHP\SEAMEN ManageSys\manage\Home\Controller\DipExpriedSearchController.class.php 第 26 行.
INFO: [ app_end ] --START--
INFO: Run Behavior\ShowPageTraceBehavior [ RunTime:0.000361s ]
INFO: [ app_end ] --END-- [ RunTime:0.000416s ]

[ 2016-11-17T09:39:03+08:00 ] 127.0.0.1 /home/DipExpriedSearch/search/?type=1
INFO: [ app_init ] --START--
INFO: Run Behavior\BuildLiteBehavior [ RunTime:0.000016s ]
INFO: [ app_init ] --END-- [ RunTime:0.000334s ]
INFO: [ app_begin ] --START--
INFO: Run Behavior\ReadHtmlCacheBehavior [ RunTime:0.000347s ]
INFO: [ app_begin ] --END-- [ RunTime:0.000407s ]
NOTIC: [8] Undefined index: idnumber G:\PHP\SEAMEN ManageSys\manage\Home\Controller\DipExpriedSearchController.class.php 第 14 行.
NOTIC: [8] Undefined index: realname G:\PHP\SEAMEN ManageSys\manage\Home\Controller\DipExpriedSearchController.class.php 第 17 行.
NOTIC: [8] Undefined index: regtimebegin G:\PHP\SEAMEN ManageSys\manage\Home\Controller\DipExpriedSearchController.class.php 第 20 行.
NOTIC: [8] Undefined index: regtimeend G:\PHP\SEAMEN ManageSys\manage\Home\Controller\DipExpriedSearchController.class.php 第 26 行.
SQL: SHOW COLUMNS FROM `ms_seameninfo` [ RunTime:0.1161s ]
NOTIC: [8] Undefined variable: Page G:\PHP\SEAMEN ManageSys\manage\Home\Controller\DipExpriedSearchController.class.php 第 42 行.
NOTIC: [8] Trying to get property of non-object G:\PHP\SEAMEN ManageSys\manage\Home\Controller\DipExpriedSearchController.class.php 第 42 行.
NOTIC: [8] Undefined variable: Page G:\PHP\SEAMEN ManageSys\manage\Home\Controller\DipExpriedSearchController.class.php 第 42 行.
NOTIC: [8] Trying to get property of non-object G:\PHP\SEAMEN ManageSys\manage\Home\Controller\DipExpriedSearchController.class.php 第 42 行.
SQL: SELECT ms_seameninfo.id,`idnumber`,`realname`,`regtime`,`endtime` FROM `ms_seameninfo` INNER JOIN ms_holdercomminfo ON ms_seameninfo.holderid = ms_holdercomminfo.id  WHERE `regtime` BETWEEN '1970-01-02' AND '2016-11-17'  [ RunTime:0.0642s ]
INFO: [ app_end ] --START--
INFO: Run Behavior\ShowPageTraceBehavior [ RunTime:0.000499s ]
INFO: [ app_end ] --END-- [ RunTime:0.000555s ]

[ 2016-11-17T10:09:14+08:00 ] 127.0.0.1 /home/DipExpriedSearch/search/?type=1&idnumber=41
INFO: [ app_init ] --START--
INFO: Run Behavior\BuildLiteBehavior [ RunTime:0.000019s ]
INFO: [ app_init ] --END-- [ RunTime:0.000452s ]
INFO: [ app_begin ] --START--
INFO: Run Behavior\ReadHtmlCacheBehavior [ RunTime:0.000562s ]
INFO: [ app_begin ] --END-- [ RunTime:0.000664s ]
NOTIC: [8] Undefined index: realname G:\PHP\SEAMEN ManageSys\manage\Home\Controller\DipExpriedSearchController.class.php 第 17 行.
NOTIC: [8] Undefined index: regtimebegin G:\PHP\SEAMEN ManageSys\manage\Home\Controller\DipExpriedSearchController.class.php 第 20 行.
NOTIC: [8] Undefined index: regtimeend G:\PHP\SEAMEN ManageSys\manage\Home\Controller\DipExpriedSearchController.class.php 第 26 行.
SQL: SHOW COLUMNS FROM `ms_seameninfo` [ RunTime:0.0646s ]
NOTIC: [8] Undefined variable: Page G:\PHP\SEAMEN ManageSys\manage\Home\Controller\DipExpriedSearchController.class.php 第 42 行.
NOTIC: [8] Trying to get property of non-object G:\PHP\SEAMEN ManageSys\manage\Home\Controller\DipExpriedSearchController.class.php 第 42 行.
NOTIC: [8] Undefined variable: Page G:\PHP\SEAMEN ManageSys\manage\Home\Controller\DipExpriedSearchController.class.php 第 42 行.
NOTIC: [8] Trying to get property of non-object G:\PHP\SEAMEN ManageSys\manage\Home\Controller\DipExpriedSearchController.class.php 第 42 行.
SQL: SELECT ms_seameninfo.id,`idnumber`,`realname`,`regtime`,`endtime` FROM `ms_seameninfo` INNER JOIN ms_holdercomminfo ON ms_seameninfo.holderid = ms_holdercomminfo.id  WHERE `idnumber` LIKE '%41%' AND `regtime` BETWEEN '1970-01-02' AND '2016-11-17'  [ RunTime:0.0009s ]
INFO: [ app_end ] --START--
INFO: Run Behavior\ShowPageTraceBehavior [ RunTime:0.000766s ]
INFO: [ app_end ] --END-- [ RunTime:0.000842s ]

[ 2016-11-17T10:09:30+08:00 ] 127.0.0.1 /home/DipExpriedSearch/search/?type=1&idnumber=41&realname=XX
INFO: [ app_init ] --START--
INFO: Run Behavior\BuildLiteBehavior [ RunTime:0.000016s ]
INFO: [ app_init ] --END-- [ RunTime:0.000338s ]
INFO: [ app_begin ] --START--
INFO: Run Behavior\ReadHtmlCacheBehavior [ RunTime:0.000376s ]
INFO: [ app_begin ] --END-- [ RunTime:0.000439s ]
NOTIC: [8] Undefined index: regtimebegin G:\PHP\SEAMEN ManageSys\manage\Home\Controller\DipExpriedSearchController.class.php 第 20 行.
NOTIC: [8] Undefined index: regtimeend G:\PHP\SEAMEN ManageSys\manage\Home\Controller\DipExpriedSearchController.class.php 第 26 行.
SQL: SHOW COLUMNS FROM `ms_seameninfo` [ RunTime:0.0756s ]
NOTIC: [8] Undefined variable: Page G:\PHP\SEAMEN ManageSys\manage\Home\Controller\DipExpriedSearchController.class.php 第 42 行.
NOTIC: [8] Trying to get property of non-object G:\PHP\SEAMEN ManageSys\manage\Home\Controller\DipExpriedSearchController.class.php 第 42 行.
NOTIC: [8] Undefined variable: Page G:\PHP\SEAMEN ManageSys\manage\Home\Controller\DipExpriedSearchController.class.php 第 42 行.
NOTIC: [8] Trying to get property of non-object G:\PHP\SEAMEN ManageSys\manage\Home\Controller\DipExpriedSearchController.class.php 第 42 行.
SQL: SELECT ms_seameninfo.id,`idnumber`,`realname`,`regtime`,`endtime` FROM `ms_seameninfo` INNER JOIN ms_holdercomminfo ON ms_seameninfo.holderid = ms_holdercomminfo.id  WHERE `idnumber` LIKE '%41%' AND `realname` LIKE '%XX%' AND `regtime` BETWEEN '1970-01-02' AND '2016-11-17'  [ RunTime:0.0005s ]
INFO: [ app_end ] --START--
INFO: Run Behavior\ShowPageTraceBehavior [ RunTime:0.000499s ]
INFO: [ app_end ] --END-- [ RunTime:0.000552s ]

[ 2016-11-17T10:37:47+08:00 ] 127.0.0.1 /home/DipExpriedSearch/search/?type=1&idnumber=41&realname=XX
INFO: [ app_init ] --START--
INFO: Run Behavior\BuildLiteBehavior [ RunTime:0.000018s ]
INFO: [ app_init ] --END-- [ RunTime:0.000438s ]
INFO: [ app_begin ] --START--
INFO: Run Behavior\ReadHtmlCacheBehavior [ RunTime:0.000528s ]
INFO: [ app_begin ] --END-- [ RunTime:0.000618s ]
NOTIC: [8] Undefined index: regtimebegin G:\PHP\SEAMEN ManageSys\manage\Home\Controller\DipExpriedSearchController.class.php 第 20 行.
NOTIC: [8] Undefined index: regtimeend G:\PHP\SEAMEN ManageSys\manage\Home\Controller\DipExpriedSearchController.class.php 第 26 行.
SQL: SHOW COLUMNS FROM `ms_seameninfo` [ RunTime:0.0110s ]
NOTIC: [8] Undefined variable: Page G:\PHP\SEAMEN ManageSys\manage\Home\Controller\DipExpriedSearchController.class.php 第 42 行.
NOTIC: [8] Trying to get property of non-object G:\PHP\SEAMEN ManageSys\manage\Home\Controller\DipExpriedSearchController.class.php 第 42 行.
NOTIC: [8] Undefined variable: Page G:\PHP\SEAMEN ManageSys\manage\Home\Controller\DipExpriedSearchController.class.php 第 42 行.
NOTIC: [8] Trying to get property of non-object G:\PHP\SEAMEN ManageSys\manage\Home\Controller\DipExpriedSearchController.class.php 第 42 行.
SQL: SELECT ms_seameninfo.id,`idnumber`,`realname`,`regtime`,`endtime` FROM `ms_seameninfo` INNER JOIN ms_holdercomminfo ON ms_seameninfo.holderid = ms_holdercomminfo.id  WHERE `idnumber` LIKE '%41%' AND `realname` LIKE '%XX%' AND `regtime` BETWEEN '1970-01-02' AND '2016-11-17'  [ RunTime:0.0007s ]
NOTIC: [8] Use of undefined constant isexp - assumed 'isexp' G:\PHP\SEAMEN ManageSys\manage\Home\Controller\DipExpriedSearchController.class.php 第 47 行.
INFO: [ app_end ] --START--
INFO: Run Behavior\ShowPageTraceBehavior [ RunTime:0.000557s ]
INFO: [ app_end ] --END-- [ RunTime:0.000613s ]

[ 2016-11-17T10:37:49+08:00 ] 127.0.0.1 /home/DipExpriedSearch/search/?type=1&idnumber=41&realname=XX
INFO: [ app_init ] --START--
INFO: Run Behavior\BuildLiteBehavior [ RunTime:0.000029s ]
INFO: [ app_init ] --END-- [ RunTime:0.000612s ]
INFO: [ app_begin ] --START--
INFO: Run Behavior\ReadHtmlCacheBehavior [ RunTime:0.000310s ]
INFO: [ app_begin ] --END-- [ RunTime:0.000372s ]
NOTIC: [8] Undefined index: regtimebegin G:\PHP\SEAMEN ManageSys\manage\Home\Controller\DipExpriedSearchController.class.php 第 20 行.
NOTIC: [8] Undefined index: regtimeend G:\PHP\SEAMEN ManageSys\manage\Home\Controller\DipExpriedSearchController.class.php 第 26 行.
SQL: SHOW COLUMNS FROM `ms_seameninfo` [ RunTime:0.0097s ]
NOTIC: [8] Undefined variable: Page G:\PHP\SEAMEN ManageSys\manage\Home\Controller\DipExpriedSearchController.class.php 第 42 行.
NOTIC: [8] Trying to get property of non-object G:\PHP\SEAMEN ManageSys\manage\Home\Controller\DipExpriedSearchController.class.php 第 42 行.
NOTIC: [8] Undefined variable: Page G:\PHP\SEAMEN ManageSys\manage\Home\Controller\DipExpriedSearchController.class.php 第 42 行.
NOTIC: [8] Trying to get property of non-object G:\PHP\SEAMEN ManageSys\manage\Home\Controller\DipExpriedSearchController.class.php 第 42 行.
SQL: SELECT ms_seameninfo.id,`idnumber`,`realname`,`regtime`,`endtime` FROM `ms_seameninfo` INNER JOIN ms_holdercomminfo ON ms_seameninfo.holderid = ms_holdercomminfo.id  WHERE `idnumber` LIKE '%41%' AND `realname` LIKE '%XX%' AND `regtime` BETWEEN '1970-01-02' AND '2016-11-17'  [ RunTime:0.0005s ]
NOTIC: [8] Use of undefined constant isexp - assumed 'isexp' G:\PHP\SEAMEN ManageSys\manage\Home\Controller\DipExpriedSearchController.class.php 第 47 行.
INFO: [ app_end ] --START--
INFO: Run Behavior\ShowPageTraceBehavior [ RunTime:0.000445s ]
INFO: [ app_end ] --END-- [ RunTime:0.000496s ]

[ 2016-11-17T10:37:50+08:00 ] 127.0.0.1 /home/DipExpriedSearch/search/?type=1&idnumber=41&realname=XX
INFO: [ app_init ] --START--
INFO: Run Behavior\BuildLiteBehavior [ RunTime:0.000016s ]
INFO: [ app_init ] --END-- [ RunTime:0.000316s ]
INFO: [ app_begin ] --START--
INFO: Run Behavior\ReadHtmlCacheBehavior [ RunTime:0.000309s ]
INFO: [ app_begin ] --END-- [ RunTime:0.000363s ]
NOTIC: [8] Undefined index: regtimebegin G:\PHP\SEAMEN ManageSys\manage\Home\Controller\DipExpriedSearchController.class.php 第 20 行.
NOTIC: [8] Undefined index: regtimeend G:\PHP\SEAMEN ManageSys\manage\Home\Controller\DipExpriedSearchController.class.php 第 26 行.
SQL: SHOW COLUMNS FROM `ms_seameninfo` [ RunTime:0.0180s ]
NOTIC: [8] Undefined variable: Page G:\PHP\SEAMEN ManageSys\manage\Home\Controller\DipExpriedSearchController.class.php 第 42 行.
NOTIC: [8] Trying to get property of non-object G:\PHP\SEAMEN ManageSys\manage\Home\Controller\DipExpriedSearchController.class.php 第 42 行.
NOTIC: [8] Undefined variable: Page G:\PHP\SEAMEN ManageSys\manage\Home\Controller\DipExpriedSearchController.class.php 第 42 行.
NOTIC: [8] Trying to get property of non-object G:\PHP\SEAMEN ManageSys\manage\Home\Controller\DipExpriedSearchController.class.php 第 42 行.
SQL: SELECT ms_seameninfo.id,`idnumber`,`realname`,`regtime`,`endtime` FROM `ms_seameninfo` INNER JOIN ms_holdercomminfo ON ms_seameninfo.holderid = ms_holdercomminfo.id  WHERE `idnumber` LIKE '%41%' AND `realname` LIKE '%XX%' AND `regtime` BETWEEN '1970-01-02' AND '2016-11-17'  [ RunTime:0.0005s ]
NOTIC: [8] Use of undefined constant isexp - assumed 'isexp' G:\PHP\SEAMEN ManageSys\manage\Home\Controller\DipExpriedSearchController.class.php 第 47 行.
INFO: [ app_end ] --START--
INFO: Run Behavior\ShowPageTraceBehavior [ RunTime:0.000450s ]
INFO: [ app_end ] --END-- [ RunTime:0.000508s ]

[ 2016-11-17T10:37:50+08:00 ] 127.0.0.1 /home/DipExpriedSearch/search/?type=1&idnumber=41&realname=XX
INFO: [ app_init ] --START--
INFO: Run Behavior\BuildLiteBehavior [ RunTime:0.000024s ]
INFO: [ app_init ] --END-- [ RunTime:0.000386s ]
INFO: [ app_begin ] --START--
INFO: Run Behavior\ReadHtmlCacheBehavior [ RunTime:0.000345s ]
INFO: [ app_begin ] --END-- [ RunTime:0.000414s ]
NOTIC: [8] Undefined index: regtimebegin G:\PHP\SEAMEN ManageSys\manage\Home\Controller\DipExpriedSearchController.class.php 第 20 行.
NOTIC: [8] Undefined index: regtimeend G:\PHP\SEAMEN ManageSys\manage\Home\Controller\DipExpriedSearchController.class.php 第 26 行.
SQL: SHOW COLUMNS FROM `ms_seameninfo` [ RunTime:0.0051s ]
NOTIC: [8] Undefined variable: Page G:\PHP\SEAMEN ManageSys\manage\Home\Controller\DipExpriedSearchController.class.php 第 42 行.
NOTIC: [8] Trying to get property of non-object G:\PHP\SEAMEN ManageSys\manage\Home\Controller\DipExpriedSearchController.class.php 第 42 行.
NOTIC: [8] Undefined variable: Page G:\PHP\SEAMEN ManageSys\manage\Home\Controller\DipExpriedSearchController.class.php 第 42 行.
NOTIC: [8] Trying to get property of non-object G:\PHP\SEAMEN ManageSys\manage\Home\Controller\DipExpriedSearchController.class.php 第 42 行.
SQL: SELECT ms_seameninfo.id,`idnumber`,`realname`,`regtime`,`endtime` FROM `ms_seameninfo` INNER JOIN ms_holdercomminfo ON ms_seameninfo.holderid = ms_holdercomminfo.id  WHERE `idnumber` LIKE '%41%' AND `realname` LIKE '%XX%' AND `regtime` BETWEEN '1970-01-02' AND '2016-11-17'  [ RunTime:0.0005s ]
NOTIC: [8] Use of undefined constant isexp - assumed 'isexp' G:\PHP\SEAMEN ManageSys\manage\Home\Controller\DipExpriedSearchController.class.php 第 47 行.
INFO: [ app_end ] --START--
INFO: Run Behavior\ShowPageTraceBehavior [ RunTime:0.000439s ]
INFO: [ app_end ] --END-- [ RunTime:0.000491s ]

[ 2016-11-17T10:37:51+08:00 ] 127.0.0.1 /home/DipExpriedSearch/search/?type=1&idnumber=41&realname=XX
INFO: [ app_init ] --START--
INFO: Run Behavior\BuildLiteBehavior [ RunTime:0.000017s ]
INFO: [ app_init ] --END-- [ RunTime:0.000345s ]
INFO: [ app_begin ] --START--
INFO: Run Behavior\ReadHtmlCacheBehavior [ RunTime:0.000306s ]
INFO: [ app_begin ] --END-- [ RunTime:0.000362s ]
NOTIC: [8] Undefined index: regtimebegin G:\PHP\SEAMEN ManageSys\manage\Home\Controller\DipExpriedSearchController.class.php 第 20 行.
NOTIC: [8] Undefined index: regtimeend G:\PHP\SEAMEN ManageSys\manage\Home\Controller\DipExpriedSearchController.class.php 第 26 行.
SQL: SHOW COLUMNS FROM `ms_seameninfo` [ RunTime:0.0703s ]
NOTIC: [8] Undefined variable: Page G:\PHP\SEAMEN ManageSys\manage\Home\Controller\DipExpriedSearchController.class.php 第 42 行.
NOTIC: [8] Trying to get property of non-object G:\PHP\SEAMEN ManageSys\manage\Home\Controller\DipExpriedSearchController.class.php 第 42 行.
NOTIC: [8] Undefined variable: Page G:\PHP\SEAMEN ManageSys\manage\Home\Controller\DipExpriedSearchController.class.php 第 42 行.
NOTIC: [8] Trying to get property of non-object G:\PHP\SEAMEN ManageSys\manage\Home\Controller\DipExpriedSearchController.class.php 第 42 行.
SQL: SELECT ms_seameninfo.id,`idnumber`,`realname`,`regtime`,`endtime` FROM `ms_seameninfo` INNER JOIN ms_holdercomminfo ON ms_seameninfo.holderid = ms_holdercomminfo.id  WHERE `idnumber` LIKE '%41%' AND `realname` LIKE '%XX%' AND `regtime` BETWEEN '1970-01-02' AND '2016-11-17'  [ RunTime:0.0005s ]
NOTIC: [8] Use of undefined constant isexp - assumed 'isexp' G:\PHP\SEAMEN ManageSys\manage\Home\Controller\DipExpriedSearchController.class.php 第 47 行.
INFO: [ app_end ] --START--
INFO: Run Behavior\ShowPageTraceBehavior [ RunTime:0.000444s ]
INFO: [ app_end ] --END-- [ RunTime:0.000497s ]

[ 2016-11-17T10:37:52+08:00 ] 127.0.0.1 /home/DipExpriedSearch/search/?type=1&idnumber=41&realname=XX
INFO: [ app_init ] --START--
INFO: Run Behavior\BuildLiteBehavior [ RunTime:0.000016s ]
INFO: [ app_init ] --END-- [ RunTime:0.000342s ]
INFO: [ app_begin ] --START--
INFO: Run Behavior\ReadHtmlCacheBehavior [ RunTime:0.000327s ]
INFO: [ app_begin ] --END-- [ RunTime:0.000383s ]
NOTIC: [8] Undefined index: regtimebegin G:\PHP\SEAMEN ManageSys\manage\Home\Controller\DipExpriedSearchController.class.php 第 20 行.
NOTIC: [8] Undefined index: regtimeend G:\PHP\SEAMEN ManageSys\manage\Home\Controller\DipExpriedSearchController.class.php 第 26 行.
SQL: SHOW COLUMNS FROM `ms_seameninfo` [ RunTime:0.0097s ]
NOTIC: [8] Undefined variable: Page G:\PHP\SEAMEN ManageSys\manage\Home\Controller\DipExpriedSearchController.class.php 第 42 行.
NOTIC: [8] Trying to get property of non-object G:\PHP\SEAMEN ManageSys\manage\Home\Controller\DipExpriedSearchController.class.php 第 42 行.
NOTIC: [8] Undefined variable: Page G:\PHP\SEAMEN ManageSys\manage\Home\Controller\DipExpriedSearchController.class.php 第 42 行.
NOTIC: [8] Trying to get property of non-object G:\PHP\SEAMEN ManageSys\manage\Home\Controller\DipExpriedSearchController.class.php 第 42 行.
SQL: SELECT ms_seameninfo.id,`idnumber`,`realname`,`regtime`,`endtime` FROM `ms_seameninfo` INNER JOIN ms_holdercomminfo ON ms_seameninfo.holderid = ms_holdercomminfo.id  WHERE `idnumber` LIKE '%41%' AND `realname` LIKE '%XX%' AND `regtime` BETWEEN '1970-01-02' AND '2016-11-17'  [ RunTime:0.0005s ]
NOTIC: [8] Use of undefined constant isexp - assumed 'isexp' G:\PHP\SEAMEN ManageSys\manage\Home\Controller\DipExpriedSearchController.class.php 第 47 行.
INFO: [ app_end ] --START--
INFO: Run Behavior\ShowPageTraceBehavior [ RunTime:0.000451s ]
INFO: [ app_end ] --END-- [ RunTime:0.000502s ]

[ 2016-11-17T10:38:13+08:00 ] 127.0.0.1 /home/DipExpriedSearch/search/?type=1&idnumber=41&realname=XX
INFO: [ app_init ] --START--
INFO: Run Behavior\BuildLiteBehavior [ RunTime:0.000017s ]
INFO: [ app_init ] --END-- [ RunTime:0.000351s ]
INFO: [ app_begin ] --START--
INFO: Run Behavior\ReadHtmlCacheBehavior [ RunTime:0.000334s ]
INFO: [ app_begin ] --END-- [ RunTime:0.000389s ]
NOTIC: [8] Undefined index: regtimebegin G:\PHP\SEAMEN ManageSys\manage\Home\Controller\DipExpriedSearchController.class.php 第 20 行.
NOTIC: [8] Undefined index: regtimeend G:\PHP\SEAMEN ManageSys\manage\Home\Controller\DipExpriedSearchController.class.php 第 26 行.
SQL: SHOW COLUMNS FROM `ms_seameninfo` [ RunTime:0.0109s ]
NOTIC: [8] Undefined variable: Page G:\PHP\SEAMEN ManageSys\manage\Home\Controller\DipExpriedSearchController.class.php 第 42 行.
NOTIC: [8] Trying to get property of non-object G:\PHP\SEAMEN ManageSys\manage\Home\Controller\DipExpriedSearchController.class.php 第 42 行.
NOTIC: [8] Undefined variable: Page G:\PHP\SEAMEN ManageSys\manage\Home\Controller\DipExpriedSearchController.class.php 第 42 行.
NOTIC: [8] Trying to get property of non-object G:\PHP\SEAMEN ManageSys\manage\Home\Controller\DipExpriedSearchController.class.php 第 42 行.
SQL: SELECT ms_seameninfo.id,`idnumber`,`realname`,`regtime`,`endtime` FROM `ms_seameninfo` INNER JOIN ms_holdercomminfo ON ms_seameninfo.holderid = ms_holdercomminfo.id  WHERE `idnumber` LIKE '%41%' AND `realname` LIKE '%XX%' AND `regtime` BETWEEN '1970-01-02' AND '2016-11-17'  [ RunTime:0.0006s ]
NOTIC: [8] Use of undefined constant isexp - assumed 'isexp' G:\PHP\SEAMEN ManageSys\manage\Home\Controller\DipExpriedSearchController.class.php 第 47 行.
INFO: [ app_end ] --START--
INFO: Run Behavior\ShowPageTraceBehavior [ RunTime:0.000485s ]
INFO: [ app_end ] --END-- [ RunTime:0.000544s ]

[ 2016-11-17T10:38:57+08:00 ] 127.0.0.1 /home/DipExpriedSearch/search/?type=1&idnumber=41&realname=XX
INFO: [ app_init ] --START--
INFO: Run Behavior\BuildLiteBehavior [ RunTime:0.000019s ]
INFO: [ app_init ] --END-- [ RunTime:0.000376s ]
INFO: [ app_begin ] --START--
INFO: Run Behavior\ReadHtmlCacheBehavior [ RunTime:0.000398s ]
INFO: [ app_begin ] --END-- [ RunTime:0.000480s ]
NOTIC: [8] Undefined index: regtimebegin G:\PHP\SEAMEN ManageSys\manage\Home\Controller\DipExpriedSearchController.class.php 第 20 行.
NOTIC: [8] Undefined index: regtimeend G:\PHP\SEAMEN ManageSys\manage\Home\Controller\DipExpriedSearchController.class.php 第 26 行.
SQL: SHOW COLUMNS FROM `ms_seameninfo` [ RunTime:0.0109s ]
NOTIC: [8] Undefined variable: Page G:\PHP\SEAMEN ManageSys\manage\Home\Controller\DipExpriedSearchController.class.php 第 42 行.
NOTIC: [8] Trying to get property of non-object G:\PHP\SEAMEN ManageSys\manage\Home\Controller\DipExpriedSearchController.class.php 第 42 行.
NOTIC: [8] Undefined variable: Page G:\PHP\SEAMEN ManageSys\manage\Home\Controller\DipExpriedSearchController.class.php 第 42 行.
NOTIC: [8] Trying to get property of non-object G:\PHP\SEAMEN ManageSys\manage\Home\Controller\DipExpriedSearchController.class.php 第 42 行.
SQL: SELECT ms_seameninfo.id,`idnumber`,`realname`,`regtime`,`endtime` FROM `ms_seameninfo` INNER JOIN ms_holdercomminfo ON ms_seameninfo.holderid = ms_holdercomminfo.id  WHERE `idnumber` LIKE '%41%' AND `realname` LIKE '%XX%' AND `regtime` BETWEEN '1970-01-02' AND '2016-11-17'  [ RunTime:0.0005s ]
NOTIC: [8] Use of undefined constant isexp - assumed 'isexp' G:\PHP\SEAMEN ManageSys\manage\Home\Controller\DipExpriedSearchController.class.php 第 47 行.
INFO: [ app_end ] --START--
INFO: Run Behavior\ShowPageTraceBehavior [ RunTime:0.000453s ]
INFO: [ app_end ] --END-- [ RunTime:0.000510s ]

[ 2016-11-17T10:43:01+08:00 ] 127.0.0.1 /home/DipExpriedSearch/search/?type=1&idnumber=41&realname=XX
INFO: [ app_init ] --START--
INFO: Run Behavior\BuildLiteBehavior [ RunTime:0.000018s ]
INFO: [ app_init ] --END-- [ RunTime:0.000397s ]
INFO: [ app_begin ] --START--
INFO: Run Behavior\ReadHtmlCacheBehavior [ RunTime:0.000417s ]
INFO: [ app_begin ] --END-- [ RunTime:0.000480s ]
NOTIC: [8] Undefined index: regtimebegin G:\PHP\SEAMEN ManageSys\manage\Home\Controller\DipExpriedSearchController.class.php 第 20 行.
NOTIC: [8] Undefined index: regtimeend G:\PHP\SEAMEN ManageSys\manage\Home\Controller\DipExpriedSearchController.class.php 第 26 行.
SQL: SHOW COLUMNS FROM `ms_seameninfo` [ RunTime:0.0103s ]
NOTIC: [8] Undefined variable: Page G:\PHP\SEAMEN ManageSys\manage\Home\Controller\DipExpriedSearchController.class.php 第 42 行.
NOTIC: [8] Trying to get property of non-object G:\PHP\SEAMEN ManageSys\manage\Home\Controller\DipExpriedSearchController.class.php 第 42 行.
NOTIC: [8] Undefined variable: Page G:\PHP\SEAMEN ManageSys\manage\Home\Controller\DipExpriedSearchController.class.php 第 42 行.
NOTIC: [8] Trying to get property of non-object G:\PHP\SEAMEN ManageSys\manage\Home\Controller\DipExpriedSearchController.class.php 第 42 行.
SQL: SELECT ms_seameninfo.id,`idnumber`,`realname`,`regtime`,`endtime` FROM `ms_seameninfo` INNER JOIN ms_holdercomminfo ON ms_seameninfo.holderid = ms_holdercomminfo.id  WHERE `idnumber` LIKE '%41%' AND `realname` LIKE '%XX%' AND `regtime` BETWEEN '1970-01-02' AND '2016-11-17'  [ RunTime:0.0005s ]
NOTIC: [8] Use of undefined constant isexp - assumed 'isexp' G:\PHP\SEAMEN ManageSys\manage\Home\Controller\DipExpriedSearchController.class.php 第 47 行.
INFO: [ app_end ] --START--
INFO: Run Behavior\ShowPageTraceBehavior [ RunTime:0.000528s ]
INFO: [ app_end ] --END-- [ RunTime:0.000589s ]

[ 2016-11-17T10:43:41+08:00 ] 127.0.0.1 /home/DipExpriedSearch/search/?type=1&idnumber=41&realname=XX
INFO: [ app_init ] --START--
INFO: Run Behavior\BuildLiteBehavior [ RunTime:0.000019s ]
INFO: [ app_init ] --END-- [ RunTime:0.000442s ]
INFO: [ app_begin ] --START--
INFO: Run Behavior\ReadHtmlCacheBehavior [ RunTime:0.000312s ]
INFO: [ app_begin ] --END-- [ RunTime:0.000372s ]
NOTIC: [8] Undefined index: regtimebegin G:\PHP\SEAMEN ManageSys\manage\Home\Controller\DipExpriedSearchController.class.php 第 20 行.
NOTIC: [8] Undefined index: regtimeend G:\PHP\SEAMEN ManageSys\manage\Home\Controller\DipExpriedSearchController.class.php 第 26 行.
SQL: SHOW COLUMNS FROM `ms_seameninfo` [ RunTime:0.0115s ]
NOTIC: [8] Undefined variable: Page G:\PHP\SEAMEN ManageSys\manage\Home\Controller\DipExpriedSearchController.class.php 第 42 行.
NOTIC: [8] Trying to get property of non-object G:\PHP\SEAMEN ManageSys\manage\Home\Controller\DipExpriedSearchController.class.php 第 42 行.
NOTIC: [8] Undefined variable: Page G:\PHP\SEAMEN ManageSys\manage\Home\Controller\DipExpriedSearchController.class.php 第 42 行.
NOTIC: [8] Trying to get property of non-object G:\PHP\SEAMEN ManageSys\manage\Home\Controller\DipExpriedSearchController.class.php 第 42 行.
SQL: SELECT ms_seameninfo.id,`idnumber`,`realname`,`regtime`,`endtime` FROM `ms_seameninfo` INNER JOIN ms_holdercomminfo ON ms_seameninfo.holderid = ms_holdercomminfo.id  WHERE `idnumber` LIKE '%41%' AND `realname` LIKE '%XX%' AND `regtime` BETWEEN '1970-01-02' AND '2016-11-17'  [ RunTime:0.0005s ]
NOTIC: [8] Use of undefined constant isexp - assumed 'isexp' G:\PHP\SEAMEN ManageSys\manage\Home\Controller\DipExpriedSearchController.class.php 第 47 行.
INFO: [ app_end ] --START--
INFO: Run Behavior\ShowPageTraceBehavior [ RunTime:0.000457s ]
INFO: [ app_end ] --END-- [ RunTime:0.000546s ]

[ 2016-11-17T10:45:13+08:00 ] 127.0.0.1 /home/DipExpriedSearch/search/?type=1&idnumber=41&realname=XX
INFO: [ app_init ] --START--
INFO: Run Behavior\BuildLiteBehavior [ RunTime:0.000027s ]
INFO: [ app_init ] --END-- [ RunTime:0.000558s ]
INFO: [ app_begin ] --START--
INFO: Run Behavior\ReadHtmlCacheBehavior [ RunTime:0.000372s ]
INFO: [ app_begin ] --END-- [ RunTime:0.000434s ]
NOTIC: [8] Undefined index: regtimebegin G:\PHP\SEAMEN ManageSys\manage\Home\Controller\DipExpriedSearchController.class.php 第 20 行.
NOTIC: [8] Undefined index: regtimeend G:\PHP\SEAMEN ManageSys\manage\Home\Controller\DipExpriedSearchController.class.php 第 26 行.
SQL: SHOW COLUMNS FROM `ms_seameninfo` [ RunTime:0.0110s ]
NOTIC: [8] Undefined variable: Page G:\PHP\SEAMEN ManageSys\manage\Home\Controller\DipExpriedSearchController.class.php 第 42 行.
NOTIC: [8] Trying to get property of non-object G:\PHP\SEAMEN ManageSys\manage\Home\Controller\DipExpriedSearchController.class.php 第 42 行.
NOTIC: [8] Undefined variable: Page G:\PHP\SEAMEN ManageSys\manage\Home\Controller\DipExpriedSearchController.class.php 第 42 行.
NOTIC: [8] Trying to get property of non-object G:\PHP\SEAMEN ManageSys\manage\Home\Controller\DipExpriedSearchController.class.php 第 42 行.
SQL: SELECT ms_seameninfo.id,`idnumber`,`realname`,`regtime`,`endtime` FROM `ms_seameninfo` INNER JOIN ms_holdercomminfo ON ms_seameninfo.holderid = ms_holdercomminfo.id  WHERE `idnumber` LIKE '%41%' AND `realname` LIKE '%XX%' AND `regtime` BETWEEN '1970-01-02' AND '2016-11-17'  [ RunTime:0.0005s ]
NOTIC: [8] Use of undefined constant isexp - assumed 'isexp' G:\PHP\SEAMEN ManageSys\manage\Home\Controller\DipExpriedSearchController.class.php 第 47 行.
NOTIC: [8] Use of undefined constant isexp - assumed 'isexp' G:\PHP\SEAMEN ManageSys\manage\Home\Controller\DipExpriedSearchController.class.php 第 49 行.
INFO: [ app_end ] --START--
INFO: Run Behavior\ShowPageTraceBehavior [ RunTime:0.000537s ]
INFO: [ app_end ] --END-- [ RunTime:0.000591s ]

[ 2016-11-17T11:52:07+08:00 ] 127.0.0.1 /home/DipExpriedSearch/search/?type=1&idnumber=41&realname=XX
INFO: [ app_init ] --START--
INFO: Run Behavior\BuildLiteBehavior [ RunTime:0.000025s ]
INFO: [ app_init ] --END-- [ RunTime:0.000767s ]
INFO: [ app_begin ] --START--
INFO: Run Behavior\ReadHtmlCacheBehavior [ RunTime:0.000842s ]
INFO: [ app_begin ] --END-- [ RunTime:0.000992s ]
ERR: 1146:Table 'ms.ms_expeiredtime' doesn't exist
 [ SQL语句 ] : SHOW COLUMNS FROM `ms_expeiredtime`
ERR: 1146:Table 'ms.ms_expeiredtime' doesn't exist
 [ SQL语句 ] : SHOW COLUMNS FROM `ms_expeiredtime`

[ 2016-11-17T11:52:38+08:00 ] 127.0.0.1 /home/DipExpriedSearch/search/?type=1&idnumber=41&realname=XX
INFO: [ app_init ] --START--
INFO: Run Behavior\BuildLiteBehavior [ RunTime:0.000033s ]
INFO: [ app_init ] --END-- [ RunTime:0.000593s ]
INFO: [ app_begin ] --START--
INFO: Run Behavior\ReadHtmlCacheBehavior [ RunTime:0.000445s ]
INFO: [ app_begin ] --END-- [ RunTime:0.000543s ]
SQL: SHOW COLUMNS FROM `ms_expiredtime` [ RunTime:0.0213s ]
SQL: SELECT * FROM `ms_expiredtime`  [ RunTime:0.0006s ]
NOTIC: [8] Undefined offset: 100 G:\PHP\SEAMEN ManageSys\manage\Home\Controller\DipExpriedSearchController.class.php 第 17 行.
NOTIC: [8] Undefined index: regtimebegin G:\PHP\SEAMEN ManageSys\manage\Home\Controller\DipExpriedSearchController.class.php 第 30 行.
NOTIC: [8] Undefined index: regtimeend G:\PHP\SEAMEN ManageSys\manage\Home\Controller\DipExpriedSearchController.class.php 第 36 行.
SQL: SHOW COLUMNS FROM `ms_seameninfo` [ RunTime:0.0272s ]
NOTIC: [8] Undefined variable: Page G:\PHP\SEAMEN ManageSys\manage\Home\Controller\DipExpriedSearchController.class.php 第 52 行.
NOTIC: [8] Trying to get property of non-object G:\PHP\SEAMEN ManageSys\manage\Home\Controller\DipExpriedSearchController.class.php 第 52 行.
NOTIC: [8] Undefined variable: Page G:\PHP\SEAMEN ManageSys\manage\Home\Controller\DipExpriedSearchController.class.php 第 52 行.
NOTIC: [8] Trying to get property of non-object G:\PHP\SEAMEN ManageSys\manage\Home\Controller\DipExpriedSearchController.class.php 第 52 行.
SQL: SELECT ms_seameninfo.id,`idnumber`,`realname`,`regtime`,`endtime` FROM `ms_seameninfo` INNER JOIN ms_holdercomminfo ON ms_seameninfo.holderid = ms_holdercomminfo.id  WHERE `idnumber` LIKE '%41%' AND `realname` LIKE '%XX%' AND `regtime` BETWEEN '1970-01-02' AND '2016-11-17'  [ RunTime:0.0012s ]
NOTIC: [8] Use of undefined constant isexp - assumed 'isexp' G:\PHP\SEAMEN ManageSys\manage\Home\Controller\DipExpriedSearchController.class.php 第 57 行.
NOTIC: [8] Use of undefined constant isexp - assumed 'isexp' G:\PHP\SEAMEN ManageSys\manage\Home\Controller\DipExpriedSearchController.class.php 第 59 行.
INFO: [ app_end ] --START--
INFO: Run Behavior\ShowPageTraceBehavior [ RunTime:0.000611s ]
INFO: [ app_end ] --END-- [ RunTime:0.000708s ]

[ 2016-11-17T11:52:46+08:00 ] 127.0.0.1 /home/DipExpriedSearch/search/?type=2&idnumber=41&realname=XX
INFO: [ app_init ] --START--
INFO: Run Behavior\BuildLiteBehavior [ RunTime:0.000028s ]
INFO: [ app_init ] --END-- [ RunTime:0.000579s ]
INFO: [ app_begin ] --START--
INFO: Run Behavior\ReadHtmlCacheBehavior [ RunTime:0.000443s ]
INFO: [ app_begin ] --END-- [ RunTime:0.000520s ]
SQL: SHOW COLUMNS FROM `ms_expiredtime` [ RunTime:0.1802s ]
SQL: SELECT * FROM `ms_expiredtime`  [ RunTime:0.0003s ]
NOTIC: [8] Undefined offset: 100 G:\PHP\SEAMEN ManageSys\manage\Home\Controller\DipExpriedSearchController.class.php 第 17 行.
NOTIC: [8] Undefined index: regtimebegin G:\PHP\SEAMEN ManageSys\manage\Home\Controller\DipExpriedSearchController.class.php 第 30 行.
NOTIC: [8] Undefined index: regtimeend G:\PHP\SEAMEN ManageSys\manage\Home\Controller\DipExpriedSearchController.class.php 第 36 行.
INFO: [ app_end ] --START--
INFO: Run Behavior\ShowPageTraceBehavior [ RunTime:0.000421s ]
INFO: [ app_end ] --END-- [ RunTime:0.000471s ]

[ 2016-11-17T11:53:28+08:00 ] 127.0.0.1 /home/DipExpriedSearch/search/?type=2&idnumber=41&realname=XX
INFO: [ app_init ] --START--
INFO: Run Behavior\BuildLiteBehavior [ RunTime:0.000026s ]
INFO: [ app_init ] --END-- [ RunTime:0.000523s ]
INFO: [ app_begin ] --START--
INFO: Run Behavior\ReadHtmlCacheBehavior [ RunTime:0.000499s ]
INFO: [ app_begin ] --END-- [ RunTime:0.000604s ]
SQL: SHOW COLUMNS FROM `ms_expiredtime` [ RunTime:0.0159s ]
SQL: SELECT * FROM `ms_expiredtime`  [ RunTime:0.0003s ]
NOTIC: [8] Undefined offset: 100 G:\PHP\SEAMEN ManageSys\manage\Home\Controller\DipExpriedSearchController.class.php 第 17 行.
NOTIC: [8] Undefined index: regtimebegin G:\PHP\SEAMEN ManageSys\manage\Home\Controller\DipExpriedSearchController.class.php 第 30 行.
NOTIC: [8] Undefined index: regtimeend G:\PHP\SEAMEN ManageSys\manage\Home\Controller\DipExpriedSearchController.class.php 第 36 行.
INFO: [ app_end ] --START--
INFO: Run Behavior\ShowPageTraceBehavior [ RunTime:0.000680s ]
INFO: [ app_end ] --END-- [ RunTime:0.000924s ]

[ 2016-11-17T11:54:26+08:00 ] 127.0.0.1 /home/DipExpriedSearch/search/?type=2&idnumber=41&realname=XX
INFO: [ app_init ] --START--
INFO: Run Behavior\BuildLiteBehavior [ RunTime:0.000020s ]
INFO: [ app_init ] --END-- [ RunTime:0.000499s ]
INFO: [ app_begin ] --START--
INFO: Run Behavior\ReadHtmlCacheBehavior [ RunTime:0.000452s ]
INFO: [ app_begin ] --END-- [ RunTime:0.000541s ]
SQL: SHOW COLUMNS FROM `ms_expiredtime` [ RunTime:0.0125s ]
SQL: SELECT * FROM `ms_expiredtime`  [ RunTime:0.0005s ]
NOTIC: [8] Undefined offset: 100 G:\PHP\SEAMEN ManageSys\manage\Home\Controller\DipExpriedSearchController.class.php 第 17 行.
NOTIC: [8] Undefined offset: 100 G:\PHP\SEAMEN ManageSys\manage\Home\Controller\DipExpriedSearchController.class.php 第 23 行.
NOTIC: [8] Undefined index: regtimebegin G:\PHP\SEAMEN ManageSys\manage\Home\Controller\DipExpriedSearchController.class.php 第 30 行.
NOTIC: [8] Undefined index: regtimeend G:\PHP\SEAMEN ManageSys\manage\Home\Controller\DipExpriedSearchController.class.php 第 36 行.
INFO: [ app_end ] --START--
INFO: Run Behavior\ShowPageTraceBehavior [ RunTime:0.000529s ]
INFO: [ app_end ] --END-- [ RunTime:0.000641s ]

[ 2016-11-17T11:54:35+08:00 ] 127.0.0.1 /home/DipExpriedSearch/search/?type=2&idnumber=41&realname=XX
INFO: [ app_init ] --START--
INFO: Run Behavior\BuildLiteBehavior [ RunTime:0.000029s ]
INFO: [ app_init ] --END-- [ RunTime:0.000592s ]
INFO: [ app_begin ] --START--
INFO: Run Behavior\ReadHtmlCacheBehavior [ RunTime:0.000562s ]
INFO: [ app_begin ] --END-- [ RunTime:0.000675s ]
SQL: SHOW COLUMNS FROM `ms_expiredtime` [ RunTime:0.0131s ]
SQL: SELECT * FROM `ms_expiredtime`  [ RunTime:0.0003s ]
NOTIC: [8] Undefined offset: 100 G:\PHP\SEAMEN ManageSys\manage\Home\Controller\DipExpriedSearchController.class.php 第 17 行.
NOTIC: [8] Undefined offset: 100 G:\PHP\SEAMEN ManageSys\manage\Home\Controller\DipExpriedSearchController.class.php 第 23 行.
NOTIC: [8] Undefined index: regtimebegin G:\PHP\SEAMEN ManageSys\manage\Home\Controller\DipExpriedSearchController.class.php 第 30 行.
NOTIC: [8] Undefined index: regtimeend G:\PHP\SEAMEN ManageSys\manage\Home\Controller\DipExpriedSearchController.class.php 第 36 行.
INFO: [ app_end ] --START--
INFO: Run Behavior\ShowPageTraceBehavior [ RunTime:0.000422s ]
INFO: [ app_end ] --END-- [ RunTime:0.000472s ]

[ 2016-11-17T11:54:36+08:00 ] 127.0.0.1 /home/DipExpriedSearch/search/?type=2&idnumber=41&realname=XX
INFO: [ app_init ] --START--
INFO: Run Behavior\BuildLiteBehavior [ RunTime:0.000025s ]
INFO: [ app_init ] --END-- [ RunTime:0.000474s ]
INFO: [ app_begin ] --START--
INFO: Run Behavior\ReadHtmlCacheBehavior [ RunTime:0.000472s ]
INFO: [ app_begin ] --END-- [ RunTime:0.000577s ]
SQL: SHOW COLUMNS FROM `ms_expiredtime` [ RunTime:0.0171s ]
SQL: SELECT * FROM `ms_expiredtime`  [ RunTime:0.0004s ]
NOTIC: [8] Undefined offset: 100 G:\PHP\SEAMEN ManageSys\manage\Home\Controller\DipExpriedSearchController.class.php 第 17 行.
NOTIC: [8] Undefined offset: 100 G:\PHP\SEAMEN ManageSys\manage\Home\Controller\DipExpriedSearchController.class.php 第 23 行.
NOTIC: [8] Undefined index: regtimebegin G:\PHP\SEAMEN ManageSys\manage\Home\Controller\DipExpriedSearchController.class.php 第 30 行.
NOTIC: [8] Undefined index: regtimeend G:\PHP\SEAMEN ManageSys\manage\Home\Controller\DipExpriedSearchController.class.php 第 36 行.
INFO: [ app_end ] --START--
INFO: Run Behavior\ShowPageTraceBehavior [ RunTime:0.000344s ]
INFO: [ app_end ] --END-- [ RunTime:0.000401s ]

[ 2016-11-17T12:32:39+08:00 ] 127.0.0.1 /home/DipExpriedSearch/search/?type=2&idnumber=41&realname=XX
INFO: [ app_init ] --START--
INFO: Run Behavior\BuildLiteBehavior [ RunTime:0.000021s ]
INFO: [ app_init ] --END-- [ RunTime:0.014093s ]
INFO: [ app_begin ] --START--
INFO: Run Behavior\ReadHtmlCacheBehavior [ RunTime:0.016059s ]
INFO: [ app_begin ] --END-- [ RunTime:0.016192s ]
SQL: SHOW COLUMNS FROM `ms_expiredtime` [ RunTime:0.0177s ]
SQL: SELECT * FROM `ms_expiredtime`  [ RunTime:0.0005s ]
NOTIC: [8] Undefined offset: 100 G:\PHP\SEAMEN ManageSys\manage\Home\Controller\DipExpriedSearchController.class.php 第 17 行.
NOTIC: [8] Undefined offset: 100 G:\PHP\SEAMEN ManageSys\manage\Home\Controller\DipExpriedSearchController.class.php 第 26 行.
NOTIC: [8] Undefined index: regtimebegin G:\PHP\SEAMEN ManageSys\manage\Home\Controller\DipExpriedSearchController.class.php 第 33 行.
NOTIC: [8] Undefined index: regtimeend G:\PHP\SEAMEN ManageSys\manage\Home\Controller\DipExpriedSearchController.class.php 第 39 行.
INFO: [ app_end ] --START--
INFO: Run Behavior\ShowPageTraceBehavior [ RunTime:0.035323s ]
INFO: [ app_end ] --END-- [ RunTime:0.035397s ]

[ 2016-11-17T12:33:10+08:00 ] 127.0.0.1 /home/DipExpriedSearch/search/?type=2&idnumber=41&realname=XX
INFO: [ app_init ] --START--
INFO: Run Behavior\BuildLiteBehavior [ RunTime:0.000016s ]
INFO: [ app_init ] --END-- [ RunTime:0.000356s ]
INFO: [ app_begin ] --START--
INFO: Run Behavior\ReadHtmlCacheBehavior [ RunTime:0.000502s ]
INFO: [ app_begin ] --END-- [ RunTime:0.000582s ]
SQL: SHOW COLUMNS FROM `ms_expiredtime` [ RunTime:0.0118s ]
SQL: SELECT * FROM `ms_expiredtime`  [ RunTime:0.0004s ]
NOTIC: [8] Undefined offset: 100 G:\PHP\SEAMEN ManageSys\manage\Home\Controller\DipExpriedSearchController.class.php 第 17 行.
NOTIC: [8] Undefined offset: 100 G:\PHP\SEAMEN ManageSys\manage\Home\Controller\DipExpriedSearchController.class.php 第 26 行.
NOTIC: [8] Undefined index: regtimebegin G:\PHP\SEAMEN ManageSys\manage\Home\Controller\DipExpriedSearchController.class.php 第 33 行.
NOTIC: [8] Undefined index: regtimeend G:\PHP\SEAMEN ManageSys\manage\Home\Controller\DipExpriedSearchController.class.php 第 39 行.
INFO: [ app_end ] --START--
INFO: Run Behavior\ShowPageTraceBehavior [ RunTime:0.000484s ]
INFO: [ app_end ] --END-- [ RunTime:0.000535s ]

[ 2016-11-17T12:33:10+08:00 ] 127.0.0.1 /home/DipExpriedSearch/search/?type=2&idnumber=41&realname=XX
INFO: [ app_init ] --START--
INFO: Run Behavior\BuildLiteBehavior [ RunTime:0.000033s ]
INFO: [ app_init ] --END-- [ RunTime:0.000564s ]
INFO: [ app_begin ] --START--
INFO: Run Behavior\ReadHtmlCacheBehavior [ RunTime:0.000461s ]
INFO: [ app_begin ] --END-- [ RunTime:0.000566s ]
SQL: SHOW COLUMNS FROM `ms_expiredtime` [ RunTime:0.0051s ]
SQL: SELECT * FROM `ms_expiredtime`  [ RunTime:0.0003s ]
NOTIC: [8] Undefined offset: 100 G:\PHP\SEAMEN ManageSys\manage\Home\Controller\DipExpriedSearchController.class.php 第 17 行.
NOTIC: [8] Undefined offset: 100 G:\PHP\SEAMEN ManageSys\manage\Home\Controller\DipExpriedSearchController.class.php 第 26 行.
NOTIC: [8] Undefined index: regtimebegin G:\PHP\SEAMEN ManageSys\manage\Home\Controller\DipExpriedSearchController.class.php 第 33 行.
NOTIC: [8] Undefined index: regtimeend G:\PHP\SEAMEN ManageSys\manage\Home\Controller\DipExpriedSearchController.class.php 第 39 行.
INFO: [ app_end ] --START--
INFO: Run Behavior\ShowPageTraceBehavior [ RunTime:0.000469s ]
INFO: [ app_end ] --END-- [ RunTime:0.000526s ]

[ 2016-11-17T12:33:11+08:00 ] 127.0.0.1 /home/DipExpriedSearch/search/?type=2&idnumber=41&realname=XX
INFO: [ app_init ] --START--
INFO: Run Behavior\BuildLiteBehavior [ RunTime:0.000028s ]
INFO: [ app_init ] --END-- [ RunTime:0.000494s ]
INFO: [ app_begin ] --START--
INFO: Run Behavior\ReadHtmlCacheBehavior [ RunTime:0.000334s ]
INFO: [ app_begin ] --END-- [ RunTime:0.000406s ]
SQL: SHOW COLUMNS FROM `ms_expiredtime` [ RunTime:0.0116s ]
SQL: SELECT * FROM `ms_expiredtime`  [ RunTime:0.0003s ]
NOTIC: [8] Undefined offset: 100 G:\PHP\SEAMEN ManageSys\manage\Home\Controller\DipExpriedSearchController.class.php 第 17 行.
NOTIC: [8] Undefined offset: 100 G:\PHP\SEAMEN ManageSys\manage\Home\Controller\DipExpriedSearchController.class.php 第 26 行.
NOTIC: [8] Undefined index: regtimebegin G:\PHP\SEAMEN ManageSys\manage\Home\Controller\DipExpriedSearchController.class.php 第 33 行.
NOTIC: [8] Undefined index: regtimeend G:\PHP\SEAMEN ManageSys\manage\Home\Controller\DipExpriedSearchController.class.php 第 39 行.
INFO: [ app_end ] --START--
INFO: Run Behavior\ShowPageTraceBehavior [ RunTime:0.000591s ]
INFO: [ app_end ] --END-- [ RunTime:0.000673s ]

[ 2016-11-17T12:33:11+08:00 ] 127.0.0.1 /home/DipExpriedSearch/search/?type=2&idnumber=41&realname=XX
INFO: [ app_init ] --START--
INFO: Run Behavior\BuildLiteBehavior [ RunTime:0.000027s ]
INFO: [ app_init ] --END-- [ RunTime:0.000476s ]
INFO: [ app_begin ] --START--
INFO: Run Behavior\ReadHtmlCacheBehavior [ RunTime:0.000500s ]
INFO: [ app_begin ] --END-- [ RunTime:0.000614s ]
SQL: SHOW COLUMNS FROM `ms_expiredtime` [ RunTime:0.0052s ]
SQL: SELECT * FROM `ms_expiredtime`  [ RunTime:0.0003s ]
NOTIC: [8] Undefined offset: 100 G:\PHP\SEAMEN ManageSys\manage\Home\Controller\DipExpriedSearchController.class.php 第 17 行.
NOTIC: [8] Undefined offset: 100 G:\PHP\SEAMEN ManageSys\manage\Home\Controller\DipExpriedSearchController.class.php 第 26 行.
NOTIC: [8] Undefined index: regtimebegin G:\PHP\SEAMEN ManageSys\manage\Home\Controller\DipExpriedSearchController.class.php 第 33 行.
NOTIC: [8] Undefined index: regtimeend G:\PHP\SEAMEN ManageSys\manage\Home\Controller\DipExpriedSearchController.class.php 第 39 行.
INFO: [ app_end ] --START--
INFO: Run Behavior\ShowPageTraceBehavior [ RunTime:0.000395s ]
INFO: [ app_end ] --END-- [ RunTime:0.000447s ]

[ 2016-11-17T12:33:11+08:00 ] 127.0.0.1 /home/DipExpriedSearch/search/?type=2&idnumber=41&realname=XX
INFO: [ app_init ] --START--
INFO: Run Behavior\BuildLiteBehavior [ RunTime:0.000018s ]
INFO: [ app_init ] --END-- [ RunTime:0.000334s ]
INFO: [ app_begin ] --START--
INFO: Run Behavior\ReadHtmlCacheBehavior [ RunTime:0.000260s ]
INFO: [ app_begin ] --END-- [ RunTime:0.000319s ]
SQL: SHOW COLUMNS FROM `ms_expiredtime` [ RunTime:0.0333s ]
SQL: SELECT * FROM `ms_expiredtime`  [ RunTime:0.0003s ]
NOTIC: [8] Undefined offset: 100 G:\PHP\SEAMEN ManageSys\manage\Home\Controller\DipExpriedSearchController.class.php 第 17 行.
NOTIC: [8] Undefined offset: 100 G:\PHP\SEAMEN ManageSys\manage\Home\Controller\DipExpriedSearchController.class.php 第 26 行.
NOTIC: [8] Undefined index: regtimebegin G:\PHP\SEAMEN ManageSys\manage\Home\Controller\DipExpriedSearchController.class.php 第 33 行.
NOTIC: [8] Undefined index: regtimeend G:\PHP\SEAMEN ManageSys\manage\Home\Controller\DipExpriedSearchController.class.php 第 39 行.
INFO: [ app_end ] --START--
INFO: Run Behavior\ShowPageTraceBehavior [ RunTime:0.000418s ]
INFO: [ app_end ] --END-- [ RunTime:0.000489s ]

[ 2016-11-17T12:33:11+08:00 ] 127.0.0.1 /home/DipExpriedSearch/search/?type=2&idnumber=41&realname=XX
INFO: [ app_init ] --START--
INFO: Run Behavior\BuildLiteBehavior [ RunTime:0.000018s ]
INFO: [ app_init ] --END-- [ RunTime:0.000351s ]
INFO: [ app_begin ] --START--
INFO: Run Behavior\ReadHtmlCacheBehavior [ RunTime:0.000263s ]
INFO: [ app_begin ] --END-- [ RunTime:0.000317s ]
SQL: SHOW COLUMNS FROM `ms_expiredtime` [ RunTime:0.0064s ]
SQL: SELECT * FROM `ms_expiredtime`  [ RunTime:0.0004s ]
NOTIC: [8] Undefined offset: 100 G:\PHP\SEAMEN ManageSys\manage\Home\Controller\DipExpriedSearchController.class.php 第 17 行.
NOTIC: [8] Undefined offset: 100 G:\PHP\SEAMEN ManageSys\manage\Home\Controller\DipExpriedSearchController.class.php 第 26 行.
NOTIC: [8] Undefined index: regtimebegin G:\PHP\SEAMEN ManageSys\manage\Home\Controller\DipExpriedSearchController.class.php 第 33 行.
NOTIC: [8] Undefined index: regtimeend G:\PHP\SEAMEN ManageSys\manage\Home\Controller\DipExpriedSearchController.class.php 第 39 行.
INFO: [ app_end ] --START--
INFO: Run Behavior\ShowPageTraceBehavior [ RunTime:0.000459s ]
INFO: [ app_end ] --END-- [ RunTime:0.000518s ]

[ 2016-11-17T12:33:12+08:00 ] 127.0.0.1 /home/DipExpriedSearch/search/?type=2&idnumber=41&realname=XX
INFO: [ app_init ] --START--
INFO: Run Behavior\BuildLiteBehavior [ RunTime:0.000026s ]
INFO: [ app_init ] --END-- [ RunTime:0.000505s ]
INFO: [ app_begin ] --START--
INFO: Run Behavior\ReadHtmlCacheBehavior [ RunTime:0.000392s ]
INFO: [ app_begin ] --END-- [ RunTime:0.000479s ]
SQL: SHOW COLUMNS FROM `ms_expiredtime` [ RunTime:0.0052s ]
SQL: SELECT * FROM `ms_expiredtime`  [ RunTime:0.0004s ]
NOTIC: [8] Undefined offset: 100 G:\PHP\SEAMEN ManageSys\manage\Home\Controller\DipExpriedSearchController.class.php 第 17 行.
NOTIC: [8] Undefined offset: 100 G:\PHP\SEAMEN ManageSys\manage\Home\Controller\DipExpriedSearchController.class.php 第 26 行.
NOTIC: [8] Undefined index: regtimebegin G:\PHP\SEAMEN ManageSys\manage\Home\Controller\DipExpriedSearchController.class.php 第 33 行.
NOTIC: [8] Undefined index: regtimeend G:\PHP\SEAMEN ManageSys\manage\Home\Controller\DipExpriedSearchController.class.php 第 39 行.
INFO: [ app_end ] --START--
INFO: Run Behavior\ShowPageTraceBehavior [ RunTime:0.000606s ]
INFO: [ app_end ] --END-- [ RunTime:0.000675s ]

[ 2016-11-17T12:33:12+08:00 ] 127.0.0.1 /home/DipExpriedSearch/search/?type=2&idnumber=41&realname=XX
INFO: [ app_init ] --START--
INFO: Run Behavior\BuildLiteBehavior [ RunTime:0.000019s ]
INFO: [ app_init ] --END-- [ RunTime:0.000396s ]
INFO: [ app_begin ] --START--
INFO: Run Behavior\ReadHtmlCacheBehavior [ RunTime:0.000524s ]
INFO: [ app_begin ] --END-- [ RunTime:0.000633s ]
SQL: SHOW COLUMNS FROM `ms_expiredtime` [ RunTime:0.0140s ]
SQL: SELECT * FROM `ms_expiredtime`  [ RunTime:0.0004s ]
NOTIC: [8] Undefined offset: 100 G:\PHP\SEAMEN ManageSys\manage\Home\Controller\DipExpriedSearchController.class.php 第 17 行.
NOTIC: [8] Undefined offset: 100 G:\PHP\SEAMEN ManageSys\manage\Home\Controller\DipExpriedSearchController.class.php 第 26 行.
NOTIC: [8] Undefined index: regtimebegin G:\PHP\SEAMEN ManageSys\manage\Home\Controller\DipExpriedSearchController.class.php 第 33 行.
NOTIC: [8] Undefined index: regtimeend G:\PHP\SEAMEN ManageSys\manage\Home\Controller\DipExpriedSearchController.class.php 第 39 行.
INFO: [ app_end ] --START--
INFO: Run Behavior\ShowPageTraceBehavior [ RunTime:0.000515s ]
INFO: [ app_end ] --END-- [ RunTime:0.000598s ]

[ 2016-11-17T12:33:28+08:00 ] 127.0.0.1 /home/DipExpriedSearch/search/?type=1&idnumber=41&realname=XX
INFO: [ app_init ] --START--
INFO: Run Behavior\BuildLiteBehavior [ RunTime:0.000033s ]
INFO: [ app_init ] --END-- [ RunTime:0.000661s ]
INFO: [ app_begin ] --START--
INFO: Run Behavior\ReadHtmlCacheBehavior [ RunTime:0.000581s ]
INFO: [ app_begin ] --END-- [ RunTime:0.000700s ]
SQL: SHOW COLUMNS FROM `ms_expiredtime` [ RunTime:0.0235s ]
SQL: SELECT * FROM `ms_expiredtime`  [ RunTime:0.0005s ]
NOTIC: [8] Undefined offset: 100 G:\PHP\SEAMEN ManageSys\manage\Home\Controller\DipExpriedSearchController.class.php 第 17 行.
NOTIC: [8] Undefined offset: 100 G:\PHP\SEAMEN ManageSys\manage\Home\Controller\DipExpriedSearchController.class.php 第 26 行.
NOTIC: [8] Undefined index: regtimebegin G:\PHP\SEAMEN ManageSys\manage\Home\Controller\DipExpriedSearchController.class.php 第 33 行.
NOTIC: [8] Undefined index: regtimeend G:\PHP\SEAMEN ManageSys\manage\Home\Controller\DipExpriedSearchController.class.php 第 39 行.
SQL: SHOW COLUMNS FROM `ms_seameninfo` [ RunTime:0.0619s ]
NOTIC: [8] Undefined variable: Page G:\PHP\SEAMEN ManageSys\manage\Home\Controller\DipExpriedSearchController.class.php 第 55 行.
NOTIC: [8] Trying to get property of non-object G:\PHP\SEAMEN ManageSys\manage\Home\Controller\DipExpriedSearchController.class.php 第 55 行.
NOTIC: [8] Undefined variable: Page G:\PHP\SEAMEN ManageSys\manage\Home\Controller\DipExpriedSearchController.class.php 第 55 行.
NOTIC: [8] Trying to get property of non-object G:\PHP\SEAMEN ManageSys\manage\Home\Controller\DipExpriedSearchController.class.php 第 55 行.
SQL: SELECT ms_seameninfo.id,`idnumber`,`realname`,`regtime`,`endtime` FROM `ms_seameninfo` INNER JOIN ms_holdercomminfo ON ms_seameninfo.holderid = ms_holdercomminfo.id  WHERE `idnumber` LIKE '%41%' AND `realname` LIKE '%XX%' AND `regtime` BETWEEN '1970-01-02' AND '2016-11-17'  [ RunTime:0.0007s ]
NOTIC: [8] Use of undefined constant isexp - assumed 'isexp' G:\PHP\SEAMEN ManageSys\manage\Home\Controller\DipExpriedSearchController.class.php 第 60 行.
NOTIC: [8] Use of undefined constant isexp - assumed 'isexp' G:\PHP\SEAMEN ManageSys\manage\Home\Controller\DipExpriedSearchController.class.php 第 62 行.
INFO: [ app_end ] --START--
INFO: Run Behavior\ShowPageTraceBehavior [ RunTime:0.000490s ]
INFO: [ app_end ] --END-- [ RunTime:0.000566s ]

[ 2016-11-17T12:34:00+08:00 ] 127.0.0.1 /home/DipExpriedSearch/search/?type=1&idnumber=41&realname=XX
INFO: [ app_init ] --START--
INFO: Run Behavior\BuildLiteBehavior [ RunTime:0.000027s ]
INFO: [ app_init ] --END-- [ RunTime:0.000572s ]
INFO: [ app_begin ] --START--
INFO: Run Behavior\ReadHtmlCacheBehavior [ RunTime:0.000565s ]
INFO: [ app_begin ] --END-- [ RunTime:0.000679s ]
SQL: SHOW COLUMNS FROM `ms_expiredtime` [ RunTime:0.0134s ]
SQL: SELECT * FROM `ms_expiredtime`  [ RunTime:0.0003s ]
NOTIC: [8] Undefined offset: 100 G:\PHP\SEAMEN ManageSys\manage\Home\Controller\DipExpriedSearchController.class.php 第 25 行.
NOTIC: [8] Undefined index: regtimebegin G:\PHP\SEAMEN ManageSys\manage\Home\Controller\DipExpriedSearchController.class.php 第 32 行.
NOTIC: [8] Undefined index: regtimeend G:\PHP\SEAMEN ManageSys\manage\Home\Controller\DipExpriedSearchController.class.php 第 38 行.
SQL: SHOW COLUMNS FROM `ms_seameninfo` [ RunTime:0.0072s ]
NOTIC: [8] Undefined variable: Page G:\PHP\SEAMEN ManageSys\manage\Home\Controller\DipExpriedSearchController.class.php 第 54 行.
NOTIC: [8] Trying to get property of non-object G:\PHP\SEAMEN ManageSys\manage\Home\Controller\DipExpriedSearchController.class.php 第 54 行.
NOTIC: [8] Undefined variable: Page G:\PHP\SEAMEN ManageSys\manage\Home\Controller\DipExpriedSearchController.class.php 第 54 行.
NOTIC: [8] Trying to get property of non-object G:\PHP\SEAMEN ManageSys\manage\Home\Controller\DipExpriedSearchController.class.php 第 54 行.
SQL: SELECT ms_seameninfo.id,`idnumber`,`realname`,`regtime`,`endtime` FROM `ms_seameninfo` INNER JOIN ms_holdercomminfo ON ms_seameninfo.holderid = ms_holdercomminfo.id  WHERE `idnumber` LIKE '%41%' AND `realname` LIKE '%XX%' AND `regtime` BETWEEN '1970-01-02' AND '2016-11-17'  [ RunTime:0.0005s ]
NOTIC: [8] Use of undefined constant isexp - assumed 'isexp' G:\PHP\SEAMEN ManageSys\manage\Home\Controller\DipExpriedSearchController.class.php 第 59 行.
NOTIC: [8] Use of undefined constant isexp - assumed 'isexp' G:\PHP\SEAMEN ManageSys\manage\Home\Controller\DipExpriedSearchController.class.php 第 61 行.
INFO: [ app_end ] --START--
INFO: Run Behavior\ShowPageTraceBehavior [ RunTime:0.000709s ]
INFO: [ app_end ] --END-- [ RunTime:0.000795s ]

[ 2016-11-17T12:34:01+08:00 ] 127.0.0.1 /home/DipExpriedSearch/search/?type=1&idnumber=41&realname=XX
INFO: [ app_init ] --START--
INFO: Run Behavior\BuildLiteBehavior [ RunTime:0.000017s ]
INFO: [ app_init ] --END-- [ RunTime:0.000301s ]
INFO: [ app_begin ] --START--
INFO: Run Behavior\ReadHtmlCacheBehavior [ RunTime:0.000472s ]
INFO: [ app_begin ] --END-- [ RunTime:0.000565s ]
SQL: SHOW COLUMNS FROM `ms_expiredtime` [ RunTime:0.0102s ]
SQL: SELECT * FROM `ms_expiredtime`  [ RunTime:0.0005s ]
NOTIC: [8] Undefined offset: 100 G:\PHP\SEAMEN ManageSys\manage\Home\Controller\DipExpriedSearchController.class.php 第 25 行.
NOTIC: [8] Undefined index: regtimebegin G:\PHP\SEAMEN ManageSys\manage\Home\Controller\DipExpriedSearchController.class.php 第 32 行.
NOTIC: [8] Undefined index: regtimeend G:\PHP\SEAMEN ManageSys\manage\Home\Controller\DipExpriedSearchController.class.php 第 38 行.
SQL: SHOW COLUMNS FROM `ms_seameninfo` [ RunTime:0.0397s ]
NOTIC: [8] Undefined variable: Page G:\PHP\SEAMEN ManageSys\manage\Home\Controller\DipExpriedSearchController.class.php 第 54 行.
NOTIC: [8] Trying to get property of non-object G:\PHP\SEAMEN ManageSys\manage\Home\Controller\DipExpriedSearchController.class.php 第 54 行.
NOTIC: [8] Undefined variable: Page G:\PHP\SEAMEN ManageSys\manage\Home\Controller\DipExpriedSearchController.class.php 第 54 行.
NOTIC: [8] Trying to get property of non-object G:\PHP\SEAMEN ManageSys\manage\Home\Controller\DipExpriedSearchController.class.php 第 54 行.
SQL: SELECT ms_seameninfo.id,`idnumber`,`realname`,`regtime`,`endtime` FROM `ms_seameninfo` INNER JOIN ms_holdercomminfo ON ms_seameninfo.holderid = ms_holdercomminfo.id  WHERE `idnumber` LIKE '%41%' AND `realname` LIKE '%XX%' AND `regtime` BETWEEN '1970-01-02' AND '2016-11-17'  [ RunTime:0.0005s ]
NOTIC: [8] Use of undefined constant isexp - assumed 'isexp' G:\PHP\SEAMEN ManageSys\manage\Home\Controller\DipExpriedSearchController.class.php 第 59 行.
NOTIC: [8] Use of undefined constant isexp - assumed 'isexp' G:\PHP\SEAMEN ManageSys\manage\Home\Controller\DipExpriedSearchController.class.php 第 61 行.
INFO: [ app_end ] --START--
INFO: Run Behavior\ShowPageTraceBehavior [ RunTime:0.000433s ]
INFO: [ app_end ] --END-- [ RunTime:0.000533s ]

[ 2016-11-17T12:54:07+08:00 ] 127.0.0.1 /home/DipExpriedSearch/search/?type=1&idnumber=41&realname=XX
INFO: [ app_init ] --START--
INFO: Run Behavior\BuildLiteBehavior [ RunTime:0.000030s ]
INFO: [ app_init ] --END-- [ RunTime:0.000634s ]
INFO: [ app_begin ] --START--
INFO: Run Behavior\ReadHtmlCacheBehavior [ RunTime:0.000598s ]
INFO: [ app_begin ] --END-- [ RunTime:0.000723s ]
SQL: SHOW COLUMNS FROM `ms_expiredtime` [ RunTime:0.0231s ]
SQL: SELECT * FROM `ms_expiredtime`  [ RunTime:0.0005s ]
NOTIC: [8] Undefined index: regtimebegin G:\PHP\SEAMEN ManageSys\manage\Home\Controller\DipExpriedSearchController.class.php 第 33 行.
NOTIC: [8] Undefined index: regtimeend G:\PHP\SEAMEN ManageSys\manage\Home\Controller\DipExpriedSearchController.class.php 第 39 行.
SQL: SHOW COLUMNS FROM `ms_seameninfo` [ RunTime:0.0153s ]
NOTIC: [8] Undefined variable: Page G:\PHP\SEAMEN ManageSys\manage\Home\Controller\DipExpriedSearchController.class.php 第 55 行.
NOTIC: [8] Trying to get property of non-object G:\PHP\SEAMEN ManageSys\manage\Home\Controller\DipExpriedSearchController.class.php 第 55 行.
NOTIC: [8] Undefined variable: Page G:\PHP\SEAMEN ManageSys\manage\Home\Controller\DipExpriedSearchController.class.php 第 55 行.
NOTIC: [8] Trying to get property of non-object G:\PHP\SEAMEN ManageSys\manage\Home\Controller\DipExpriedSearchController.class.php 第 55 行.
SQL: SELECT ms_seameninfo.id,`idnumber`,`realname`,`regtime`,`endtime` FROM `ms_seameninfo` INNER JOIN ms_holdercomminfo ON ms_seameninfo.holderid = ms_holdercomminfo.id  WHERE `idnumber` LIKE '%41%' AND `realname` LIKE '%XX%' AND `regtime` BETWEEN '1970-01-02' AND '2016-11-17'  [ RunTime:0.0007s ]
NOTIC: [8] Use of undefined constant isexp - assumed 'isexp' G:\PHP\SEAMEN ManageSys\manage\Home\Controller\DipExpriedSearchController.class.php 第 60 行.
NOTIC: [8] Use of undefined constant isexp - assumed 'isexp' G:\PHP\SEAMEN ManageSys\manage\Home\Controller\DipExpriedSearchController.class.php 第 62 行.
INFO: [ app_end ] --START--
INFO: Run Behavior\ShowPageTraceBehavior [ RunTime:0.000574s ]
INFO: [ app_end ] --END-- [ RunTime:0.000653s ]

[ 2016-11-17T12:56:22+08:00 ] 127.0.0.1 /home/DipExpriedSearch/search/?type=1&idnumber=41&realname=XX
INFO: [ app_init ] --START--
INFO: Run Behavior\BuildLiteBehavior [ RunTime:0.000018s ]
INFO: [ app_init ] --END-- [ RunTime:0.000368s ]
INFO: [ app_begin ] --START--
INFO: Run Behavior\ReadHtmlCacheBehavior [ RunTime:0.000509s ]
INFO: [ app_begin ] --END-- [ RunTime:0.000584s ]
SQL: SHOW COLUMNS FROM `ms_expiredtime` [ RunTime:0.0806s ]
SQL: SELECT * FROM `ms_expiredtime`  [ RunTime:0.0005s ]
NOTIC: [8] Undefined variable: expmouth G:\PHP\SEAMEN ManageSys\manage\Home\Controller\DipExpriedSearchController.class.php 第 17 行.
NOTIC: [8] Undefined index: regtimebegin G:\PHP\SEAMEN ManageSys\manage\Home\Controller\DipExpriedSearchController.class.php 第 34 行.
NOTIC: [8] Undefined index: regtimeend G:\PHP\SEAMEN ManageSys\manage\Home\Controller\DipExpriedSearchController.class.php 第 40 行.
SQL: SHOW COLUMNS FROM `ms_seameninfo` [ RunTime:0.0096s ]
NOTIC: [8] Undefined variable: Page G:\PHP\SEAMEN ManageSys\manage\Home\Controller\DipExpriedSearchController.class.php 第 56 行.
NOTIC: [8] Trying to get property of non-object G:\PHP\SEAMEN ManageSys\manage\Home\Controller\DipExpriedSearchController.class.php 第 56 行.
NOTIC: [8] Undefined variable: Page G:\PHP\SEAMEN ManageSys\manage\Home\Controller\DipExpriedSearchController.class.php 第 56 行.
NOTIC: [8] Trying to get property of non-object G:\PHP\SEAMEN ManageSys\manage\Home\Controller\DipExpriedSearchController.class.php 第 56 行.
SQL: SELECT ms_seameninfo.id,`idnumber`,`realname`,`regtime`,`endtime` FROM `ms_seameninfo` INNER JOIN ms_holdercomminfo ON ms_seameninfo.holderid = ms_holdercomminfo.id  WHERE `idnumber` LIKE '%41%' AND `realname` LIKE '%XX%' AND `regtime` BETWEEN '1970-01-02' AND '2016-11-17'  [ RunTime:0.0008s ]
NOTIC: [8] Use of undefined constant isexp - assumed 'isexp' G:\PHP\SEAMEN ManageSys\manage\Home\Controller\DipExpriedSearchController.class.php 第 61 行.
NOTIC: [8] Use of undefined constant isexp - assumed 'isexp' G:\PHP\SEAMEN ManageSys\manage\Home\Controller\DipExpriedSearchController.class.php 第 63 行.
INFO: [ app_end ] --START--
INFO: Run Behavior\ShowPageTraceBehavior [ RunTime:0.000807s ]
INFO: [ app_end ] --END-- [ RunTime:0.000873s ]

[ 2016-11-17T12:56:23+08:00 ] 127.0.0.1 /home/DipExpriedSearch/search/?type=1&idnumber=41&realname=XX
INFO: [ app_init ] --START--
INFO: Run Behavior\BuildLiteBehavior [ RunTime:0.000017s ]
INFO: [ app_init ] --END-- [ RunTime:0.000331s ]
INFO: [ app_begin ] --START--
INFO: Run Behavior\ReadHtmlCacheBehavior [ RunTime:0.000318s ]
INFO: [ app_begin ] --END-- [ RunTime:0.000391s ]
SQL: SHOW COLUMNS FROM `ms_expiredtime` [ RunTime:0.0104s ]
SQL: SELECT * FROM `ms_expiredtime`  [ RunTime:0.0005s ]
NOTIC: [8] Undefined variable: expmouth G:\PHP\SEAMEN ManageSys\manage\Home\Controller\DipExpriedSearchController.class.php 第 17 行.
NOTIC: [8] Undefined index: regtimebegin G:\PHP\SEAMEN ManageSys\manage\Home\Controller\DipExpriedSearchController.class.php 第 34 行.
NOTIC: [8] Undefined index: regtimeend G:\PHP\SEAMEN ManageSys\manage\Home\Controller\DipExpriedSearchController.class.php 第 40 行.
SQL: SHOW COLUMNS FROM `ms_seameninfo` [ RunTime:0.0091s ]
NOTIC: [8] Undefined variable: Page G:\PHP\SEAMEN ManageSys\manage\Home\Controller\DipExpriedSearchController.class.php 第 56 行.
NOTIC: [8] Trying to get property of non-object G:\PHP\SEAMEN ManageSys\manage\Home\Controller\DipExpriedSearchController.class.php 第 56 行.
NOTIC: [8] Undefined variable: Page G:\PHP\SEAMEN ManageSys\manage\Home\Controller\DipExpriedSearchController.class.php 第 56 行.
NOTIC: [8] Trying to get property of non-object G:\PHP\SEAMEN ManageSys\manage\Home\Controller\DipExpriedSearchController.class.php 第 56 行.
SQL: SELECT ms_seameninfo.id,`idnumber`,`realname`,`regtime`,`endtime` FROM `ms_seameninfo` INNER JOIN ms_holdercomminfo ON ms_seameninfo.holderid = ms_holdercomminfo.id  WHERE `idnumber` LIKE '%41%' AND `realname` LIKE '%XX%' AND `regtime` BETWEEN '1970-01-02' AND '2016-11-17'  [ RunTime:0.0005s ]
NOTIC: [8] Use of undefined constant isexp - assumed 'isexp' G:\PHP\SEAMEN ManageSys\manage\Home\Controller\DipExpriedSearchController.class.php 第 61 行.
NOTIC: [8] Use of undefined constant isexp - assumed 'isexp' G:\PHP\SEAMEN ManageSys\manage\Home\Controller\DipExpriedSearchController.class.php 第 63 行.
INFO: [ app_end ] --START--
INFO: Run Behavior\ShowPageTraceBehavior [ RunTime:0.000433s ]
INFO: [ app_end ] --END-- [ RunTime:0.000499s ]

[ 2016-11-17T12:56:40+08:00 ] 127.0.0.1 /home/DipExpriedSearch/search/?type=1&idnumber=41&realname=XX
INFO: [ app_init ] --START--
INFO: Run Behavior\BuildLiteBehavior [ RunTime:0.000028s ]
INFO: [ app_init ] --END-- [ RunTime:0.000574s ]
INFO: [ app_begin ] --START--
INFO: Run Behavior\ReadHtmlCacheBehavior [ RunTime:0.000361s ]
INFO: [ app_begin ] --END-- [ RunTime:0.000428s ]
SQL: SHOW COLUMNS FROM `ms_expiredtime` [ RunTime:0.0523s ]
SQL: SELECT * FROM `ms_expiredtime`  [ RunTime:0.0004s ]
NOTIC: [8] Undefined variable: expmouth G:\PHP\SEAMEN ManageSys\manage\Home\Controller\DipExpriedSearchController.class.php 第 17 行.
NOTIC: [8] Undefined index: regtimebegin G:\PHP\SEAMEN ManageSys\manage\Home\Controller\DipExpriedSearchController.class.php 第 34 行.
NOTIC: [8] Undefined index: regtimeend G:\PHP\SEAMEN ManageSys\manage\Home\Controller\DipExpriedSearchController.class.php 第 40 行.
SQL: SHOW COLUMNS FROM `ms_seameninfo` [ RunTime:0.0139s ]
NOTIC: [8] Undefined variable: Page G:\PHP\SEAMEN ManageSys\manage\Home\Controller\DipExpriedSearchController.class.php 第 56 行.
NOTIC: [8] Trying to get property of non-object G:\PHP\SEAMEN ManageSys\manage\Home\Controller\DipExpriedSearchController.class.php 第 56 行.
NOTIC: [8] Undefined variable: Page G:\PHP\SEAMEN ManageSys\manage\Home\Controller\DipExpriedSearchController.class.php 第 56 行.
NOTIC: [8] Trying to get property of non-object G:\PHP\SEAMEN ManageSys\manage\Home\Controller\DipExpriedSearchController.class.php 第 56 行.
SQL: SELECT ms_seameninfo.id,`idnumber`,`realname`,`regtime`,`endtime` FROM `ms_seameninfo` INNER JOIN ms_holdercomminfo ON ms_seameninfo.holderid = ms_holdercomminfo.id  WHERE `idnumber` LIKE '%41%' AND `realname` LIKE '%XX%' AND `regtime` BETWEEN '1970-01-02' AND '2016-11-17'  [ RunTime:0.0004s ]
NOTIC: [8] Use of undefined constant isexp - assumed 'isexp' G:\PHP\SEAMEN ManageSys\manage\Home\Controller\DipExpriedSearchController.class.php 第 61 行.
NOTIC: [8] Use of undefined constant isexp - assumed 'isexp' G:\PHP\SEAMEN ManageSys\manage\Home\Controller\DipExpriedSearchController.class.php 第 63 行.
INFO: [ app_end ] --START--
INFO: Run Behavior\ShowPageTraceBehavior [ RunTime:0.000412s ]
INFO: [ app_end ] --END-- [ RunTime:0.000463s ]

[ 2016-11-17T12:56:40+08:00 ] 127.0.0.1 /home/DipExpriedSearch/search/?type=1&idnumber=41&realname=XX
INFO: [ app_init ] --START--
INFO: Run Behavior\BuildLiteBehavior [ RunTime:0.000028s ]
INFO: [ app_init ] --END-- [ RunTime:0.000454s ]
INFO: [ app_begin ] --START--
INFO: Run Behavior\ReadHtmlCacheBehavior [ RunTime:0.000422s ]
INFO: [ app_begin ] --END-- [ RunTime:0.000525s ]
SQL: SHOW COLUMNS FROM `ms_expiredtime` [ RunTime:0.0132s ]
SQL: SELECT * FROM `ms_expiredtime`  [ RunTime:0.0004s ]
NOTIC: [8] Undefined variable: expmouth G:\PHP\SEAMEN ManageSys\manage\Home\Controller\DipExpriedSearchController.class.php 第 17 行.
NOTIC: [8] Undefined index: regtimebegin G:\PHP\SEAMEN ManageSys\manage\Home\Controller\DipExpriedSearchController.class.php 第 34 行.
NOTIC: [8] Undefined index: regtimeend G:\PHP\SEAMEN ManageSys\manage\Home\Controller\DipExpriedSearchController.class.php 第 40 行.
SQL: SHOW COLUMNS FROM `ms_seameninfo` [ RunTime:0.0066s ]
NOTIC: [8] Undefined variable: Page G:\PHP\SEAMEN ManageSys\manage\Home\Controller\DipExpriedSearchController.class.php 第 56 行.
NOTIC: [8] Trying to get property of non-object G:\PHP\SEAMEN ManageSys\manage\Home\Controller\DipExpriedSearchController.class.php 第 56 行.
NOTIC: [8] Undefined variable: Page G:\PHP\SEAMEN ManageSys\manage\Home\Controller\DipExpriedSearchController.class.php 第 56 行.
NOTIC: [8] Trying to get property of non-object G:\PHP\SEAMEN ManageSys\manage\Home\Controller\DipExpriedSearchController.class.php 第 56 行.
SQL: SELECT ms_seameninfo.id,`idnumber`,`realname`,`regtime`,`endtime` FROM `ms_seameninfo` INNER JOIN ms_holdercomminfo ON ms_seameninfo.holderid = ms_holdercomminfo.id  WHERE `idnumber` LIKE '%41%' AND `realname` LIKE '%XX%' AND `regtime` BETWEEN '1970-01-02' AND '2016-11-17'  [ RunTime:0.0007s ]
NOTIC: [8] Use of undefined constant isexp - assumed 'isexp' G:\PHP\SEAMEN ManageSys\manage\Home\Controller\DipExpriedSearchController.class.php 第 61 行.
NOTIC: [8] Use of undefined constant isexp - assumed 'isexp' G:\PHP\SEAMEN ManageSys\manage\Home\Controller\DipExpriedSearchController.class.php 第 63 行.
INFO: [ app_end ] --START--
INFO: Run Behavior\ShowPageTraceBehavior [ RunTime:0.000529s ]
INFO: [ app_end ] --END-- [ RunTime:0.000620s ]

[ 2016-11-17T12:56:41+08:00 ] 127.0.0.1 /home/DipExpriedSearch/search/?type=1&idnumber=41&realname=XX
INFO: [ app_init ] --START--
INFO: Run Behavior\BuildLiteBehavior [ RunTime:0.000020s ]
INFO: [ app_init ] --END-- [ RunTime:0.000480s ]
INFO: [ app_begin ] --START--
INFO: Run Behavior\ReadHtmlCacheBehavior [ RunTime:0.000319s ]
INFO: [ app_begin ] --END-- [ RunTime:0.000376s ]
SQL: SHOW COLUMNS FROM `ms_expiredtime` [ RunTime:0.0126s ]
SQL: SELECT * FROM `ms_expiredtime`  [ RunTime:0.0005s ]
NOTIC: [8] Undefined variable: expmouth G:\PHP\SEAMEN ManageSys\manage\Home\Controller\DipExpriedSearchController.class.php 第 17 行.
NOTIC: [8] Undefined index: regtimebegin G:\PHP\SEAMEN ManageSys\manage\Home\Controller\DipExpriedSearchController.class.php 第 34 行.
NOTIC: [8] Undefined index: regtimeend G:\PHP\SEAMEN ManageSys\manage\Home\Controller\DipExpriedSearchController.class.php 第 40 行.
SQL: SHOW COLUMNS FROM `ms_seameninfo` [ RunTime:0.0083s ]
NOTIC: [8] Undefined variable: Page G:\PHP\SEAMEN ManageSys\manage\Home\Controller\DipExpriedSearchController.class.php 第 56 行.
NOTIC: [8] Trying to get property of non-object G:\PHP\SEAMEN ManageSys\manage\Home\Controller\DipExpriedSearchController.class.php 第 56 行.
NOTIC: [8] Undefined variable: Page G:\PHP\SEAMEN ManageSys\manage\Home\Controller\DipExpriedSearchController.class.php 第 56 行.
NOTIC: [8] Trying to get property of non-object G:\PHP\SEAMEN ManageSys\manage\Home\Controller\DipExpriedSearchController.class.php 第 56 行.
SQL: SELECT ms_seameninfo.id,`idnumber`,`realname`,`regtime`,`endtime` FROM `ms_seameninfo` INNER JOIN ms_holdercomminfo ON ms_seameninfo.holderid = ms_holdercomminfo.id  WHERE `idnumber` LIKE '%41%' AND `realname` LIKE '%XX%' AND `regtime` BETWEEN '1970-01-02' AND '2016-11-17'  [ RunTime:0.0006s ]
NOTIC: [8] Use of undefined constant isexp - assumed 'isexp' G:\PHP\SEAMEN ManageSys\manage\Home\Controller\DipExpriedSearchController.class.php 第 61 行.
NOTIC: [8] Use of undefined constant isexp - assumed 'isexp' G:\PHP\SEAMEN ManageSys\manage\Home\Controller\DipExpriedSearchController.class.php 第 63 行.
INFO: [ app_end ] --START--
INFO: Run Behavior\ShowPageTraceBehavior [ RunTime:0.000496s ]
INFO: [ app_end ] --END-- [ RunTime:0.000583s ]

[ 2016-11-17T12:56:41+08:00 ] 127.0.0.1 /home/DipExpriedSearch/search/?type=1&idnumber=41&realname=XX
INFO: [ app_init ] --START--
INFO: Run Behavior\BuildLiteBehavior [ RunTime:0.000018s ]
INFO: [ app_init ] --END-- [ RunTime:0.000340s ]
INFO: [ app_begin ] --START--
INFO: Run Behavior\ReadHtmlCacheBehavior [ RunTime:0.000266s ]
INFO: [ app_begin ] --END-- [ RunTime:0.000321s ]
SQL: SHOW COLUMNS FROM `ms_expiredtime` [ RunTime:0.0065s ]
SQL: SELECT * FROM `ms_expiredtime`  [ RunTime:0.0003s ]
NOTIC: [8] Undefined variable: expmouth G:\PHP\SEAMEN ManageSys\manage\Home\Controller\DipExpriedSearchController.class.php 第 17 行.
NOTIC: [8] Undefined index: regtimebegin G:\PHP\SEAMEN ManageSys\manage\Home\Controller\DipExpriedSearchController.class.php 第 34 行.
NOTIC: [8] Undefined index: regtimeend G:\PHP\SEAMEN ManageSys\manage\Home\Controller\DipExpriedSearchController.class.php 第 40 行.
SQL: SHOW COLUMNS FROM `ms_seameninfo` [ RunTime:0.0056s ]
NOTIC: [8] Undefined variable: Page G:\PHP\SEAMEN ManageSys\manage\Home\Controller\DipExpriedSearchController.class.php 第 56 行.
NOTIC: [8] Trying to get property of non-object G:\PHP\SEAMEN ManageSys\manage\Home\Controller\DipExpriedSearchController.class.php 第 56 行.
NOTIC: [8] Undefined variable: Page G:\PHP\SEAMEN ManageSys\manage\Home\Controller\DipExpriedSearchController.class.php 第 56 行.
NOTIC: [8] Trying to get property of non-object G:\PHP\SEAMEN ManageSys\manage\Home\Controller\DipExpriedSearchController.class.php 第 56 行.
SQL: SELECT ms_seameninfo.id,`idnumber`,`realname`,`regtime`,`endtime` FROM `ms_seameninfo` INNER JOIN ms_holdercomminfo ON ms_seameninfo.holderid = ms_holdercomminfo.id  WHERE `idnumber` LIKE '%41%' AND `realname` LIKE '%XX%' AND `regtime` BETWEEN '1970-01-02' AND '2016-11-17'  [ RunTime:0.0006s ]
NOTIC: [8] Use of undefined constant isexp - assumed 'isexp' G:\PHP\SEAMEN ManageSys\manage\Home\Controller\DipExpriedSearchController.class.php 第 61 行.
NOTIC: [8] Use of undefined constant isexp - assumed 'isexp' G:\PHP\SEAMEN ManageSys\manage\Home\Controller\DipExpriedSearchController.class.php 第 63 行.
INFO: [ app_end ] --START--
INFO: Run Behavior\ShowPageTraceBehavior [ RunTime:0.000429s ]
INFO: [ app_end ] --END-- [ RunTime:0.000497s ]

[ 2016-11-17T12:56:41+08:00 ] 127.0.0.1 /home/DipExpriedSearch/search/?type=1&idnumber=41&realname=XX
INFO: [ app_init ] --START--
INFO: Run Behavior\BuildLiteBehavior [ RunTime:0.000029s ]
INFO: [ app_init ] --END-- [ RunTime:0.000507s ]
INFO: [ app_begin ] --START--
INFO: Run Behavior\ReadHtmlCacheBehavior [ RunTime:0.000374s ]
INFO: [ app_begin ] --END-- [ RunTime:0.000478s ]
SQL: SHOW COLUMNS FROM `ms_expiredtime` [ RunTime:0.0102s ]
SQL: SELECT * FROM `ms_expiredtime`  [ RunTime:0.0003s ]
NOTIC: [8] Undefined variable: expmouth G:\PHP\SEAMEN ManageSys\manage\Home\Controller\DipExpriedSearchController.class.php 第 17 行.
NOTIC: [8] Undefined index: regtimebegin G:\PHP\SEAMEN ManageSys\manage\Home\Controller\DipExpriedSearchController.class.php 第 34 行.
NOTIC: [8] Undefined index: regtimeend G:\PHP\SEAMEN ManageSys\manage\Home\Controller\DipExpriedSearchController.class.php 第 40 行.
SQL: SHOW COLUMNS FROM `ms_seameninfo` [ RunTime:0.0054s ]
NOTIC: [8] Undefined variable: Page G:\PHP\SEAMEN ManageSys\manage\Home\Controller\DipExpriedSearchController.class.php 第 56 行.
NOTIC: [8] Trying to get property of non-object G:\PHP\SEAMEN ManageSys\manage\Home\Controller\DipExpriedSearchController.class.php 第 56 行.
NOTIC: [8] Undefined variable: Page G:\PHP\SEAMEN ManageSys\manage\Home\Controller\DipExpriedSearchController.class.php 第 56 行.
NOTIC: [8] Trying to get property of non-object G:\PHP\SEAMEN ManageSys\manage\Home\Controller\DipExpriedSearchController.class.php 第 56 行.
SQL: SELECT ms_seameninfo.id,`idnumber`,`realname`,`regtime`,`endtime` FROM `ms_seameninfo` INNER JOIN ms_holdercomminfo ON ms_seameninfo.holderid = ms_holdercomminfo.id  WHERE `idnumber` LIKE '%41%' AND `realname` LIKE '%XX%' AND `regtime` BETWEEN '1970-01-02' AND '2016-11-17'  [ RunTime:0.0006s ]
NOTIC: [8] Use of undefined constant isexp - assumed 'isexp' G:\PHP\SEAMEN ManageSys\manage\Home\Controller\DipExpriedSearchController.class.php 第 61 行.
NOTIC: [8] Use of undefined constant isexp - assumed 'isexp' G:\PHP\SEAMEN ManageSys\manage\Home\Controller\DipExpriedSearchController.class.php 第 63 行.
INFO: [ app_end ] --START--
INFO: Run Behavior\ShowPageTraceBehavior [ RunTime:0.000574s ]
INFO: [ app_end ] --END-- [ RunTime:0.000661s ]

[ 2016-11-17T12:57:31+08:00 ] 127.0.0.1 /home/DipExpriedSearch/search/?type=1&idnumber=41&realname=XX
INFO: [ app_init ] --START--
INFO: Run Behavior\BuildLiteBehavior [ RunTime:0.000024s ]
INFO: [ app_init ] --END-- [ RunTime:0.000494s ]
INFO: [ app_begin ] --START--
INFO: Run Behavior\ReadHtmlCacheBehavior [ RunTime:0.000539s ]
INFO: [ app_begin ] --END-- [ RunTime:0.000647s ]
SQL: SHOW COLUMNS FROM `ms_expiredtime` [ RunTime:0.0422s ]
SQL: SELECT * FROM `ms_expiredtime`  [ RunTime:0.0005s ]
NOTIC: [8] Undefined offset: 100 G:\PHP\SEAMEN ManageSys\manage\Home\Controller\DipExpriedSearchController.class.php 第 20 行.
NOTIC: [8] Undefined index: regtimebegin G:\PHP\SEAMEN ManageSys\manage\Home\Controller\DipExpriedSearchController.class.php 第 33 行.
NOTIC: [8] Undefined index: regtimeend G:\PHP\SEAMEN ManageSys\manage\Home\Controller\DipExpriedSearchController.class.php 第 39 行.
SQL: SHOW COLUMNS FROM `ms_seameninfo` [ RunTime:0.0082s ]
NOTIC: [8] Undefined variable: Page G:\PHP\SEAMEN ManageSys\manage\Home\Controller\DipExpriedSearchController.class.php 第 55 行.
NOTIC: [8] Trying to get property of non-object G:\PHP\SEAMEN ManageSys\manage\Home\Controller\DipExpriedSearchController.class.php 第 55 行.
NOTIC: [8] Undefined variable: Page G:\PHP\SEAMEN ManageSys\manage\Home\Controller\DipExpriedSearchController.class.php 第 55 行.
NOTIC: [8] Trying to get property of non-object G:\PHP\SEAMEN ManageSys\manage\Home\Controller\DipExpriedSearchController.class.php 第 55 行.
SQL: SELECT ms_seameninfo.id,`idnumber`,`realname`,`regtime`,`endtime` FROM `ms_seameninfo` INNER JOIN ms_holdercomminfo ON ms_seameninfo.holderid = ms_holdercomminfo.id  WHERE `idnumber` LIKE '%41%' AND `realname` LIKE '%XX%' AND `regtime` BETWEEN '1970-01-02' AND '2016-11-17'  [ RunTime:0.0007s ]
NOTIC: [8] Use of undefined constant isexp - assumed 'isexp' G:\PHP\SEAMEN ManageSys\manage\Home\Controller\DipExpriedSearchController.class.php 第 60 行.
NOTIC: [8] Use of undefined constant isexp - assumed 'isexp' G:\PHP\SEAMEN ManageSys\manage\Home\Controller\DipExpriedSearchController.class.php 第 62 行.
INFO: [ app_end ] --START--
INFO: Run Behavior\ShowPageTraceBehavior [ RunTime:0.000462s ]
INFO: [ app_end ] --END-- [ RunTime:0.000519s ]

[ 2016-11-17T12:58:54+08:00 ] 127.0.0.1 /home/DipExpriedSearch/search/?type=1&idnumber=41&realname=XX
INFO: [ app_init ] --START--
INFO: Run Behavior\BuildLiteBehavior [ RunTime:0.000025s ]
INFO: [ app_init ] --END-- [ RunTime:0.000471s ]
INFO: [ app_begin ] --START--
INFO: Run Behavior\ReadHtmlCacheBehavior [ RunTime:0.000461s ]
INFO: [ app_begin ] --END-- [ RunTime:0.000546s ]
SQL: SHOW COLUMNS FROM `ms_expiredtime` [ RunTime:0.0115s ]
SQL: SELECT * FROM `ms_expiredtime`  [ RunTime:0.0004s ]
NOTIC: [8] Undefined index: regtimebegin G:\PHP\SEAMEN ManageSys\manage\Home\Controller\DipExpriedSearchController.class.php 第 33 行.
NOTIC: [8] Undefined index: regtimeend G:\PHP\SEAMEN ManageSys\manage\Home\Controller\DipExpriedSearchController.class.php 第 39 行.
SQL: SHOW COLUMNS FROM `ms_seameninfo` [ RunTime:0.0207s ]
NOTIC: [8] Undefined variable: Page G:\PHP\SEAMEN ManageSys\manage\Home\Controller\DipExpriedSearchController.class.php 第 55 行.
NOTIC: [8] Trying to get property of non-object G:\PHP\SEAMEN ManageSys\manage\Home\Controller\DipExpriedSearchController.class.php 第 55 行.
NOTIC: [8] Undefined variable: Page G:\PHP\SEAMEN ManageSys\manage\Home\Controller\DipExpriedSearchController.class.php 第 55 行.
NOTIC: [8] Trying to get property of non-object G:\PHP\SEAMEN ManageSys\manage\Home\Controller\DipExpriedSearchController.class.php 第 55 行.
SQL: SELECT ms_seameninfo.id,`idnumber`,`realname`,`regtime`,`endtime` FROM `ms_seameninfo` INNER JOIN ms_holdercomminfo ON ms_seameninfo.holderid = ms_holdercomminfo.id  WHERE `idnumber` LIKE '%41%' AND `realname` LIKE '%XX%' AND `regtime` BETWEEN '1970-01-02' AND '2016-11-17'  [ RunTime:0.0004s ]
NOTIC: [8] Use of undefined constant isexp - assumed 'isexp' G:\PHP\SEAMEN ManageSys\manage\Home\Controller\DipExpriedSearchController.class.php 第 60 行.
NOTIC: [8] Use of undefined constant isexp - assumed 'isexp' G:\PHP\SEAMEN ManageSys\manage\Home\Controller\DipExpriedSearchController.class.php 第 62 行.
INFO: [ app_end ] --START--
INFO: Run Behavior\ShowPageTraceBehavior [ RunTime:0.000487s ]
INFO: [ app_end ] --END-- [ RunTime:0.000539s ]

[ 2016-11-17T12:59:43+08:00 ] 127.0.0.1 /home/DipExpriedSearch/search/?type=1&idnumber=41&realname=XX
INFO: [ app_init ] --START--
INFO: Run Behavior\BuildLiteBehavior [ RunTime:0.000020s ]
INFO: [ app_init ] --END-- [ RunTime:0.000488s ]
INFO: [ app_begin ] --START--
INFO: Run Behavior\ReadHtmlCacheBehavior [ RunTime:0.000366s ]
INFO: [ app_begin ] --END-- [ RunTime:0.000427s ]
SQL: SHOW COLUMNS FROM `ms_expiredtime` [ RunTime:0.0124s ]
SQL: SELECT * FROM `ms_expiredtime`  [ RunTime:0.0004s ]
NOTIC: [8] Undefined index: regtimebegin G:\PHP\SEAMEN ManageSys\manage\Home\Controller\DipExpriedSearchController.class.php 第 33 行.
NOTIC: [8] Undefined index: regtimeend G:\PHP\SEAMEN ManageSys\manage\Home\Controller\DipExpriedSearchController.class.php 第 39 行.
SQL: SHOW COLUMNS FROM `ms_seameninfo` [ RunTime:0.0569s ]
NOTIC: [8] Undefined variable: Page G:\PHP\SEAMEN ManageSys\manage\Home\Controller\DipExpriedSearchController.class.php 第 55 行.
NOTIC: [8] Trying to get property of non-object G:\PHP\SEAMEN ManageSys\manage\Home\Controller\DipExpriedSearchController.class.php 第 55 行.
NOTIC: [8] Undefined variable: Page G:\PHP\SEAMEN ManageSys\manage\Home\Controller\DipExpriedSearchController.class.php 第 55 行.
NOTIC: [8] Trying to get property of non-object G:\PHP\SEAMEN ManageSys\manage\Home\Controller\DipExpriedSearchController.class.php 第 55 行.
SQL: SELECT ms_seameninfo.id,`idnumber`,`realname`,`regtime`,`endtime` FROM `ms_seameninfo` INNER JOIN ms_holdercomminfo ON ms_seameninfo.holderid = ms_holdercomminfo.id  WHERE `idnumber` LIKE '%41%' AND `realname` LIKE '%XX%' AND `regtime` BETWEEN '1970-01-02' AND '2016-11-17'  [ RunTime:0.0006s ]
NOTIC: [8] Use of undefined constant isexp - assumed 'isexp' G:\PHP\SEAMEN ManageSys\manage\Home\Controller\DipExpriedSearchController.class.php 第 60 行.
NOTIC: [8] Use of undefined constant isexp - assumed 'isexp' G:\PHP\SEAMEN ManageSys\manage\Home\Controller\DipExpriedSearchController.class.php 第 62 行.
INFO: [ app_end ] --START--
INFO: Run Behavior\ShowPageTraceBehavior [ RunTime:0.000482s ]
INFO: [ app_end ] --END-- [ RunTime:0.000550s ]

[ 2016-11-17T12:59:50+08:00 ] 127.0.0.1 /home/DipExpriedSearch/search/?type=2&idnumber=41&realname=XX
INFO: [ app_init ] --START--
INFO: Run Behavior\BuildLiteBehavior [ RunTime:0.000029s ]
INFO: [ app_init ] --END-- [ RunTime:0.000566s ]
INFO: [ app_begin ] --START--
INFO: Run Behavior\ReadHtmlCacheBehavior [ RunTime:0.000505s ]
INFO: [ app_begin ] --END-- [ RunTime:0.000611s ]
SQL: SHOW COLUMNS FROM `ms_expiredtime` [ RunTime:0.0279s ]
SQL: SELECT * FROM `ms_expiredtime`  [ RunTime:0.0003s ]
NOTIC: [8] Undefined variable: expmouth G:\PHP\SEAMEN ManageSys\manage\Home\Controller\DipExpriedSearchController.class.php 第 18 行.
NOTIC: [8] Undefined variable: expmouth G:\PHP\SEAMEN ManageSys\manage\Home\Controller\DipExpriedSearchController.class.php 第 19 行.
NOTIC: [8] Undefined variable: expmouth G:\PHP\SEAMEN ManageSys\manage\Home\Controller\DipExpriedSearchController.class.php 第 26 行.
NOTIC: [8] Undefined index: regtimebegin G:\PHP\SEAMEN ManageSys\manage\Home\Controller\DipExpriedSearchController.class.php 第 33 行.
NOTIC: [8] Undefined index: regtimeend G:\PHP\SEAMEN ManageSys\manage\Home\Controller\DipExpriedSearchController.class.php 第 39 行.
INFO: [ app_end ] --START--
INFO: Run Behavior\ShowPageTraceBehavior [ RunTime:0.000537s ]
INFO: [ app_end ] --END-- [ RunTime:0.000626s ]

[ 2016-11-17T13:00:23+08:00 ] 127.0.0.1 /home/DipExpriedSearch/search/?type=2&idnumber=41&realname=XX
INFO: [ app_init ] --START--
INFO: Run Behavior\BuildLiteBehavior [ RunTime:0.000028s ]
INFO: [ app_init ] --END-- [ RunTime:0.000498s ]
INFO: [ app_begin ] --START--
INFO: Run Behavior\ReadHtmlCacheBehavior [ RunTime:0.000471s ]
INFO: [ app_begin ] --END-- [ RunTime:0.000580s ]
SQL: SHOW COLUMNS FROM `ms_expiredtime` [ RunTime:0.0144s ]
SQL: SELECT * FROM `ms_expiredtime`  [ RunTime:0.0005s ]
NOTIC: [8] Undefined variable: expmouth G:\PHP\SEAMEN ManageSys\manage\Home\Controller\DipExpriedSearchController.class.php 第 18 行.
NOTIC: [8] Undefined variable: expmouth G:\PHP\SEAMEN ManageSys\manage\Home\Controller\DipExpriedSearchController.class.php 第 19 行.
NOTIC: [8] Undefined variable: expmouth G:\PHP\SEAMEN ManageSys\manage\Home\Controller\DipExpriedSearchController.class.php 第 25 行.
NOTIC: [8] Undefined index: regtimebegin G:\PHP\SEAMEN ManageSys\manage\Home\Controller\DipExpriedSearchController.class.php 第 32 行.
NOTIC: [8] Undefined index: regtimeend G:\PHP\SEAMEN ManageSys\manage\Home\Controller\DipExpriedSearchController.class.php 第 38 行.
NOTIC: [8] Undefined variable: expmouth G:\PHP\SEAMEN ManageSys\manage\Home\Controller\DipExpriedSearchController.class.php 第 47 行.
INFO: [ app_end ] --START--
INFO: Run Behavior\ShowPageTraceBehavior [ RunTime:0.000477s ]
INFO: [ app_end ] --END-- [ RunTime:0.000554s ]

[ 2016-11-17T13:00:27+08:00 ] 127.0.0.1 /home/DipExpriedSearch/search/?type=1&idnumber=41&realname=XX
INFO: [ app_init ] --START--
INFO: Run Behavior\BuildLiteBehavior [ RunTime:0.000028s ]
INFO: [ app_init ] --END-- [ RunTime:0.000527s ]
INFO: [ app_begin ] --START--
INFO: Run Behavior\ReadHtmlCacheBehavior [ RunTime:0.000415s ]
INFO: [ app_begin ] --END-- [ RunTime:0.000516s ]
SQL: SHOW COLUMNS FROM `ms_expiredtime` [ RunTime:0.0965s ]
SQL: SELECT * FROM `ms_expiredtime`  [ RunTime:0.0011s ]
NOTIC: [8] Undefined index: regtimebegin G:\PHP\SEAMEN ManageSys\manage\Home\Controller\DipExpriedSearchController.class.php 第 32 行.
NOTIC: [8] Undefined index: regtimeend G:\PHP\SEAMEN ManageSys\manage\Home\Controller\DipExpriedSearchController.class.php 第 38 行.
SQL: SHOW COLUMNS FROM `ms_seameninfo` [ RunTime:0.0268s ]
NOTIC: [8] Undefined variable: Page G:\PHP\SEAMEN ManageSys\manage\Home\Controller\DipExpriedSearchController.class.php 第 54 行.
NOTIC: [8] Trying to get property of non-object G:\PHP\SEAMEN ManageSys\manage\Home\Controller\DipExpriedSearchController.class.php 第 54 行.
NOTIC: [8] Undefined variable: Page G:\PHP\SEAMEN ManageSys\manage\Home\Controller\DipExpriedSearchController.class.php 第 54 行.
NOTIC: [8] Trying to get property of non-object G:\PHP\SEAMEN ManageSys\manage\Home\Controller\DipExpriedSearchController.class.php 第 54 行.
SQL: SELECT ms_seameninfo.id,`idnumber`,`realname`,`regtime`,`endtime` FROM `ms_seameninfo` INNER JOIN ms_holdercomminfo ON ms_seameninfo.holderid = ms_holdercomminfo.id  WHERE `idnumber` LIKE '%41%' AND `realname` LIKE '%XX%' AND `regtime` BETWEEN '1970-01-02' AND '2016-11-17'  [ RunTime:0.0005s ]
NOTIC: [8] Use of undefined constant isexp - assumed 'isexp' G:\PHP\SEAMEN ManageSys\manage\Home\Controller\DipExpriedSearchController.class.php 第 59 行.
NOTIC: [8] Use of undefined constant isexp - assumed 'isexp' G:\PHP\SEAMEN ManageSys\manage\Home\Controller\DipExpriedSearchController.class.php 第 61 行.
INFO: [ app_end ] --START--
INFO: Run Behavior\ShowPageTraceBehavior [ RunTime:0.000403s ]
INFO: [ app_end ] --END-- [ RunTime:0.000464s ]

[ 2016-11-17T13:01:03+08:00 ] 127.0.0.1 /home/DipExpriedSearch/search/?type=1&idnumber=41&realname=XX
INFO: [ app_init ] --START--
INFO: Run Behavior\BuildLiteBehavior [ RunTime:0.000023s ]
INFO: [ app_init ] --END-- [ RunTime:0.000387s ]
INFO: [ app_begin ] --START--
INFO: Run Behavior\ReadHtmlCacheBehavior [ RunTime:0.000487s ]
INFO: [ app_begin ] --END-- [ RunTime:0.000575s ]

[ 2016-11-17T13:01:24+08:00 ] 127.0.0.1 /home/DipExpriedSearch/search/?type=1&idnumber=41&realname=XX
INFO: [ app_init ] --START--
INFO: Run Behavior\BuildLiteBehavior [ RunTime:0.000032s ]
INFO: [ app_init ] --END-- [ RunTime:0.000523s ]
INFO: [ app_begin ] --START--
INFO: Run Behavior\ReadHtmlCacheBehavior [ RunTime:0.000505s ]
INFO: [ app_begin ] --END-- [ RunTime:0.000619s ]
SQL: SHOW COLUMNS FROM `ms_expiredtime` [ RunTime:0.0169s ]
SQL: SELECT * FROM `ms_expiredtime`  [ RunTime:0.0005s ]
NOTIC: [8] Undefined index: regtimebegin G:\PHP\SEAMEN ManageSys\manage\Home\Controller\DipExpriedSearchController.class.php 第 31 行.
NOTIC: [8] Undefined index: regtimeend G:\PHP\SEAMEN ManageSys\manage\Home\Controller\DipExpriedSearchController.class.php 第 37 行.
SQL: SHOW COLUMNS FROM `ms_seameninfo` [ RunTime:0.0120s ]
NOTIC: [8] Undefined variable: Page G:\PHP\SEAMEN ManageSys\manage\Home\Controller\DipExpriedSearchController.class.php 第 53 行.
NOTIC: [8] Trying to get property of non-object G:\PHP\SEAMEN ManageSys\manage\Home\Controller\DipExpriedSearchController.class.php 第 53 行.
NOTIC: [8] Undefined variable: Page G:\PHP\SEAMEN ManageSys\manage\Home\Controller\DipExpriedSearchController.class.php 第 53 行.
NOTIC: [8] Trying to get property of non-object G:\PHP\SEAMEN ManageSys\manage\Home\Controller\DipExpriedSearchController.class.php 第 53 行.
SQL: SELECT ms_seameninfo.id,`idnumber`,`realname`,`regtime`,`endtime` FROM `ms_seameninfo` INNER JOIN ms_holdercomminfo ON ms_seameninfo.holderid = ms_holdercomminfo.id  WHERE `idnumber` LIKE '%41%' AND `realname` LIKE '%XX%' AND `regtime` BETWEEN '1970-01-02' AND '2016-11-17'  [ RunTime:0.0007s ]
NOTIC: [8] Use of undefined constant isexp - assumed 'isexp' G:\PHP\SEAMEN ManageSys\manage\Home\Controller\DipExpriedSearchController.class.php 第 58 行.
NOTIC: [8] Use of undefined constant isexp - assumed 'isexp' G:\PHP\SEAMEN ManageSys\manage\Home\Controller\DipExpriedSearchController.class.php 第 60 行.
INFO: [ app_end ] --START--
INFO: Run Behavior\ShowPageTraceBehavior [ RunTime:0.000580s ]
INFO: [ app_end ] --END-- [ RunTime:0.000678s ]

[ 2016-11-17T13:09:26+08:00 ] 127.0.0.1 /home/DipExpriedSearch/search/?type=1&idnumber=41&realname=XX
INFO: [ app_init ] --START--
INFO: Run Behavior\BuildLiteBehavior [ RunTime:0.000029s ]
INFO: [ app_init ] --END-- [ RunTime:0.000649s ]
INFO: [ app_begin ] --START--
INFO: Run Behavior\ReadHtmlCacheBehavior [ RunTime:0.000451s ]
INFO: [ app_begin ] --END-- [ RunTime:0.000540s ]
SQL: SHOW COLUMNS FROM `ms_expiredtime` [ RunTime:0.0119s ]
SQL: SELECT * FROM `ms_expiredtime`  [ RunTime:0.0005s ]
NOTIC: [8] Undefined index: regtimebegin G:\PHP\SEAMEN ManageSys\manage\Home\Controller\DipExpriedSearchController.class.php 第 31 行.
NOTIC: [8] Undefined index: regtimeend G:\PHP\SEAMEN ManageSys\manage\Home\Controller\DipExpriedSearchController.class.php 第 37 行.
SQL: SHOW COLUMNS FROM `ms_seameninfo` [ RunTime:0.0090s ]
NOTIC: [8] Undefined variable: Page G:\PHP\SEAMEN ManageSys\manage\Home\Controller\DipExpriedSearchController.class.php 第 52 行.
NOTIC: [8] Trying to get property of non-object G:\PHP\SEAMEN ManageSys\manage\Home\Controller\DipExpriedSearchController.class.php 第 52 行.
NOTIC: [8] Undefined variable: Page G:\PHP\SEAMEN ManageSys\manage\Home\Controller\DipExpriedSearchController.class.php 第 52 行.
NOTIC: [8] Trying to get property of non-object G:\PHP\SEAMEN ManageSys\manage\Home\Controller\DipExpriedSearchController.class.php 第 52 行.
SQL: SELECT ms_seameninfo.id,`idnumber`,`realname`,`regtime`,`endtime` FROM `ms_seameninfo` INNER JOIN ms_holdercomminfo ON ms_seameninfo.holderid = ms_holdercomminfo.id  WHERE `idnumber` LIKE '%41%' AND `realname` LIKE '%XX%' AND `regtime` BETWEEN '1970-01-02' AND '2016-11-17'  [ RunTime:0.0005s ]
NOTIC: [8] Use of undefined constant isexp - assumed 'isexp' G:\PHP\SEAMEN ManageSys\manage\Home\Controller\DipExpriedSearchController.class.php 第 57 行.
NOTIC: [8] Use of undefined constant isexp - assumed 'isexp' G:\PHP\SEAMEN ManageSys\manage\Home\Controller\DipExpriedSearchController.class.php 第 59 行.
INFO: [ app_end ] --START--
INFO: Run Behavior\ShowPageTraceBehavior [ RunTime:0.000474s ]
INFO: [ app_end ] --END-- [ RunTime:0.000525s ]

[ 2016-11-17T13:12:51+08:00 ] 127.0.0.1 /home/DipExpriedSearch/search/?type=1&idnumber=41&realname=XX
INFO: [ app_init ] --START--
INFO: Run Behavior\BuildLiteBehavior [ RunTime:0.000028s ]
INFO: [ app_init ] --END-- [ RunTime:0.000622s ]
INFO: [ app_begin ] --START--
INFO: Run Behavior\ReadHtmlCacheBehavior [ RunTime:0.000544s ]
INFO: [ app_begin ] --END-- [ RunTime:0.000669s ]
SQL: SHOW COLUMNS FROM `ms_expiredtime` [ RunTime:0.0142s ]
SQL: SELECT * FROM `ms_expiredtime`  [ RunTime:0.0004s ]
NOTIC: [8] Undefined index: regtimebegin G:\PHP\SEAMEN ManageSys\manage\Home\Controller\DipExpriedSearchController.class.php 第 31 行.
NOTIC: [8] Undefined index: regtimeend G:\PHP\SEAMEN ManageSys\manage\Home\Controller\DipExpriedSearchController.class.php 第 37 行.
SQL: SHOW COLUMNS FROM `ms_seameninfo` [ RunTime:0.0603s ]
NOTIC: [8] Undefined variable: Page G:\PHP\SEAMEN ManageSys\manage\Home\Controller\DipExpriedSearchController.class.php 第 53 行.
NOTIC: [8] Trying to get property of non-object G:\PHP\SEAMEN ManageSys\manage\Home\Controller\DipExpriedSearchController.class.php 第 53 行.
NOTIC: [8] Undefined variable: Page G:\PHP\SEAMEN ManageSys\manage\Home\Controller\DipExpriedSearchController.class.php 第 53 行.
NOTIC: [8] Trying to get property of non-object G:\PHP\SEAMEN ManageSys\manage\Home\Controller\DipExpriedSearchController.class.php 第 53 行.
SQL: SELECT ms_seameninfo.id,`idnumber`,`realname`,`regtime`,`endtime` FROM `ms_seameninfo` INNER JOIN ms_holdercomminfo ON ms_seameninfo.holderid = ms_holdercomminfo.id  WHERE `idnumber` LIKE '%41%' AND `realname` LIKE '%XX%' AND `regtime` BETWEEN '1970-01-02' AND '2016-11-17'  [ RunTime:0.0006s ]
NOTIC: [8] Use of undefined constant isexp - assumed 'isexp' G:\PHP\SEAMEN ManageSys\manage\Home\Controller\DipExpriedSearchController.class.php 第 60 行.
NOTIC: [8] Use of undefined constant isexp - assumed 'isexp' G:\PHP\SEAMEN ManageSys\manage\Home\Controller\DipExpriedSearchController.class.php 第 62 行.
INFO: [ app_end ] --START--
INFO: Run Behavior\ShowPageTraceBehavior [ RunTime:0.000446s ]
INFO: [ app_end ] --END-- [ RunTime:0.000502s ]

[ 2016-11-17T13:12:52+08:00 ] 127.0.0.1 /home/DipExpriedSearch/search/?type=1&idnumber=41&realname=XX
INFO: [ app_init ] --START--
INFO: Run Behavior\BuildLiteBehavior [ RunTime:0.000030s ]
INFO: [ app_init ] --END-- [ RunTime:0.000496s ]
INFO: [ app_begin ] --START--
INFO: Run Behavior\ReadHtmlCacheBehavior [ RunTime:0.000314s ]
INFO: [ app_begin ] --END-- [ RunTime:0.000390s ]
SQL: SHOW COLUMNS FROM `ms_expiredtime` [ RunTime:0.0196s ]
SQL: SELECT * FROM `ms_expiredtime`  [ RunTime:0.0003s ]
NOTIC: [8] Undefined index: regtimebegin G:\PHP\SEAMEN ManageSys\manage\Home\Controller\DipExpriedSearchController.class.php 第 31 行.
NOTIC: [8] Undefined index: regtimeend G:\PHP\SEAMEN ManageSys\manage\Home\Controller\DipExpriedSearchController.class.php 第 37 行.
SQL: SHOW COLUMNS FROM `ms_seameninfo` [ RunTime:0.0108s ]
NOTIC: [8] Undefined variable: Page G:\PHP\SEAMEN ManageSys\manage\Home\Controller\DipExpriedSearchController.class.php 第 53 行.
NOTIC: [8] Trying to get property of non-object G:\PHP\SEAMEN ManageSys\manage\Home\Controller\DipExpriedSearchController.class.php 第 53 行.
NOTIC: [8] Undefined variable: Page G:\PHP\SEAMEN ManageSys\manage\Home\Controller\DipExpriedSearchController.class.php 第 53 行.
NOTIC: [8] Trying to get property of non-object G:\PHP\SEAMEN ManageSys\manage\Home\Controller\DipExpriedSearchController.class.php 第 53 行.
SQL: SELECT ms_seameninfo.id,`idnumber`,`realname`,`regtime`,`endtime` FROM `ms_seameninfo` INNER JOIN ms_holdercomminfo ON ms_seameninfo.holderid = ms_holdercomminfo.id  WHERE `idnumber` LIKE '%41%' AND `realname` LIKE '%XX%' AND `regtime` BETWEEN '1970-01-02' AND '2016-11-17'  [ RunTime:0.0006s ]
NOTIC: [8] Use of undefined constant isexp - assumed 'isexp' G:\PHP\SEAMEN ManageSys\manage\Home\Controller\DipExpriedSearchController.class.php 第 60 行.
NOTIC: [8] Use of undefined constant isexp - assumed 'isexp' G:\PHP\SEAMEN ManageSys\manage\Home\Controller\DipExpriedSearchController.class.php 第 62 行.
INFO: [ app_end ] --START--
INFO: Run Behavior\ShowPageTraceBehavior [ RunTime:0.000416s ]
INFO: [ app_end ] --END-- [ RunTime:0.000488s ]

[ 2016-11-17T13:13:07+08:00 ] 127.0.0.1 /home/DipExpriedSearch/search/?type=1&idnumber=41&realname=XX
INFO: [ app_init ] --START--
INFO: Run Behavior\BuildLiteBehavior [ RunTime:0.000018s ]
INFO: [ app_init ] --END-- [ RunTime:0.000344s ]
INFO: [ app_begin ] --START--
INFO: Run Behavior\ReadHtmlCacheBehavior [ RunTime:0.000538s ]
INFO: [ app_begin ] --END-- [ RunTime:0.000614s ]
SQL: SHOW COLUMNS FROM `ms_expiredtime` [ RunTime:0.0558s ]
SQL: SELECT * FROM `ms_expiredtime`  [ RunTime:0.0004s ]
NOTIC: [8] Undefined index: regtimebegin G:\PHP\SEAMEN ManageSys\manage\Home\Controller\DipExpriedSearchController.class.php 第 31 行.
NOTIC: [8] Undefined index: regtimeend G:\PHP\SEAMEN ManageSys\manage\Home\Controller\DipExpriedSearchController.class.php 第 37 行.
SQL: SHOW COLUMNS FROM `ms_seameninfo` [ RunTime:0.0161s ]
NOTIC: [8] Undefined variable: Page G:\PHP\SEAMEN ManageSys\manage\Home\Controller\DipExpriedSearchController.class.php 第 53 行.
NOTIC: [8] Trying to get property of non-object G:\PHP\SEAMEN ManageSys\manage\Home\Controller\DipExpriedSearchController.class.php 第 53 行.
NOTIC: [8] Undefined variable: Page G:\PHP\SEAMEN ManageSys\manage\Home\Controller\DipExpriedSearchController.class.php 第 53 行.
NOTIC: [8] Trying to get property of non-object G:\PHP\SEAMEN ManageSys\manage\Home\Controller\DipExpriedSearchController.class.php 第 53 行.
SQL: SELECT ms_seameninfo.id,`idnumber`,`realname`,`regtime`,`endtime` FROM `ms_seameninfo` INNER JOIN ms_holdercomminfo ON ms_seameninfo.holderid = ms_holdercomminfo.id  WHERE `idnumber` LIKE '%41%' AND `realname` LIKE '%XX%' AND `regtime` BETWEEN '1970-01-02' AND '2016-11-17'  [ RunTime:0.0007s ]
NOTIC: [8] Use of undefined constant isexp - assumed 'isexp' G:\PHP\SEAMEN ManageSys\manage\Home\Controller\DipExpriedSearchController.class.php 第 58 行.
NOTIC: [8] Use of undefined constant isexp - assumed 'isexp' G:\PHP\SEAMEN ManageSys\manage\Home\Controller\DipExpriedSearchController.class.php 第 62 行.
INFO: [ app_end ] --START--
INFO: Run Behavior\ShowPageTraceBehavior [ RunTime:0.000546s ]
INFO: [ app_end ] --END-- [ RunTime:0.000647s ]

