[ 2016-11-26T15:15:38+08:00 ] 127.0.0.1 /
INFO: [ app_init ] --START--
INFO: Run Behavior\BuildLiteBehavior [ RunTime:0.000028s ]
INFO: [ app_init ] --END-- [ RunTime:0.030632s ]
INFO: [ app_begin ] --START--
INFO: Run Behavior\ReadHtmlCacheBehavior [ RunTime:0.030355s ]
INFO: [ app_begin ] --END-- [ RunTime:0.030506s ]
NOTIC: [8] Undefined index: username G:\PHP\SEAMEN ManageSys\manage\Home\Controller\IndexController.class.php 第 6 行.
INFO: [ view_parse ] --START--
INFO: [ template_filter ] --START--
INFO: Run Behavior\ContentReplaceBehavior [ RunTime:0.013542s ]
INFO: [ template_filter ] --END-- [ RunTime:0.013631s ]
INFO: Run Behavior\ParseTemplateBehavior [ RunTime:0.254698s ]
INFO: [ view_parse ] --END-- [ RunTime:0.254808s ]
INFO: [ view_filter ] --START--
INFO: Run Behavior\WriteHtmlCacheBehavior [ RunTime:0.010012s ]
INFO: [ view_filter ] --END-- [ RunTime:0.010082s ]
INFO: [ app_end ] --START--
INFO: Run Behavior\ShowPageTraceBehavior [ RunTime:0.021437s ]
INFO: [ app_end ] --END-- [ RunTime:0.021532s ]

[ 2016-11-26T15:15:38+08:00 ] 127.0.0.1 /home/public/verify.html
INFO: [ app_init ] --START--
INFO: Run Behavior\BuildLiteBehavior [ RunTime:0.000018s ]
INFO: [ app_init ] --END-- [ RunTime:0.000437s ]
INFO: [ app_begin ] --START--
INFO: Run Behavior\ReadHtmlCacheBehavior [ RunTime:0.000386s ]
INFO: [ app_begin ] --END-- [ RunTime:0.000477s ]
INFO: [ app_end ] --START--
INFO: Run Behavior\ShowPageTraceBehavior [ RunTime:0.000448s ]
INFO: [ app_end ] --END-- [ RunTime:0.000547s ]

[ 2016-11-26T15:15:39+08:00 ] 127.0.0.1 /Public/timg.jpg
INFO: [ app_init ] --START--
INFO: Run Behavior\BuildLiteBehavior [ RunTime:0.000015s ]
INFO: [ app_init ] --END-- [ RunTime:0.000347s ]

[ 2016-11-26T15:15:41+08:00 ] 127.0.0.1 /images/aiwrap.png
INFO: [ app_init ] --START--
INFO: Run Behavior\BuildLiteBehavior [ RunTime:0.000021s ]
INFO: [ app_init ] --END-- [ RunTime:0.000413s ]

[ 2016-11-26T15:15:41+08:00 ] 127.0.0.1 /favicon.ico
INFO: [ app_init ] --START--
INFO: Run Behavior\BuildLiteBehavior [ RunTime:0.000024s ]
INFO: [ app_init ] --END-- [ RunTime:0.000365s ]

[ 2016-11-26T15:16:41+08:00 ] 127.0.0.1 /enter/enter
INFO: [ app_init ] --START--
INFO: Run Behavior\BuildLiteBehavior [ RunTime:0.000024s ]
INFO: [ app_init ] --END-- [ RunTime:0.000410s ]
INFO: [ app_begin ] --START--
INFO: Run Behavior\ReadHtmlCacheBehavior [ RunTime:0.000308s ]
INFO: [ app_begin ] --END-- [ RunTime:0.000400s ]
SQL: SHOW COLUMNS FROM `ms_user` [ RunTime:0.0128s ]
SQL: SELECT `id` FROM `ms_user` WHERE `username` = 'f' AND `password` = '888888'  [ RunTime:0.0004s ]
INFO: [ view_parse ] --START--
INFO: [ template_filter ] --START--
INFO: Run Behavior\ContentReplaceBehavior [ RunTime:0.000043s ]
INFO: [ template_filter ] --END-- [ RunTime:0.000128s ]
NOTIC: [8] Undefined variable: message G:\PHP\SEAMEN ManageSys\manage\Runtime\Cache\Home\a2d8d22bf2ee0d479fc303bbf4c95984.php 第 20 行.
INFO: Run Behavior\ParseTemplateBehavior [ RunTime:0.024640s ]
INFO: [ view_parse ] --END-- [ RunTime:0.024702s ]
INFO: [ view_filter ] --START--
INFO: Run Behavior\WriteHtmlCacheBehavior [ RunTime:0.000444s ]
INFO: [ view_filter ] --END-- [ RunTime:0.000502s ]

[ 2016-11-26T15:16:41+08:00 ] 127.0.0.1 /Public/assets/css/bs3/dpl.css
INFO: [ app_init ] --START--
INFO: Run Behavior\BuildLiteBehavior [ RunTime:0.000027s ]
INFO: [ app_init ] --END-- [ RunTime:0.000498s ]
INFO: [ app_begin ] --START--
INFO: Run Behavior\ReadHtmlCacheBehavior [ RunTime:0.000590s ]
INFO: [ app_begin ] --END-- [ RunTime:0.000698s ]
ERR: 非法操作:assets

[ 2016-11-26T15:16:41+08:00 ] 127.0.0.1 /Public/assets/css/bs3/bui.css
INFO: [ app_init ] --START--
INFO: Run Behavior\BuildLiteBehavior [ RunTime:0.000031s ]
INFO: [ app_init ] --END-- [ RunTime:0.000647s ]
INFO: [ app_begin ] --START--
INFO: Run Behavior\ReadHtmlCacheBehavior [ RunTime:0.000623s ]
INFO: [ app_begin ] --END-- [ RunTime:0.000754s ]
ERR: 非法操作:assets

[ 2016-11-26T15:16:44+08:00 ] 127.0.0.1 /enter/login.html
INFO: [ app_init ] --START--
INFO: Run Behavior\BuildLiteBehavior [ RunTime:0.000018s ]
INFO: [ app_init ] --END-- [ RunTime:0.000407s ]
INFO: [ app_begin ] --START--
INFO: Run Behavior\ReadHtmlCacheBehavior [ RunTime:0.000377s ]
INFO: [ app_begin ] --END-- [ RunTime:0.000454s ]
INFO: [ view_parse ] --START--
INFO: [ template_filter ] --START--
INFO: Run Behavior\ContentReplaceBehavior [ RunTime:0.000081s ]
INFO: [ template_filter ] --END-- [ RunTime:0.000196s ]
INFO: Run Behavior\ParseTemplateBehavior [ RunTime:0.014118s ]
INFO: [ view_parse ] --END-- [ RunTime:0.014206s ]
INFO: [ view_filter ] --START--
INFO: Run Behavior\WriteHtmlCacheBehavior [ RunTime:0.000463s ]
INFO: [ view_filter ] --END-- [ RunTime:0.000517s ]
INFO: [ app_end ] --START--
INFO: Run Behavior\ShowPageTraceBehavior [ RunTime:0.000417s ]
INFO: [ app_end ] --END-- [ RunTime:0.000464s ]

[ 2016-11-26T15:16:44+08:00 ] 127.0.0.1 /home/public/verify.html
INFO: [ app_init ] --START--
INFO: Run Behavior\BuildLiteBehavior [ RunTime:0.000017s ]
INFO: [ app_init ] --END-- [ RunTime:0.000310s ]
INFO: [ app_begin ] --START--
INFO: Run Behavior\ReadHtmlCacheBehavior [ RunTime:0.000273s ]
INFO: [ app_begin ] --END-- [ RunTime:0.000333s ]
INFO: [ app_end ] --START--
INFO: Run Behavior\ShowPageTraceBehavior [ RunTime:0.000466s ]
INFO: [ app_end ] --END-- [ RunTime:0.000568s ]

[ 2016-11-26T15:16:44+08:00 ] 127.0.0.1 /Public/timg.jpg
INFO: [ app_init ] --START--
INFO: Run Behavior\BuildLiteBehavior [ RunTime:0.000033s ]
INFO: [ app_init ] --END-- [ RunTime:0.000590s ]

[ 2016-11-26T15:16:44+08:00 ] 127.0.0.1 /enter/images/aiwrap.png
INFO: [ app_init ] --START--
INFO: Run Behavior\BuildLiteBehavior [ RunTime:0.000030s ]
INFO: [ app_init ] --END-- [ RunTime:0.000565s ]

[ 2016-11-26T15:17:04+08:00 ] 127.0.0.1 /enter/enter
INFO: [ app_init ] --START--
INFO: Run Behavior\BuildLiteBehavior [ RunTime:0.000017s ]
INFO: [ app_init ] --END-- [ RunTime:0.000390s ]
INFO: [ app_begin ] --START--
INFO: Run Behavior\ReadHtmlCacheBehavior [ RunTime:0.000436s ]
INFO: [ app_begin ] --END-- [ RunTime:0.000527s ]
SQL: SHOW COLUMNS FROM `ms_user` [ RunTime:0.0132s ]
SQL: SELECT `id` FROM `ms_user` WHERE `username` = 'f' AND `password` = 'g55'  [ RunTime:0.0004s ]
NOTIC: [8] Undefined index: superadmin G:\PHP\SEAMEN ManageSys\ThinkPHP\Library\Org\Util\Rbac.class.php 第 88 行.
SQL: select node.id,node.name from ms_role as role,ms_role_user as user,ms_access as access ,ms_node as node where user.user_id='4' and user.role_id=role.id and ( access.role_id=role.id  or (access.role_id=role.pid and role.pid!=0 ) ) and role.status=1 and access.node_id=node.id and node.level=1 and node.status=1 [ RunTime:0.2625s ]
SQL: select node.id,node.name from ms_role as role,ms_role_user as user,ms_access as access ,ms_node as node where user.user_id='4' and user.role_id=role.id and ( access.role_id=role.id  or (access.role_id=role.pid and role.pid!=0 ) ) and role.status=1 and access.node_id=node.id and node.level=2 and node.pid=1 and node.status=1 [ RunTime:0.0006s ]
SQL: select node.id,node.name from ms_role as role,ms_role_user as user,ms_access as access ,ms_node as node where user.user_id='4' and user.role_id=role.id and ( access.role_id=role.id  or (access.role_id=role.pid and role.pid!=0 ) ) and role.status=1 and access.node_id=node.id and node.level=3 and node.pid=2 and node.status=1 [ RunTime:0.0006s ]
INFO: [ view_parse ] --START--
INFO: [ template_filter ] --START--
INFO: Run Behavior\ContentReplaceBehavior [ RunTime:0.000059s ]
INFO: [ template_filter ] --END-- [ RunTime:0.000129s ]
INFO: Run Behavior\ParseTemplateBehavior [ RunTime:0.024234s ]
INFO: [ view_parse ] --END-- [ RunTime:0.024332s ]
INFO: [ view_filter ] --START--
INFO: Run Behavior\WriteHtmlCacheBehavior [ RunTime:0.000352s ]
INFO: [ view_filter ] --END-- [ RunTime:0.000402s ]
INFO: [ app_end ] --START--
INFO: Run Behavior\ShowPageTraceBehavior [ RunTime:0.000325s ]
INFO: [ app_end ] --END-- [ RunTime:0.000387s ]

[ 2016-11-26T15:17:04+08:00 ] 127.0.0.1 /Public/assets/css/bs3/dpl.css
INFO: [ app_init ] --START--
INFO: Run Behavior\BuildLiteBehavior [ RunTime:0.000025s ]
INFO: [ app_init ] --END-- [ RunTime:0.000488s ]
INFO: [ app_begin ] --START--
INFO: Run Behavior\ReadHtmlCacheBehavior [ RunTime:0.000504s ]
INFO: [ app_begin ] --END-- [ RunTime:0.000613s ]
ERR: 非法操作:assets

[ 2016-11-26T15:17:04+08:00 ] 127.0.0.1 /Public/assets/css/bs3/bui.css
INFO: [ app_init ] --START--
INFO: Run Behavior\BuildLiteBehavior [ RunTime:0.000028s ]
INFO: [ app_init ] --END-- [ RunTime:0.000475s ]
INFO: [ app_begin ] --START--
INFO: Run Behavior\ReadHtmlCacheBehavior [ RunTime:0.000481s ]
INFO: [ app_begin ] --END-- [ RunTime:0.000603s ]
ERR: 非法操作:assets

[ 2016-11-26T15:17:05+08:00 ] 127.0.0.1 /index/personal_information.html
INFO: [ app_init ] --START--
INFO: Run Behavior\BuildLiteBehavior [ RunTime:0.000017s ]
INFO: [ app_init ] --END-- [ RunTime:0.000348s ]
INFO: [ app_begin ] --START--
INFO: Run Behavior\ReadHtmlCacheBehavior [ RunTime:0.000532s ]
INFO: [ app_begin ] --END-- [ RunTime:0.000603s ]
SQL: SHOW COLUMNS FROM `ms_user` [ RunTime:0.0115s ]
SQL: SELECT * FROM `ms_user` WHERE `username` = 'f'  [ RunTime:0.0005s ]
INFO: [ view_parse ] --START--
INFO: [ template_filter ] --START--
INFO: Run Behavior\ContentReplaceBehavior [ RunTime:0.000073s ]
INFO: [ template_filter ] --END-- [ RunTime:0.000145s ]
INFO: Run Behavior\ParseTemplateBehavior [ RunTime:0.283217s ]
INFO: [ view_parse ] --END-- [ RunTime:0.283305s ]
INFO: [ view_filter ] --START--
INFO: Run Behavior\WriteHtmlCacheBehavior [ RunTime:0.000389s ]
INFO: [ view_filter ] --END-- [ RunTime:0.000443s ]
INFO: [ app_end ] --START--
INFO: Run Behavior\ShowPageTraceBehavior [ RunTime:0.000363s ]
INFO: [ app_end ] --END-- [ RunTime:0.000409s ]

[ 2016-11-26T15:17:05+08:00 ] 127.0.0.1 /Public/fonts/glyphicons-halflings-regular.woff
INFO: [ app_init ] --START--
INFO: Run Behavior\BuildLiteBehavior [ RunTime:0.000021s ]
INFO: [ app_init ] --END-- [ RunTime:0.000455s ]
INFO: [ app_begin ] --START--
INFO: Run Behavior\ReadHtmlCacheBehavior [ RunTime:0.000306s ]
INFO: [ app_begin ] --END-- [ RunTime:0.000364s ]
ERR: 非法操作:fonts

[ 2016-11-26T15:17:06+08:00 ] 127.0.0.1 /Public/fonts/glyphicons-halflings-regular.ttf
INFO: [ app_init ] --START--
INFO: Run Behavior\BuildLiteBehavior [ RunTime:0.000028s ]
INFO: [ app_init ] --END-- [ RunTime:0.000434s ]
INFO: [ app_begin ] --START--
INFO: Run Behavior\ReadHtmlCacheBehavior [ RunTime:0.000420s ]
INFO: [ app_begin ] --END-- [ RunTime:0.000511s ]
ERR: 非法操作:fonts

[ 2016-11-26T15:17:12+08:00 ] 127.0.0.1 /index/seaman_input.html
INFO: [ app_init ] --START--
INFO: Run Behavior\BuildLiteBehavior [ RunTime:0.000019s ]
INFO: [ app_init ] --END-- [ RunTime:0.000352s ]
INFO: [ app_begin ] --START--
INFO: Run Behavior\ReadHtmlCacheBehavior [ RunTime:0.000367s ]
INFO: [ app_begin ] --END-- [ RunTime:0.000430s ]
ERR: 非法操作:seaman_input

[ 2016-11-26T15:17:16+08:00 ] 127.0.0.1 /Public/fonts/glyphicons-halflings-regular.woff
INFO: [ app_init ] --START--
INFO: Run Behavior\BuildLiteBehavior [ RunTime:0.000028s ]
INFO: [ app_init ] --END-- [ RunTime:0.000609s ]
INFO: [ app_begin ] --START--
INFO: Run Behavior\ReadHtmlCacheBehavior [ RunTime:0.000630s ]
INFO: [ app_begin ] --END-- [ RunTime:0.000753s ]
ERR: 非法操作:fonts

[ 2016-11-26T15:17:16+08:00 ] 127.0.0.1 /Public/fonts/glyphicons-halflings-regular.ttf
INFO: [ app_init ] --START--
INFO: Run Behavior\BuildLiteBehavior [ RunTime:0.000030s ]
INFO: [ app_init ] --END-- [ RunTime:0.000667s ]
INFO: [ app_begin ] --START--
INFO: Run Behavior\ReadHtmlCacheBehavior [ RunTime:0.000420s ]
INFO: [ app_begin ] --END-- [ RunTime:0.000523s ]
ERR: 非法操作:fonts

[ 2016-11-26T15:18:16+08:00 ] 127.0.0.1 /index/qualify_check.html
INFO: [ app_init ] --START--
INFO: Run Behavior\BuildLiteBehavior [ RunTime:0.000020s ]
INFO: [ app_init ] --END-- [ RunTime:0.000411s ]
INFO: [ app_begin ] --START--
INFO: Run Behavior\ReadHtmlCacheBehavior [ RunTime:0.000444s ]
INFO: [ app_begin ] --END-- [ RunTime:0.000538s ]
ERR: 非法操作:qualify_check

[ 2016-11-26T15:18:19+08:00 ] 127.0.0.1 /Public/fonts/glyphicons-halflings-regular.woff
INFO: [ app_init ] --START--
INFO: Run Behavior\BuildLiteBehavior [ RunTime:0.000018s ]
INFO: [ app_init ] --END-- [ RunTime:0.000365s ]
INFO: [ app_begin ] --START--
INFO: Run Behavior\ReadHtmlCacheBehavior [ RunTime:0.000477s ]
INFO: [ app_begin ] --END-- [ RunTime:0.000580s ]
ERR: 非法操作:fonts

[ 2016-11-26T15:18:19+08:00 ] 127.0.0.1 /Public/fonts/glyphicons-halflings-regular.ttf
INFO: [ app_init ] --START--
INFO: Run Behavior\BuildLiteBehavior [ RunTime:0.000034s ]
INFO: [ app_init ] --END-- [ RunTime:0.000575s ]
INFO: [ app_begin ] --START--
INFO: Run Behavior\ReadHtmlCacheBehavior [ RunTime:0.000433s ]
INFO: [ app_begin ] --END-- [ RunTime:0.000544s ]
ERR: 非法操作:fonts

[ 2016-11-26T15:18:31+08:00 ] 127.0.0.1 /messagemanage/user_add
INFO: [ app_init ] --START--
INFO: Run Behavior\BuildLiteBehavior [ RunTime:0.000020s ]
INFO: [ app_init ] --END-- [ RunTime:0.000425s ]
INFO: [ app_begin ] --START--
INFO: Run Behavior\ReadHtmlCacheBehavior [ RunTime:0.000397s ]
INFO: [ app_begin ] --END-- [ RunTime:0.000469s ]
SQL: SHOW COLUMNS FROM `ms_user` [ RunTime:0.0137s ]
SQL: SELECT * FROM `ms_user` WHERE `username` = 'f'  [ RunTime:0.0004s ]
INFO: [ view_parse ] --START--
INFO: [ template_filter ] --START--
INFO: Run Behavior\ContentReplaceBehavior [ RunTime:0.000130s ]
INFO: [ template_filter ] --END-- [ RunTime:0.000280s ]
INFO: Run Behavior\ParseTemplateBehavior [ RunTime:0.105287s ]
INFO: [ view_parse ] --END-- [ RunTime:0.105369s ]
INFO: [ view_filter ] --START--
INFO: Run Behavior\WriteHtmlCacheBehavior [ RunTime:0.000417s ]
INFO: [ view_filter ] --END-- [ RunTime:0.000473s ]
INFO: [ app_end ] --START--
INFO: Run Behavior\ShowPageTraceBehavior [ RunTime:0.000362s ]
INFO: [ app_end ] --END-- [ RunTime:0.000413s ]

[ 2016-11-26T15:18:31+08:00 ] 127.0.0.1 /Public/fonts/glyphicons-halflings-regular.woff
INFO: [ app_init ] --START--
INFO: Run Behavior\BuildLiteBehavior [ RunTime:0.000017s ]
INFO: [ app_init ] --END-- [ RunTime:0.000333s ]
INFO: [ app_begin ] --START--
INFO: Run Behavior\ReadHtmlCacheBehavior [ RunTime:0.000312s ]
INFO: [ app_begin ] --END-- [ RunTime:0.000368s ]
ERR: 非法操作:fonts

[ 2016-11-26T15:18:31+08:00 ] 127.0.0.1 /Public/fonts/glyphicons-halflings-regular.ttf
INFO: [ app_init ] --START--
INFO: Run Behavior\BuildLiteBehavior [ RunTime:0.000030s ]
INFO: [ app_init ] --END-- [ RunTime:0.000446s ]
INFO: [ app_begin ] --START--
INFO: Run Behavior\ReadHtmlCacheBehavior [ RunTime:0.000393s ]
INFO: [ app_begin ] --END-- [ RunTime:0.000522s ]
ERR: 非法操作:fonts

[ 2016-11-26T15:18:34+08:00 ] 127.0.0.1 /messagemanage/user_manage
INFO: [ app_init ] --START--
INFO: Run Behavior\BuildLiteBehavior [ RunTime:0.000015s ]
INFO: [ app_init ] --END-- [ RunTime:0.000337s ]
INFO: [ app_begin ] --START--
INFO: Run Behavior\ReadHtmlCacheBehavior [ RunTime:0.000308s ]
INFO: [ app_begin ] --END-- [ RunTime:0.000364s ]
SQL: SHOW COLUMNS FROM `ms_user` [ RunTime:0.0128s ]
SQL: SELECT * FROM `ms_user` WHERE `username` = 'f'  [ RunTime:0.0004s ]
INFO: [ view_parse ] --START--
INFO: [ template_filter ] --START--
INFO: Run Behavior\ContentReplaceBehavior [ RunTime:0.000085s ]
INFO: [ template_filter ] --END-- [ RunTime:0.000151s ]
NOTIC: [8] Undefined variable: da G:\PHP\SEAMEN ManageSys\manage\Runtime\Cache\Home\522e5187eb4e2266d974ae3eef8b7af6.php 第 182 行.
INFO: Run Behavior\ParseTemplateBehavior [ RunTime:0.094152s ]
INFO: [ view_parse ] --END-- [ RunTime:0.094228s ]
INFO: [ view_filter ] --START--
INFO: Run Behavior\WriteHtmlCacheBehavior [ RunTime:0.000448s ]
INFO: [ view_filter ] --END-- [ RunTime:0.000515s ]
INFO: [ app_end ] --START--
INFO: Run Behavior\ShowPageTraceBehavior [ RunTime:0.000564s ]
INFO: [ app_end ] --END-- [ RunTime:0.000668s ]

[ 2016-11-26T15:18:35+08:00 ] 127.0.0.1 /Public/fonts/glyphicons-halflings-regular.woff
INFO: [ app_init ] --START--
INFO: Run Behavior\BuildLiteBehavior [ RunTime:0.000017s ]
INFO: [ app_init ] --END-- [ RunTime:0.000297s ]
INFO: [ app_begin ] --START--
INFO: Run Behavior\ReadHtmlCacheBehavior [ RunTime:0.000284s ]
INFO: [ app_begin ] --END-- [ RunTime:0.000353s ]
ERR: 非法操作:fonts

[ 2016-11-26T15:18:35+08:00 ] 127.0.0.1 /Public/fonts/glyphicons-halflings-regular.ttf
INFO: [ app_init ] --START--
INFO: Run Behavior\BuildLiteBehavior [ RunTime:0.000019s ]
INFO: [ app_init ] --END-- [ RunTime:0.000502s ]
INFO: [ app_begin ] --START--
INFO: Run Behavior\ReadHtmlCacheBehavior [ RunTime:0.000827s ]
INFO: [ app_begin ] --END-- [ RunTime:0.001033s ]
ERR: 非法操作:fonts

[ 2016-11-26T15:20:26+08:00 ] 127.0.0.1 /home/seamenManage/searchinfo/?p=2
INFO: [ app_init ] --START--
INFO: Run Behavior\BuildLiteBehavior [ RunTime:0.000017s ]
INFO: [ app_init ] --END-- [ RunTime:0.000322s ]
INFO: [ app_begin ] --START--
INFO: Run Behavior\ReadHtmlCacheBehavior [ RunTime:0.000285s ]
INFO: [ app_begin ] --END-- [ RunTime:0.000336s ]
NOTIC: [8] Undefined index: idnumber G:\PHP\SEAMEN ManageSys\manage\Home\Controller\SeamenManageController.class.php 第 71 行.
NOTIC: [8] Undefined index: realname G:\PHP\SEAMEN ManageSys\manage\Home\Controller\SeamenManageController.class.php 第 74 行.
NOTIC: [8] Undefined index: holderid G:\PHP\SEAMEN ManageSys\manage\Home\Controller\SeamenManageController.class.php 第 77 行.
NOTIC: [8] Undefined index: nation G:\PHP\SEAMEN ManageSys\manage\Home\Controller\SeamenManageController.class.php 第 80 行.
NOTIC: [8] Undefined index: birtharea G:\PHP\SEAMEN ManageSys\manage\Home\Controller\SeamenManageController.class.php 第 83 行.
NOTIC: [8] Undefined index: signorgid G:\PHP\SEAMEN ManageSys\manage\Home\Controller\SeamenManageController.class.php 第 86 行.
NOTIC: [8] Undefined index: regtimebegin G:\PHP\SEAMEN ManageSys\manage\Home\Controller\SeamenManageController.class.php 第 90 行.
NOTIC: [8] Undefined index: regtimeend G:\PHP\SEAMEN ManageSys\manage\Home\Controller\SeamenManageController.class.php 第 96 行.
NOTIC: [8] Undefined index: endtimebegin G:\PHP\SEAMEN ManageSys\manage\Home\Controller\SeamenManageController.class.php 第 103 行.
NOTIC: [8] Undefined index: endtimeend G:\PHP\SEAMEN ManageSys\manage\Home\Controller\SeamenManageController.class.php 第 109 行.
SQL: SHOW COLUMNS FROM `ms_seameninfo` [ RunTime:0.0146s ]
SQL: SELECT COUNT(*) AS tp_count FROM `ms_seameninfo` LIMIT 1   [ RunTime:0.0256s ]
ERR: 1052:Column 'isdel' in where clause is ambiguous
 [ SQL语句 ] : SELECT ms_seameninfo.id,`idnumber`,`realname`,`regtime`,`endtime` FROM `ms_seameninfo` INNER JOIN ms_holdercomminfo ON ms_seameninfo.holderid = ms_holdercomminfo.id  WHERE `regtime` BETWEEN '1970-01-02' AND '2016-11-26' AND `endtime` BETWEEN '1970-01-02' AND '2016-11-26' AND `seamenisdel` = '0' AND `isdel` = '0' LIMIT 2,2  
ERR: 1052:Column 'isdel' in where clause is ambiguous
 [ SQL语句 ] : SELECT ms_seameninfo.id,`idnumber`,`realname`,`regtime`,`endtime` FROM `ms_seameninfo` INNER JOIN ms_holdercomminfo ON ms_seameninfo.holderid = ms_holdercomminfo.id  WHERE `regtime` BETWEEN '1970-01-02' AND '2016-11-26' AND `endtime` BETWEEN '1970-01-02' AND '2016-11-26' AND `seamenisdel` = '0' AND `isdel` = '0' LIMIT 2,2  

[ 2016-11-26T15:26:08+08:00 ] 127.0.0.1 /home/seamenManage/searchinfo/?p=2
INFO: [ app_init ] --START--
INFO: Run Behavior\BuildLiteBehavior [ RunTime:0.000019s ]
INFO: [ app_init ] --END-- [ RunTime:0.000512s ]
INFO: [ app_begin ] --START--
INFO: Run Behavior\ReadHtmlCacheBehavior [ RunTime:0.000386s ]
INFO: [ app_begin ] --END-- [ RunTime:0.000448s ]
NOTIC: [8] Undefined index: idnumber G:\PHP\SEAMEN ManageSys\manage\Home\Controller\SeamenManageController.class.php 第 71 行.
NOTIC: [8] Undefined index: realname G:\PHP\SEAMEN ManageSys\manage\Home\Controller\SeamenManageController.class.php 第 74 行.
NOTIC: [8] Undefined index: holderid G:\PHP\SEAMEN ManageSys\manage\Home\Controller\SeamenManageController.class.php 第 77 行.
NOTIC: [8] Undefined index: nation G:\PHP\SEAMEN ManageSys\manage\Home\Controller\SeamenManageController.class.php 第 80 行.
NOTIC: [8] Undefined index: birtharea G:\PHP\SEAMEN ManageSys\manage\Home\Controller\SeamenManageController.class.php 第 83 行.
NOTIC: [8] Undefined index: signorgid G:\PHP\SEAMEN ManageSys\manage\Home\Controller\SeamenManageController.class.php 第 86 行.
NOTIC: [8] Undefined index: regtimebegin G:\PHP\SEAMEN ManageSys\manage\Home\Controller\SeamenManageController.class.php 第 90 行.
NOTIC: [8] Undefined index: regtimeend G:\PHP\SEAMEN ManageSys\manage\Home\Controller\SeamenManageController.class.php 第 96 行.
NOTIC: [8] Undefined index: endtimebegin G:\PHP\SEAMEN ManageSys\manage\Home\Controller\SeamenManageController.class.php 第 103 行.
NOTIC: [8] Undefined index: endtimeend G:\PHP\SEAMEN ManageSys\manage\Home\Controller\SeamenManageController.class.php 第 109 行.
SQL: SHOW COLUMNS FROM `ms_seameninfo` [ RunTime:0.0206s ]
SQL: SELECT COUNT(*) AS tp_count FROM `ms_seameninfo` LIMIT 1   [ RunTime:0.0003s ]
SQL: SELECT ms_seameninfo.id,`idnumber`,`realname`,`regtime`,`endtime` FROM `ms_seameninfo` INNER JOIN ms_holdercomminfo ON ms_seameninfo.holderid = ms_holdercomminfo.id  WHERE `regtime` BETWEEN '1970-01-02' AND '2016-11-26' AND `endtime` BETWEEN '1970-01-02' AND '2016-11-26' AND `seamenisdel` = '0' AND `isdel` = '0' LIMIT 2,2   [ RunTime:0.0460s ]
INFO: [ view_parse ] --START--
INFO: [ template_filter ] --START--
INFO: Run Behavior\ContentReplaceBehavior [ RunTime:0.000041s ]
INFO: [ template_filter ] --END-- [ RunTime:0.000119s ]
NOTIC: [8] Undefined variable: list G:\PHP\SEAMEN ManageSys\manage\Runtime\Cache\Home\a3a19161e2aeca327304749b630fcee5.php 第 8 行.
NOTIC: [8] Undefined variable: page G:\PHP\SEAMEN ManageSys\manage\Runtime\Cache\Home\a3a19161e2aeca327304749b630fcee5.php 第 8 行.
INFO: Run Behavior\ParseTemplateBehavior [ RunTime:0.013292s ]
INFO: [ view_parse ] --END-- [ RunTime:0.013362s ]
INFO: [ view_filter ] --START--
INFO: Run Behavior\WriteHtmlCacheBehavior [ RunTime:0.000454s ]
INFO: [ view_filter ] --END-- [ RunTime:0.000521s ]
INFO: [ app_end ] --START--
INFO: Run Behavior\ShowPageTraceBehavior [ RunTime:0.000441s ]
INFO: [ app_end ] --END-- [ RunTime:0.000502s ]

[ 2016-11-26T15:26:12+08:00 ] 127.0.0.1 /home/seamenManage/searchinfo/?p=1
INFO: [ app_init ] --START--
INFO: Run Behavior\BuildLiteBehavior [ RunTime:0.000017s ]
INFO: [ app_init ] --END-- [ RunTime:0.000363s ]
INFO: [ app_begin ] --START--
INFO: Run Behavior\ReadHtmlCacheBehavior [ RunTime:0.000317s ]
INFO: [ app_begin ] --END-- [ RunTime:0.000370s ]
NOTIC: [8] Undefined index: idnumber G:\PHP\SEAMEN ManageSys\manage\Home\Controller\SeamenManageController.class.php 第 71 行.
NOTIC: [8] Undefined index: realname G:\PHP\SEAMEN ManageSys\manage\Home\Controller\SeamenManageController.class.php 第 74 行.
NOTIC: [8] Undefined index: holderid G:\PHP\SEAMEN ManageSys\manage\Home\Controller\SeamenManageController.class.php 第 77 行.
NOTIC: [8] Undefined index: nation G:\PHP\SEAMEN ManageSys\manage\Home\Controller\SeamenManageController.class.php 第 80 行.
NOTIC: [8] Undefined index: birtharea G:\PHP\SEAMEN ManageSys\manage\Home\Controller\SeamenManageController.class.php 第 83 行.
NOTIC: [8] Undefined index: signorgid G:\PHP\SEAMEN ManageSys\manage\Home\Controller\SeamenManageController.class.php 第 86 行.
NOTIC: [8] Undefined index: regtimebegin G:\PHP\SEAMEN ManageSys\manage\Home\Controller\SeamenManageController.class.php 第 90 行.
NOTIC: [8] Undefined index: regtimeend G:\PHP\SEAMEN ManageSys\manage\Home\Controller\SeamenManageController.class.php 第 96 行.
NOTIC: [8] Undefined index: endtimebegin G:\PHP\SEAMEN ManageSys\manage\Home\Controller\SeamenManageController.class.php 第 103 行.
NOTIC: [8] Undefined index: endtimeend G:\PHP\SEAMEN ManageSys\manage\Home\Controller\SeamenManageController.class.php 第 109 行.
SQL: SHOW COLUMNS FROM `ms_seameninfo` [ RunTime:0.0511s ]
SQL: SELECT COUNT(*) AS tp_count FROM `ms_seameninfo` LIMIT 1   [ RunTime:0.0004s ]
SQL: SELECT ms_seameninfo.id,`idnumber`,`realname`,`regtime`,`endtime` FROM `ms_seameninfo` INNER JOIN ms_holdercomminfo ON ms_seameninfo.holderid = ms_holdercomminfo.id  WHERE `regtime` BETWEEN '1970-01-02' AND '2016-11-26' AND `endtime` BETWEEN '1970-01-02' AND '2016-11-26' AND `seamenisdel` = '0' AND `isdel` = '0' LIMIT 0,2   [ RunTime:0.0005s ]
INFO: [ view_parse ] --START--
INFO: [ template_filter ] --START--
INFO: Run Behavior\ContentReplaceBehavior [ RunTime:0.000037s ]
INFO: [ template_filter ] --END-- [ RunTime:0.000123s ]
NOTIC: [8] Undefined variable: list G:\PHP\SEAMEN ManageSys\manage\Runtime\Cache\Home\a3a19161e2aeca327304749b630fcee5.php 第 8 行.
NOTIC: [8] Undefined variable: page G:\PHP\SEAMEN ManageSys\manage\Runtime\Cache\Home\a3a19161e2aeca327304749b630fcee5.php 第 8 行.
INFO: Run Behavior\ParseTemplateBehavior [ RunTime:0.003814s ]
INFO: [ view_parse ] --END-- [ RunTime:0.003879s ]
INFO: [ view_filter ] --START--
INFO: Run Behavior\WriteHtmlCacheBehavior [ RunTime:0.000379s ]
INFO: [ view_filter ] --END-- [ RunTime:0.000440s ]
INFO: [ app_end ] --START--
INFO: Run Behavior\ShowPageTraceBehavior [ RunTime:0.000422s ]
INFO: [ app_end ] --END-- [ RunTime:0.000490s ]

[ 2016-11-26T15:26:16+08:00 ] 127.0.0.1 /home/seamenManage/searchinfo/
INFO: [ app_init ] --START--
INFO: Run Behavior\BuildLiteBehavior [ RunTime:0.000021s ]
INFO: [ app_init ] --END-- [ RunTime:0.000461s ]
INFO: [ app_begin ] --START--
INFO: Run Behavior\ReadHtmlCacheBehavior [ RunTime:0.000351s ]
INFO: [ app_begin ] --END-- [ RunTime:0.000411s ]
NOTIC: [8] Undefined index: idnumber G:\PHP\SEAMEN ManageSys\manage\Home\Controller\SeamenManageController.class.php 第 71 行.
NOTIC: [8] Undefined index: realname G:\PHP\SEAMEN ManageSys\manage\Home\Controller\SeamenManageController.class.php 第 74 行.
NOTIC: [8] Undefined index: holderid G:\PHP\SEAMEN ManageSys\manage\Home\Controller\SeamenManageController.class.php 第 77 行.
NOTIC: [8] Undefined index: nation G:\PHP\SEAMEN ManageSys\manage\Home\Controller\SeamenManageController.class.php 第 80 行.
NOTIC: [8] Undefined index: birtharea G:\PHP\SEAMEN ManageSys\manage\Home\Controller\SeamenManageController.class.php 第 83 行.
NOTIC: [8] Undefined index: signorgid G:\PHP\SEAMEN ManageSys\manage\Home\Controller\SeamenManageController.class.php 第 86 行.
NOTIC: [8] Undefined index: regtimebegin G:\PHP\SEAMEN ManageSys\manage\Home\Controller\SeamenManageController.class.php 第 90 行.
NOTIC: [8] Undefined index: regtimeend G:\PHP\SEAMEN ManageSys\manage\Home\Controller\SeamenManageController.class.php 第 96 行.
NOTIC: [8] Undefined index: endtimebegin G:\PHP\SEAMEN ManageSys\manage\Home\Controller\SeamenManageController.class.php 第 103 行.
NOTIC: [8] Undefined index: endtimeend G:\PHP\SEAMEN ManageSys\manage\Home\Controller\SeamenManageController.class.php 第 109 行.
SQL: SHOW COLUMNS FROM `ms_seameninfo` [ RunTime:0.0692s ]
SQL: SELECT COUNT(*) AS tp_count FROM `ms_seameninfo` LIMIT 1   [ RunTime:0.0004s ]
SQL: SELECT ms_seameninfo.id,`idnumber`,`realname`,`regtime`,`endtime` FROM `ms_seameninfo` INNER JOIN ms_holdercomminfo ON ms_seameninfo.holderid = ms_holdercomminfo.id  WHERE `regtime` BETWEEN '1970-01-02' AND '2016-11-26' AND `endtime` BETWEEN '1970-01-02' AND '2016-11-26' AND `seamenisdel` = '0' AND `isdel` = '0' LIMIT 0,2   [ RunTime:0.0006s ]
INFO: [ view_parse ] --START--
INFO: [ template_filter ] --START--
INFO: Run Behavior\ContentReplaceBehavior [ RunTime:0.000035s ]
INFO: [ template_filter ] --END-- [ RunTime:0.000090s ]
NOTIC: [8] Undefined variable: list G:\PHP\SEAMEN ManageSys\manage\Runtime\Cache\Home\a3a19161e2aeca327304749b630fcee5.php 第 8 行.
NOTIC: [8] Undefined variable: page G:\PHP\SEAMEN ManageSys\manage\Runtime\Cache\Home\a3a19161e2aeca327304749b630fcee5.php 第 8 行.
INFO: Run Behavior\ParseTemplateBehavior [ RunTime:0.003489s ]
INFO: [ view_parse ] --END-- [ RunTime:0.003550s ]
INFO: [ view_filter ] --START--
INFO: Run Behavior\WriteHtmlCacheBehavior [ RunTime:0.000345s ]
INFO: [ view_filter ] --END-- [ RunTime:0.000393s ]
INFO: [ app_end ] --START--
INFO: Run Behavior\ShowPageTraceBehavior [ RunTime:0.000347s ]
INFO: [ app_end ] --END-- [ RunTime:0.000395s ]

[ 2016-11-26T16:18:37+08:00 ] 127.0.0.1 /home/trainedManage/addIndex
INFO: [ app_init ] --START--
INFO: Run Behavior\BuildLiteBehavior [ RunTime:0.000017s ]
INFO: [ app_init ] --END-- [ RunTime:0.000477s ]
INFO: [ app_begin ] --START--
INFO: Run Behavior\ReadHtmlCacheBehavior [ RunTime:0.000413s ]
INFO: [ app_begin ] --END-- [ RunTime:0.000497s ]
ERR: 无法加载控制器:TrainedManage

[ 2016-11-26T16:18:38+08:00 ] 127.0.0.1 /favicon.ico
INFO: [ app_init ] --START--
INFO: Run Behavior\BuildLiteBehavior [ RunTime:0.000018s ]
INFO: [ app_init ] --END-- [ RunTime:0.000333s ]

[ 2016-11-26T16:19:12+08:00 ] 127.0.0.1 /home/trainedManage/addIndex
INFO: [ app_init ] --START--
INFO: Run Behavior\BuildLiteBehavior [ RunTime:0.000023s ]
INFO: [ app_init ] --END-- [ RunTime:0.000544s ]
INFO: [ app_begin ] --START--
INFO: Run Behavior\ReadHtmlCacheBehavior [ RunTime:0.000526s ]
INFO: [ app_begin ] --END-- [ RunTime:0.000676s ]
SQL: SHOW COLUMNS FROM `ms_traintype` [ RunTime:0.0179s ]
SQL: SELECT * FROM `ms_traintype`  [ RunTime:0.0005s ]
SQL: SHOW COLUMNS FROM `ms_covenanttype` [ RunTime:0.0111s ]
SQL: SELECT * FROM `ms_covenanttype`  [ RunTime:0.0004s ]
ERR: 模板不存在:./manage/Home/View/default/TrainedManage/addindex.html

[ 2016-11-26T16:23:27+08:00 ] 127.0.0.1 /home/trainedManage/addInfo/?idnumber=99888&realname=peixunceshi&nation=AMER&regfirsttime=1999-08-08&train=2&covenant=1-2&regtime=2016-08-08&endtime=2019-09-08
INFO: [ app_init ] --START--
INFO: Run Behavior\BuildLiteBehavior [ RunTime:0.000020s ]
INFO: [ app_init ] --END-- [ RunTime:0.000559s ]
INFO: [ app_begin ] --START--
INFO: Run Behavior\ReadHtmlCacheBehavior [ RunTime:0.000415s ]
INFO: [ app_begin ] --END-- [ RunTime:0.000496s ]
ERR: 1146:Table 'ms.ms_trainfirstinfo' doesn't exist
 [ SQL语句 ] : SHOW COLUMNS FROM `ms_trainfirstinfo`
ERR: 1146:Table 'ms.ms_trainfirstinfo' doesn't exist
 [ SQL语句 ] : SHOW COLUMNS FROM `ms_trainfirstinfo`

[ 2016-11-26T16:24:34+08:00 ] 127.0.0.1 /home/trainedManage/addInfo/?idnumber=99888&realname=peixunceshi&nation=AMER&regfirsttime=1999-08-08&train=2&covenant=1-2&regtime=2016-08-08&endtime=2019-09-08
INFO: [ app_init ] --START--
INFO: Run Behavior\BuildLiteBehavior [ RunTime:0.000020s ]
INFO: [ app_init ] --END-- [ RunTime:0.000467s ]
INFO: [ app_begin ] --START--
INFO: Run Behavior\ReadHtmlCacheBehavior [ RunTime:0.000514s ]
INFO: [ app_begin ] --END-- [ RunTime:0.000589s ]
ERR: 1146:Table 'ms.ms_trainfirstinfo' doesn't exist
 [ SQL语句 ] : SHOW COLUMNS FROM `ms_trainfirstinfo`
ERR: 1146:Table 'ms.ms_trainfirstinfo' doesn't exist
 [ SQL语句 ] : SHOW COLUMNS FROM `ms_trainfirstinfo`

[ 2016-11-26T16:24:52+08:00 ] 127.0.0.1 /home/trainedManage/addInfo/?idnumber=99888&realname=peixunceshi&nation=AMER&regfirsttime=1999-08-08&train=2&covenant=1-2&regtime=2016-08-08&endtime=2019-09-08
INFO: [ app_init ] --START--
INFO: Run Behavior\BuildLiteBehavior [ RunTime:0.000030s ]
INFO: [ app_init ] --END-- [ RunTime:0.000565s ]
INFO: [ app_begin ] --START--
INFO: Run Behavior\ReadHtmlCacheBehavior [ RunTime:0.000646s ]
INFO: [ app_begin ] --END-- [ RunTime:0.000784s ]
SQL: SHOW COLUMNS FROM `ms_trainedfirstinfo` [ RunTime:0.0141s ]
SQL: SELECT COUNT(*) AS tp_count FROM `ms_trainedfirstinfo` LIMIT 1   [ RunTime:0.0003s ]
ERR: 1364:Field 'id' doesn't have a default value
 [ SQL语句 ] : INSERT INTO `ms_trainedfirstinfo` () VALUES ()
ERR: 1364:Field 'id' doesn't have a default value
 [ SQL语句 ] : INSERT INTO `ms_trainedfirstinfo` () VALUES ()

[ 2016-11-26T16:27:03+08:00 ] 127.0.0.1 /home/trainedManage/addInfo/?idnumber=99888&realname=peixunceshi&nation=AMER&regfirsttime=1999-08-08&train=2&covenant=1-2&regtime=2016-08-08&endtime=2019-09-08
INFO: [ app_init ] --START--
INFO: Run Behavior\BuildLiteBehavior [ RunTime:0.000018s ]
INFO: [ app_init ] --END-- [ RunTime:0.000405s ]
INFO: [ app_begin ] --START--
INFO: Run Behavior\ReadHtmlCacheBehavior [ RunTime:0.000415s ]
INFO: [ app_begin ] --END-- [ RunTime:0.000487s ]
SQL: SHOW COLUMNS FROM `ms_trainedfirstinfo` [ RunTime:0.0696s ]
SQL: SELECT COUNT(*) AS tp_count FROM `ms_trainedfirstinfo` LIMIT 1   [ RunTime:0.0003s ]
ERR: 1364:Field 'id' doesn't have a default value
 [ SQL语句 ] : INSERT INTO `ms_trainedfirstinfo` (`regtime`) VALUES ('1999-08-08')
ERR: 1364:Field 'id' doesn't have a default value
 [ SQL语句 ] : INSERT INTO `ms_trainedfirstinfo` (`regtime`) VALUES ('1999-08-08')

[ 2016-11-26T16:27:27+08:00 ] 127.0.0.1 /home/trainedManage/addInfo/?idnumber=99888&realname=peixunceshi&nation=AMER&regfirsttime=1999-08-08&train=2&covenant=1-2&regtime=2016-08-08&endtime=2019-09-08
INFO: [ app_init ] --START--
INFO: Run Behavior\BuildLiteBehavior [ RunTime:0.000019s ]
INFO: [ app_init ] --END-- [ RunTime:0.000397s ]
INFO: [ app_begin ] --START--
INFO: Run Behavior\ReadHtmlCacheBehavior [ RunTime:0.000353s ]
INFO: [ app_begin ] --END-- [ RunTime:0.000421s ]
SQL: SHOW COLUMNS FROM `ms_trainedfirstinfo` [ RunTime:0.0122s ]
SQL: SELECT COUNT(*) AS tp_count FROM `ms_trainedfirstinfo` LIMIT 1   [ RunTime:0.0003s ]
SQL: INSERT INTO `ms_trainedfirstinfo` (`regtime`) VALUES ('1999-08-08') [ RunTime:0.0919s ]
SQL: SELECT `id` FROM `ms_trainedfirstinfo` WHERE `regtime` = '1999-08-08'  [ RunTime:0.0004s ]
NOTIC: [8] Use of undefined constant id - assumed 'id' G:\PHP\SEAMEN ManageSys\manage\Home\Controller\TrainedManageController.class.php 第 75 行.
SQL: SHOW COLUMNS FROM `ms_trainedinfo` [ RunTime:0.0086s ]
SQL: INSERT INTO `ms_trainedinfo` (`dipid`,`trainid`,`covenantid`,`regtime`,`endtime`) VALUES ('2','2','1-2','2016-08-08','2019-09-08') [ RunTime:0.0334s ]
NOTIC: [8] Undefined index: HTTP_REFERER G:\PHP\SEAMEN ManageSys\ThinkPHP\Library\Think\Controller.class.php 第 283 行.
INFO: [ view_parse ] --START--
INFO: [ template_filter ] --START--
INFO: Run Behavior\ContentReplaceBehavior [ RunTime:0.000055s ]
INFO: [ template_filter ] --END-- [ RunTime:0.000122s ]
INFO: Run Behavior\ParseTemplateBehavior [ RunTime:0.066664s ]
INFO: [ view_parse ] --END-- [ RunTime:0.066743s ]
INFO: [ view_filter ] --START--
INFO: Run Behavior\WriteHtmlCacheBehavior [ RunTime:0.000409s ]
INFO: [ view_filter ] --END-- [ RunTime:0.000455s ]
INFO: [ app_end ] --START--
INFO: Run Behavior\ShowPageTraceBehavior [ RunTime:0.000436s ]
INFO: [ app_end ] --END-- [ RunTime:0.000511s ]

[ 2016-11-26T16:27:27+08:00 ] 127.0.0.1 /Public/assets/css/bs3/dpl.css
INFO: [ app_init ] --START--
INFO: Run Behavior\BuildLiteBehavior [ RunTime:0.000031s ]
INFO: [ app_init ] --END-- [ RunTime:0.000538s ]
INFO: [ app_begin ] --START--
INFO: Run Behavior\ReadHtmlCacheBehavior [ RunTime:0.000445s ]
INFO: [ app_begin ] --END-- [ RunTime:0.000549s ]
ERR: 非法操作:assets

[ 2016-11-26T16:27:27+08:00 ] 127.0.0.1 /Public/assets/css/bs3/bui.css
INFO: [ app_init ] --START--
INFO: Run Behavior\BuildLiteBehavior [ RunTime:0.000031s ]
INFO: [ app_init ] --END-- [ RunTime:0.000491s ]
INFO: [ app_begin ] --START--
INFO: Run Behavior\ReadHtmlCacheBehavior [ RunTime:0.000465s ]
INFO: [ app_begin ] --END-- [ RunTime:0.000615s ]
ERR: 非法操作:assets

[ 2016-11-26T16:27:29+08:00 ] 127.0.0.1 /home/trainedManage/addInfo/?idnumber=99888&realname=peixunceshi&nation=AMER&regfirsttime=1999-08-08&train=2&covenant=1-2&regtime=2016-08-08&endtime=2019-09-08
INFO: [ app_init ] --START--
INFO: Run Behavior\BuildLiteBehavior [ RunTime:0.000017s ]
INFO: [ app_init ] --END-- [ RunTime:0.000369s ]
INFO: [ app_begin ] --START--
INFO: Run Behavior\ReadHtmlCacheBehavior [ RunTime:0.000288s ]
INFO: [ app_begin ] --END-- [ RunTime:0.000353s ]
SQL: SHOW COLUMNS FROM `ms_trainedfirstinfo` [ RunTime:0.0111s ]
SQL: SELECT COUNT(*) AS tp_count FROM `ms_trainedfirstinfo` LIMIT 1   [ RunTime:0.0003s ]
SQL: INSERT INTO `ms_trainedfirstinfo` (`regtime`) VALUES ('1999-08-08') [ RunTime:0.0777s ]
SQL: SELECT `id` FROM `ms_trainedfirstinfo` WHERE `regtime` = '1999-08-08'  [ RunTime:0.0004s ]
NOTIC: [8] Use of undefined constant id - assumed 'id' G:\PHP\SEAMEN ManageSys\manage\Home\Controller\TrainedManageController.class.php 第 75 行.
SQL: SHOW COLUMNS FROM `ms_trainedinfo` [ RunTime:0.0995s ]
SQL: INSERT INTO `ms_trainedinfo` (`dipid`,`trainid`,`covenantid`,`regtime`,`endtime`) VALUES ('2','2','1-2','2016-08-08','2019-09-08') [ RunTime:0.0414s ]
INFO: [ view_parse ] --START--
INFO: [ template_filter ] --START--
INFO: Run Behavior\ContentReplaceBehavior [ RunTime:0.000051s ]
INFO: [ template_filter ] --END-- [ RunTime:0.000109s ]
INFO: Run Behavior\ParseTemplateBehavior [ RunTime:0.004473s ]
INFO: [ view_parse ] --END-- [ RunTime:0.004550s ]
INFO: [ view_filter ] --START--
INFO: Run Behavior\WriteHtmlCacheBehavior [ RunTime:0.000380s ]
INFO: [ view_filter ] --END-- [ RunTime:0.000439s ]
INFO: [ app_end ] --START--
INFO: Run Behavior\ShowPageTraceBehavior [ RunTime:0.000355s ]
INFO: [ app_end ] --END-- [ RunTime:0.000402s ]

[ 2016-11-26T16:27:29+08:00 ] 127.0.0.1 /Public/assets/css/bs3/dpl.css
INFO: [ app_init ] --START--
INFO: Run Behavior\BuildLiteBehavior [ RunTime:0.000063s ]
INFO: [ app_init ] --END-- [ RunTime:0.000546s ]
INFO: [ app_begin ] --START--
INFO: Run Behavior\ReadHtmlCacheBehavior [ RunTime:0.000405s ]
INFO: [ app_begin ] --END-- [ RunTime:0.000516s ]
ERR: 非法操作:assets

[ 2016-11-26T16:27:29+08:00 ] 127.0.0.1 /Public/assets/css/bs3/bui.css
INFO: [ app_init ] --START--
INFO: Run Behavior\BuildLiteBehavior [ RunTime:0.000027s ]
INFO: [ app_init ] --END-- [ RunTime:0.000485s ]
INFO: [ app_begin ] --START--
INFO: Run Behavior\ReadHtmlCacheBehavior [ RunTime:0.000307s ]
INFO: [ app_begin ] --END-- [ RunTime:0.000384s ]
ERR: 非法操作:assets

[ 2016-11-26T16:27:30+08:00 ] 127.0.0.1 /home/trainedManage/addInfo/?idnumber=99888&realname=peixunceshi&nation=AMER&regfirsttime=1999-08-08&train=2&covenant=1-2&regtime=2016-08-08&endtime=2019-09-08
INFO: [ app_init ] --START--
INFO: Run Behavior\BuildLiteBehavior [ RunTime:0.000015s ]
INFO: [ app_init ] --END-- [ RunTime:0.000342s ]
INFO: [ app_begin ] --START--
INFO: Run Behavior\ReadHtmlCacheBehavior [ RunTime:0.000285s ]
INFO: [ app_begin ] --END-- [ RunTime:0.000340s ]
SQL: SHOW COLUMNS FROM `ms_trainedfirstinfo` [ RunTime:0.0158s ]
SQL: SELECT COUNT(*) AS tp_count FROM `ms_trainedfirstinfo` LIMIT 1   [ RunTime:0.0003s ]
SQL: INSERT INTO `ms_trainedfirstinfo` (`regtime`) VALUES ('1999-08-08') [ RunTime:0.1171s ]
SQL: SELECT `id` FROM `ms_trainedfirstinfo` WHERE `regtime` = '1999-08-08'  [ RunTime:0.0004s ]
NOTIC: [8] Use of undefined constant id - assumed 'id' G:\PHP\SEAMEN ManageSys\manage\Home\Controller\TrainedManageController.class.php 第 75 行.
SQL: SHOW COLUMNS FROM `ms_trainedinfo` [ RunTime:0.0099s ]
SQL: INSERT INTO `ms_trainedinfo` (`dipid`,`trainid`,`covenantid`,`regtime`,`endtime`) VALUES ('2','2','1-2','2016-08-08','2019-09-08') [ RunTime:0.1145s ]
INFO: [ view_parse ] --START--
INFO: [ template_filter ] --START--
INFO: Run Behavior\ContentReplaceBehavior [ RunTime:0.000058s ]
INFO: [ template_filter ] --END-- [ RunTime:0.000130s ]
INFO: Run Behavior\ParseTemplateBehavior [ RunTime:0.003864s ]
INFO: [ view_parse ] --END-- [ RunTime:0.003941s ]
INFO: [ view_filter ] --START--
INFO: Run Behavior\WriteHtmlCacheBehavior [ RunTime:0.000343s ]
INFO: [ view_filter ] --END-- [ RunTime:0.000403s ]
INFO: [ app_end ] --START--
INFO: Run Behavior\ShowPageTraceBehavior [ RunTime:0.000304s ]
INFO: [ app_end ] --END-- [ RunTime:0.000348s ]

[ 2016-11-26T16:27:30+08:00 ] 127.0.0.1 /Public/assets/css/bs3/dpl.css
INFO: [ app_init ] --START--
INFO: Run Behavior\BuildLiteBehavior [ RunTime:0.000026s ]
INFO: [ app_init ] --END-- [ RunTime:0.000326s ]
INFO: [ app_begin ] --START--
INFO: Run Behavior\ReadHtmlCacheBehavior [ RunTime:0.000381s ]
INFO: [ app_begin ] --END-- [ RunTime:0.000487s ]
ERR: 非法操作:assets

[ 2016-11-26T16:27:30+08:00 ] 127.0.0.1 /Public/assets/css/bs3/bui.css
INFO: [ app_init ] --START--
INFO: Run Behavior\BuildLiteBehavior [ RunTime:0.000028s ]
INFO: [ app_init ] --END-- [ RunTime:0.000451s ]
INFO: [ app_begin ] --START--
INFO: Run Behavior\ReadHtmlCacheBehavior [ RunTime:0.000405s ]
INFO: [ app_begin ] --END-- [ RunTime:0.000486s ]
ERR: 非法操作:assets

[ 2016-11-26T16:27:32+08:00 ] 127.0.0.1 /home/trainedManage/addInfo/?idnumber=99888&realname=peixunceshi&nation=AMER&regfirsttime=1999-08-08&train=2&covenant=1-2&regtime=2016-08-08&endtime=2019-09-08
INFO: [ app_init ] --START--
INFO: Run Behavior\BuildLiteBehavior [ RunTime:0.000016s ]
INFO: [ app_init ] --END-- [ RunTime:0.000361s ]
INFO: [ app_begin ] --START--
INFO: Run Behavior\ReadHtmlCacheBehavior [ RunTime:0.000297s ]
INFO: [ app_begin ] --END-- [ RunTime:0.000349s ]
SQL: SHOW COLUMNS FROM `ms_trainedfirstinfo` [ RunTime:0.0138s ]
SQL: SELECT COUNT(*) AS tp_count FROM `ms_trainedfirstinfo` LIMIT 1   [ RunTime:0.0004s ]
SQL: INSERT INTO `ms_trainedfirstinfo` (`regtime`) VALUES ('1999-08-08') [ RunTime:0.0770s ]
SQL: SELECT `id` FROM `ms_trainedfirstinfo` WHERE `regtime` = '1999-08-08'  [ RunTime:0.0004s ]
NOTIC: [8] Use of undefined constant id - assumed 'id' G:\PHP\SEAMEN ManageSys\manage\Home\Controller\TrainedManageController.class.php 第 75 行.
SQL: SHOW COLUMNS FROM `ms_trainedinfo` [ RunTime:0.0079s ]
SQL: INSERT INTO `ms_trainedinfo` (`dipid`,`trainid`,`covenantid`,`regtime`,`endtime`) VALUES ('2','2','1-2','2016-08-08','2019-09-08') [ RunTime:0.0530s ]
INFO: [ view_parse ] --START--
INFO: [ template_filter ] --START--
INFO: Run Behavior\ContentReplaceBehavior [ RunTime:0.000051s ]
INFO: [ template_filter ] --END-- [ RunTime:0.000110s ]
INFO: Run Behavior\ParseTemplateBehavior [ RunTime:0.003823s ]
INFO: [ view_parse ] --END-- [ RunTime:0.003904s ]
INFO: [ view_filter ] --START--
INFO: Run Behavior\WriteHtmlCacheBehavior [ RunTime:0.000399s ]
INFO: [ view_filter ] --END-- [ RunTime:0.000447s ]
INFO: [ app_end ] --START--
INFO: Run Behavior\ShowPageTraceBehavior [ RunTime:0.000334s ]
INFO: [ app_end ] --END-- [ RunTime:0.000376s ]

[ 2016-11-26T16:27:32+08:00 ] 127.0.0.1 /Public/assets/css/bs3/dpl.css
INFO: [ app_init ] --START--
INFO: Run Behavior\BuildLiteBehavior [ RunTime:0.000026s ]
INFO: [ app_init ] --END-- [ RunTime:0.000436s ]
INFO: [ app_begin ] --START--
INFO: Run Behavior\ReadHtmlCacheBehavior [ RunTime:0.000432s ]
INFO: [ app_begin ] --END-- [ RunTime:0.000541s ]
ERR: 非法操作:assets

[ 2016-11-26T16:27:32+08:00 ] 127.0.0.1 /Public/assets/css/bs3/bui.css
INFO: [ app_init ] --START--
INFO: Run Behavior\BuildLiteBehavior [ RunTime:0.000026s ]
INFO: [ app_init ] --END-- [ RunTime:0.000456s ]
INFO: [ app_begin ] --START--
INFO: Run Behavior\ReadHtmlCacheBehavior [ RunTime:0.000537s ]
INFO: [ app_begin ] --END-- [ RunTime:0.000671s ]
ERR: 非法操作:assets

[ 2016-11-26T16:29:31+08:00 ] 127.0.0.1 /home/trainedManage/addInfo/?idnumber=99888&realname=peixunceshi&nation=AMER&regfirsttime=1999-08-08&train=2&covenant=1-2&regtime=2016-08-08&endtime=2019-09-08
INFO: [ app_init ] --START--
INFO: Run Behavior\BuildLiteBehavior [ RunTime:0.000018s ]
INFO: [ app_init ] --END-- [ RunTime:0.000396s ]
INFO: [ app_begin ] --START--
INFO: Run Behavior\ReadHtmlCacheBehavior [ RunTime:0.000405s ]
INFO: [ app_begin ] --END-- [ RunTime:0.000466s ]
SQL: SHOW COLUMNS FROM `ms_holdercomminfo` [ RunTime:0.0134s ]
SQL: SELECT COUNT(*) AS tp_count FROM `ms_holdercomminfo` WHERE `idnumber` = '99888' LIMIT 1   [ RunTime:0.0004s ]
SQL: INSERT INTO `ms_holdercomminfo` (`idnumber`,`realname`,`nation`) VALUES ('99888','peixunceshi','AMER') [ RunTime:0.0527s ]
SQL: SELECT `id` FROM `ms_holdercomminfo` WHERE `idnumber` = '99888' AND `realname` = 'peixunceshi' AND `nation` = 'AMER'  [ RunTime:0.0004s ]
NOTIC: [8] Use of undefined constant id - assumed 'id' G:\PHP\SEAMEN ManageSys\manage\Home\Controller\TrainedManageController.class.php 第 69 行.
SQL: SHOW COLUMNS FROM `ms_trainedfirstinfo` [ RunTime:0.0080s ]
SQL: INSERT INTO `ms_trainedfirstinfo` (`holderid`,`regtime`) VALUES ('20','1999-08-08') [ RunTime:0.0822s ]
SQL: SELECT `id` FROM `ms_holdercomminfo`  [ RunTime:0.0003s ]
NOTIC: [8] Use of undefined constant id - assumed 'id' G:\PHP\SEAMEN ManageSys\manage\Home\Controller\TrainedManageController.class.php 第 75 行.
SQL: SHOW COLUMNS FROM `ms_trainedinfo` [ RunTime:0.0085s ]
SQL: INSERT INTO `ms_trainedinfo` (`dipid`,`trainid`,`covenantid`,`regtime`,`endtime`) VALUES ('1','2','1-2','2016-08-08','2019-09-08') [ RunTime:0.0459s ]
INFO: [ view_parse ] --START--
INFO: [ template_filter ] --START--
INFO: Run Behavior\ContentReplaceBehavior [ RunTime:0.000084s ]
INFO: [ template_filter ] --END-- [ RunTime:0.000241s ]
INFO: Run Behavior\ParseTemplateBehavior [ RunTime:0.005272s ]
INFO: [ view_parse ] --END-- [ RunTime:0.005349s ]
INFO: [ view_filter ] --START--
INFO: Run Behavior\WriteHtmlCacheBehavior [ RunTime:0.000355s ]
INFO: [ view_filter ] --END-- [ RunTime:0.000402s ]
INFO: [ app_end ] --START--
INFO: Run Behavior\ShowPageTraceBehavior [ RunTime:0.000377s ]
INFO: [ app_end ] --END-- [ RunTime:0.000422s ]

[ 2016-11-26T16:29:31+08:00 ] 127.0.0.1 /Public/assets/css/bs3/dpl.css
INFO: [ app_init ] --START--
INFO: Run Behavior\BuildLiteBehavior [ RunTime:0.000030s ]
INFO: [ app_init ] --END-- [ RunTime:0.000660s ]
INFO: [ app_begin ] --START--
INFO: Run Behavior\ReadHtmlCacheBehavior [ RunTime:0.000416s ]
INFO: [ app_begin ] --END-- [ RunTime:0.000542s ]
ERR: 非法操作:assets

[ 2016-11-26T16:29:31+08:00 ] 127.0.0.1 /Public/assets/css/bs3/bui.css
INFO: [ app_init ] --START--
INFO: Run Behavior\BuildLiteBehavior [ RunTime:0.000032s ]
INFO: [ app_init ] --END-- [ RunTime:0.000589s ]
INFO: [ app_begin ] --START--
INFO: Run Behavior\ReadHtmlCacheBehavior [ RunTime:0.000345s ]
INFO: [ app_begin ] --END-- [ RunTime:0.000431s ]
ERR: 非法操作:assets

[ 2016-11-26T16:29:32+08:00 ] 127.0.0.1 /home/trainedManage/addInfo/?idnumber=99888&realname=peixunceshi&nation=AMER&regfirsttime=1999-08-08&train=2&covenant=1-2&regtime=2016-08-08&endtime=2019-09-08
INFO: [ app_init ] --START--
INFO: Run Behavior\BuildLiteBehavior [ RunTime:0.000019s ]
INFO: [ app_init ] --END-- [ RunTime:0.000499s ]
INFO: [ app_begin ] --START--
INFO: Run Behavior\ReadHtmlCacheBehavior [ RunTime:0.000352s ]
INFO: [ app_begin ] --END-- [ RunTime:0.000414s ]
SQL: SHOW COLUMNS FROM `ms_holdercomminfo` [ RunTime:0.0141s ]
SQL: SELECT COUNT(*) AS tp_count FROM `ms_holdercomminfo` WHERE `idnumber` = '99888' LIMIT 1   [ RunTime:0.0003s ]
SQL: SHOW COLUMNS FROM `ms_trainedfirstinfo` [ RunTime:0.0080s ]
SQL: INSERT INTO `ms_trainedfirstinfo` (`regtime`) VALUES ('1999-08-08') [ RunTime:0.0361s ]
SQL: SELECT `id` FROM `ms_holdercomminfo`  [ RunTime:0.0003s ]
NOTIC: [8] Use of undefined constant id - assumed 'id' G:\PHP\SEAMEN ManageSys\manage\Home\Controller\TrainedManageController.class.php 第 75 行.
SQL: SHOW COLUMNS FROM `ms_trainedinfo` [ RunTime:0.0862s ]
SQL: INSERT INTO `ms_trainedinfo` (`dipid`,`trainid`,`covenantid`,`regtime`,`endtime`) VALUES ('1','2','1-2','2016-08-08','2019-09-08') [ RunTime:0.0454s ]
INFO: [ view_parse ] --START--
INFO: [ template_filter ] --START--
INFO: Run Behavior\ContentReplaceBehavior [ RunTime:0.000056s ]
INFO: [ template_filter ] --END-- [ RunTime:0.000123s ]
INFO: Run Behavior\ParseTemplateBehavior [ RunTime:0.004502s ]
INFO: [ view_parse ] --END-- [ RunTime:0.004577s ]
INFO: [ view_filter ] --START--
INFO: Run Behavior\WriteHtmlCacheBehavior [ RunTime:0.000393s ]
INFO: [ view_filter ] --END-- [ RunTime:0.000447s ]
INFO: [ app_end ] --START--
INFO: Run Behavior\ShowPageTraceBehavior [ RunTime:0.000335s ]
INFO: [ app_end ] --END-- [ RunTime:0.000379s ]

[ 2016-11-26T16:36:20+08:00 ] 127.0.0.1 /home/trainedManage/addInfo/?idnumber=99888&realname=peixunceshi&nation=AMER&regfirsttime=1999-08-08&train=2&covenant=1-2&regtime=2016-08-08&endtime=2019-09-08
INFO: [ app_init ] --START--
INFO: Run Behavior\BuildLiteBehavior [ RunTime:0.000029s ]
INFO: [ app_init ] --END-- [ RunTime:0.000591s ]
INFO: [ app_begin ] --START--
INFO: Run Behavior\ReadHtmlCacheBehavior [ RunTime:0.000595s ]
INFO: [ app_begin ] --END-- [ RunTime:0.000712s ]
SQL: SHOW COLUMNS FROM `ms_holdercomminfo` [ RunTime:0.0367s ]
SQL: SELECT COUNT(*) AS tp_count FROM `ms_holdercomminfo` WHERE `idnumber` = '99888' LIMIT 1   [ RunTime:0.0004s ]
SQL: INSERT INTO `ms_holdercomminfo` (`idnumber`,`realname`,`nation`) VALUES ('99888','peixunceshi','AMER') [ RunTime:0.0768s ]
SQL: SELECT `id` FROM `ms_holdercomminfo` WHERE `idnumber` = '99888' AND `realname` = 'peixunceshi' AND `nation` = 'AMER'  [ RunTime:0.0005s ]
NOTIC: [8] Use of undefined constant id - assumed 'id' G:\PHP\SEAMEN ManageSys\manage\Home\Controller\TrainedManageController.class.php 第 71 行.
SQL: SHOW COLUMNS FROM `ms_trainedfirstinfo` [ RunTime:0.0616s ]
SQL: INSERT INTO `ms_trainedfirstinfo` (`holderid`,`regtime`) VALUES ('21','1999-08-08') [ RunTime:0.0745s ]
SQL: SELECT `id` FROM `ms_holdercomminfo`  [ RunTime:0.0005s ]
NOTIC: [8] Use of undefined constant id - assumed 'id' G:\PHP\SEAMEN ManageSys\manage\Home\Controller\TrainedManageController.class.php 第 78 行.
SQL: SHOW COLUMNS FROM `ms_trainedinfo` [ RunTime:0.0519s ]
SQL: INSERT INTO `ms_trainedinfo` (`dipid`,`trainid`,`covenantid`,`regtime`,`endtime`) VALUES ('1','2','1-2','2016-08-08','2019-09-08') [ RunTime:0.0899s ]
INFO: [ view_parse ] --START--
INFO: [ template_filter ] --START--
INFO: Run Behavior\ContentReplaceBehavior [ RunTime:0.000053s ]
INFO: [ template_filter ] --END-- [ RunTime:0.000111s ]
INFO: Run Behavior\ParseTemplateBehavior [ RunTime:0.004472s ]
INFO: [ view_parse ] --END-- [ RunTime:0.004544s ]
INFO: [ view_filter ] --START--
INFO: Run Behavior\WriteHtmlCacheBehavior [ RunTime:0.000386s ]
INFO: [ view_filter ] --END-- [ RunTime:0.000430s ]
INFO: [ app_end ] --START--
INFO: Run Behavior\ShowPageTraceBehavior [ RunTime:0.000377s ]
INFO: [ app_end ] --END-- [ RunTime:0.000426s ]

[ 2016-11-26T16:36:20+08:00 ] 127.0.0.1 /Public/assets/css/bs3/dpl.css
INFO: [ app_init ] --START--
INFO: Run Behavior\BuildLiteBehavior [ RunTime:0.000026s ]
INFO: [ app_init ] --END-- [ RunTime:0.000484s ]
INFO: [ app_begin ] --START--
INFO: Run Behavior\ReadHtmlCacheBehavior [ RunTime:0.000420s ]
INFO: [ app_begin ] --END-- [ RunTime:0.000522s ]
ERR: 非法操作:assets

[ 2016-11-26T16:36:20+08:00 ] 127.0.0.1 /Public/assets/css/bs3/bui.css
INFO: [ app_init ] --START--
INFO: Run Behavior\BuildLiteBehavior [ RunTime:0.000030s ]
INFO: [ app_init ] --END-- [ RunTime:0.000565s ]
INFO: [ app_begin ] --START--
INFO: Run Behavior\ReadHtmlCacheBehavior [ RunTime:0.000538s ]
INFO: [ app_begin ] --END-- [ RunTime:0.000646s ]
ERR: 非法操作:assets

[ 2016-11-26T16:36:21+08:00 ] 127.0.0.1 /home/trainedManage/addInfo/?idnumber=99888&realname=peixunceshi&nation=AMER&regfirsttime=1999-08-08&train=2&covenant=1-2&regtime=2016-08-08&endtime=2019-09-08
INFO: [ app_init ] --START--
INFO: Run Behavior\BuildLiteBehavior [ RunTime:0.000017s ]
INFO: [ app_init ] --END-- [ RunTime:0.000340s ]
INFO: [ app_begin ] --START--
INFO: Run Behavior\ReadHtmlCacheBehavior [ RunTime:0.000280s ]
INFO: [ app_begin ] --END-- [ RunTime:0.000344s ]
SQL: SHOW COLUMNS FROM `ms_holdercomminfo` [ RunTime:0.0950s ]
SQL: SELECT COUNT(*) AS tp_count FROM `ms_holdercomminfo` WHERE `idnumber` = '99888' LIMIT 1   [ RunTime:0.0004s ]
SQL: SELECT `id` FROM `ms_holdercomminfo` WHERE `idnumber` = '99888'  [ RunTime:0.0003s ]
NOTIC: [8] Use of undefined constant id - assumed 'id' G:\PHP\SEAMEN ManageSys\manage\Home\Controller\TrainedManageController.class.php 第 71 行.
SQL: SHOW COLUMNS FROM `ms_trainedfirstinfo` [ RunTime:0.0085s ]
SQL: INSERT INTO `ms_trainedfirstinfo` (`holderid`,`regtime`) VALUES ('21','1999-08-08') [ RunTime:0.0594s ]
SQL: SELECT `id` FROM `ms_holdercomminfo`  [ RunTime:0.0004s ]
NOTIC: [8] Use of undefined constant id - assumed 'id' G:\PHP\SEAMEN ManageSys\manage\Home\Controller\TrainedManageController.class.php 第 78 行.
SQL: SHOW COLUMNS FROM `ms_trainedinfo` [ RunTime:0.0792s ]
SQL: INSERT INTO `ms_trainedinfo` (`dipid`,`trainid`,`covenantid`,`regtime`,`endtime`) VALUES ('1','2','1-2','2016-08-08','2019-09-08') [ RunTime:0.0464s ]
INFO: [ view_parse ] --START--
INFO: [ template_filter ] --START--
INFO: Run Behavior\ContentReplaceBehavior [ RunTime:0.000057s ]
INFO: [ template_filter ] --END-- [ RunTime:0.000124s ]
INFO: Run Behavior\ParseTemplateBehavior [ RunTime:0.004619s ]
INFO: [ view_parse ] --END-- [ RunTime:0.004719s ]
INFO: [ view_filter ] --START--
INFO: Run Behavior\WriteHtmlCacheBehavior [ RunTime:0.000368s ]
INFO: [ view_filter ] --END-- [ RunTime:0.000419s ]
INFO: [ app_end ] --START--
INFO: Run Behavior\ShowPageTraceBehavior [ RunTime:0.000359s ]
INFO: [ app_end ] --END-- [ RunTime:0.000407s ]

[ 2016-11-26T16:36:21+08:00 ] 127.0.0.1 /Public/assets/css/bs3/dpl.css
INFO: [ app_init ] --START--
INFO: Run Behavior\BuildLiteBehavior [ RunTime:0.000026s ]
INFO: [ app_init ] --END-- [ RunTime:0.000444s ]
INFO: [ app_begin ] --START--
INFO: Run Behavior\ReadHtmlCacheBehavior [ RunTime:0.000392s ]
INFO: [ app_begin ] --END-- [ RunTime:0.000486s ]
ERR: 非法操作:assets

[ 2016-11-26T16:36:21+08:00 ] 127.0.0.1 /Public/assets/css/bs3/bui.css
INFO: [ app_init ] --START--
INFO: Run Behavior\BuildLiteBehavior [ RunTime:0.000017s ]
INFO: [ app_init ] --END-- [ RunTime:0.000300s ]
INFO: [ app_begin ] --START--
INFO: Run Behavior\ReadHtmlCacheBehavior [ RunTime:0.000447s ]
INFO: [ app_begin ] --END-- [ RunTime:0.000551s ]
ERR: 非法操作:assets

[ 2016-11-26T16:36:23+08:00 ] 127.0.0.1 /home/trainedManage/addInfo/?idnumber=99888&realname=peixunceshi&nation=AMER&regfirsttime=1999-08-08&train=2&covenant=1-2&regtime=2016-08-08&endtime=2019-09-08
INFO: [ app_init ] --START--
INFO: Run Behavior\BuildLiteBehavior [ RunTime:0.000016s ]
INFO: [ app_init ] --END-- [ RunTime:0.000360s ]
INFO: [ app_begin ] --START--
INFO: Run Behavior\ReadHtmlCacheBehavior [ RunTime:0.000320s ]
INFO: [ app_begin ] --END-- [ RunTime:0.000372s ]
SQL: SHOW COLUMNS FROM `ms_holdercomminfo` [ RunTime:0.0110s ]
SQL: SELECT COUNT(*) AS tp_count FROM `ms_holdercomminfo` WHERE `idnumber` = '99888' LIMIT 1   [ RunTime:0.0004s ]
SQL: SELECT `id` FROM `ms_holdercomminfo` WHERE `idnumber` = '99888'  [ RunTime:0.0003s ]
NOTIC: [8] Use of undefined constant id - assumed 'id' G:\PHP\SEAMEN ManageSys\manage\Home\Controller\TrainedManageController.class.php 第 71 行.
SQL: SHOW COLUMNS FROM `ms_trainedfirstinfo` [ RunTime:0.0078s ]
SQL: INSERT INTO `ms_trainedfirstinfo` (`holderid`,`regtime`) VALUES ('21','1999-08-08') [ RunTime:0.1202s ]
SQL: SELECT `id` FROM `ms_holdercomminfo`  [ RunTime:0.0003s ]
NOTIC: [8] Use of undefined constant id - assumed 'id' G:\PHP\SEAMEN ManageSys\manage\Home\Controller\TrainedManageController.class.php 第 78 行.
SQL: SHOW COLUMNS FROM `ms_trainedinfo` [ RunTime:0.0419s ]
SQL: INSERT INTO `ms_trainedinfo` (`dipid`,`trainid`,`covenantid`,`regtime`,`endtime`) VALUES ('1','2','1-2','2016-08-08','2019-09-08') [ RunTime:0.0551s ]
INFO: [ view_parse ] --START--
INFO: [ template_filter ] --START--
INFO: Run Behavior\ContentReplaceBehavior [ RunTime:0.000053s ]
INFO: [ template_filter ] --END-- [ RunTime:0.000122s ]
INFO: Run Behavior\ParseTemplateBehavior [ RunTime:0.003801s ]
INFO: [ view_parse ] --END-- [ RunTime:0.003875s ]
INFO: [ view_filter ] --START--
INFO: Run Behavior\WriteHtmlCacheBehavior [ RunTime:0.000322s ]
INFO: [ view_filter ] --END-- [ RunTime:0.000364s ]
INFO: [ app_end ] --START--
INFO: Run Behavior\ShowPageTraceBehavior [ RunTime:0.000478s ]
INFO: [ app_end ] --END-- [ RunTime:0.000575s ]

[ 2016-11-26T16:38:15+08:00 ] 127.0.0.1 /home/trainedManage/addInfo/?idnumber=99888&realname=peixunceshi&nation=AMER&regfirsttime=1999-08-08&train=2&covenant=1-2&regtime=2016-08-08&endtime=2019-09-08
INFO: [ app_init ] --START--
INFO: Run Behavior\BuildLiteBehavior [ RunTime:0.000026s ]
INFO: [ app_init ] --END-- [ RunTime:0.000402s ]
INFO: [ app_begin ] --START--
INFO: Run Behavior\ReadHtmlCacheBehavior [ RunTime:0.000309s ]
INFO: [ app_begin ] --END-- [ RunTime:0.000362s ]
SQL: SHOW COLUMNS FROM `ms_holdercomminfo` [ RunTime:0.0125s ]
SQL: SELECT COUNT(*) AS tp_count FROM `ms_holdercomminfo` WHERE `idnumber` = '99888' LIMIT 1   [ RunTime:0.0004s ]
SQL: SELECT `id` FROM `ms_holdercomminfo` WHERE `idnumber` = '99888'  [ RunTime:0.0004s ]
NOTIC: [8] Use of undefined constant id - assumed 'id' G:\PHP\SEAMEN ManageSys\manage\Home\Controller\TrainedManageController.class.php 第 71 行.
SQL: SHOW COLUMNS FROM `ms_trainedfirstinfo` [ RunTime:0.0085s ]
SQL: INSERT INTO `ms_trainedfirstinfo` (`holderid`,`regtime`) VALUES ('21','1999-08-08') [ RunTime:0.0966s ]
SQL: SELECT `id` FROM `ms_trainedfirstinfo` WHERE `holderid` = 21 AND `regtime` = '1999-08-08'  [ RunTime:0.0004s ]
NOTIC: [8] Use of undefined constant id - assumed 'id' G:\PHP\SEAMEN ManageSys\manage\Home\Controller\TrainedManageController.class.php 第 78 行.
SQL: SHOW COLUMNS FROM `ms_trainedinfo` [ RunTime:0.0081s ]
SQL: INSERT INTO `ms_trainedinfo` (`dipid`,`trainid`,`covenantid`,`regtime`,`endtime`) VALUES ('8','2','1-2','2016-08-08','2019-09-08') [ RunTime:0.0435s ]
INFO: [ view_parse ] --START--
INFO: [ template_filter ] --START--
INFO: Run Behavior\ContentReplaceBehavior [ RunTime:0.000056s ]
INFO: [ template_filter ] --END-- [ RunTime:0.000128s ]
INFO: Run Behavior\ParseTemplateBehavior [ RunTime:0.004926s ]
INFO: [ view_parse ] --END-- [ RunTime:0.005017s ]
INFO: [ view_filter ] --START--
INFO: Run Behavior\WriteHtmlCacheBehavior [ RunTime:0.000398s ]
INFO: [ view_filter ] --END-- [ RunTime:0.000459s ]
INFO: [ app_end ] --START--
INFO: Run Behavior\ShowPageTraceBehavior [ RunTime:0.000584s ]
INFO: [ app_end ] --END-- [ RunTime:0.000679s ]

[ 2016-11-26T16:38:15+08:00 ] 127.0.0.1 /Public/assets/css/bs3/dpl.css
INFO: [ app_init ] --START--
INFO: Run Behavior\BuildLiteBehavior [ RunTime:0.000029s ]
INFO: [ app_init ] --END-- [ RunTime:0.000538s ]
INFO: [ app_begin ] --START--
INFO: Run Behavior\ReadHtmlCacheBehavior [ RunTime:0.000464s ]
INFO: [ app_begin ] --END-- [ RunTime:0.000637s ]
ERR: 非法操作:assets

[ 2016-11-26T16:38:15+08:00 ] 127.0.0.1 /Public/assets/css/bs3/bui.css
INFO: [ app_init ] --START--
INFO: Run Behavior\BuildLiteBehavior [ RunTime:0.000033s ]
INFO: [ app_init ] --END-- [ RunTime:0.000520s ]
INFO: [ app_begin ] --START--
INFO: Run Behavior\ReadHtmlCacheBehavior [ RunTime:0.000468s ]
INFO: [ app_begin ] --END-- [ RunTime:0.000576s ]
ERR: 非法操作:assets

[ 2016-11-26T16:38:16+08:00 ] 127.0.0.1 /home/trainedManage/addInfo/?idnumber=99888&realname=peixunceshi&nation=AMER&regfirsttime=1999-08-08&train=2&covenant=1-2&regtime=2016-08-08&endtime=2019-09-08
INFO: [ app_init ] --START--
INFO: Run Behavior\BuildLiteBehavior [ RunTime:0.000016s ]
INFO: [ app_init ] --END-- [ RunTime:0.000337s ]
INFO: [ app_begin ] --START--
INFO: Run Behavior\ReadHtmlCacheBehavior [ RunTime:0.000300s ]
INFO: [ app_begin ] --END-- [ RunTime:0.000366s ]
SQL: SHOW COLUMNS FROM `ms_holdercomminfo` [ RunTime:0.0119s ]
SQL: SELECT COUNT(*) AS tp_count FROM `ms_holdercomminfo` WHERE `idnumber` = '99888' LIMIT 1   [ RunTime:0.0005s ]
SQL: SELECT `id` FROM `ms_holdercomminfo` WHERE `idnumber` = '99888'  [ RunTime:0.0004s ]
NOTIC: [8] Use of undefined constant id - assumed 'id' G:\PHP\SEAMEN ManageSys\manage\Home\Controller\TrainedManageController.class.php 第 71 行.
SQL: SHOW COLUMNS FROM `ms_trainedfirstinfo` [ RunTime:0.0081s ]
SQL: INSERT INTO `ms_trainedfirstinfo` (`holderid`,`regtime`) VALUES ('21','1999-08-08') [ RunTime:0.0924s ]
SQL: SELECT `id` FROM `ms_trainedfirstinfo` WHERE `holderid` = 21 AND `regtime` = '1999-08-08'  [ RunTime:0.0004s ]
NOTIC: [8] Use of undefined constant id - assumed 'id' G:\PHP\SEAMEN ManageSys\manage\Home\Controller\TrainedManageController.class.php 第 78 行.
SQL: SHOW COLUMNS FROM `ms_trainedinfo` [ RunTime:0.0878s ]
SQL: INSERT INTO `ms_trainedinfo` (`dipid`,`trainid`,`covenantid`,`regtime`,`endtime`) VALUES ('8','2','1-2','2016-08-08','2019-09-08') [ RunTime:0.0476s ]
INFO: [ view_parse ] --START--
INFO: [ template_filter ] --START--
INFO: Run Behavior\ContentReplaceBehavior [ RunTime:0.000052s ]
INFO: [ template_filter ] --END-- [ RunTime:0.000112s ]
INFO: Run Behavior\ParseTemplateBehavior [ RunTime:0.003886s ]
INFO: [ view_parse ] --END-- [ RunTime:0.003968s ]
INFO: [ view_filter ] --START--
INFO: Run Behavior\WriteHtmlCacheBehavior [ RunTime:0.000323s ]
INFO: [ view_filter ] --END-- [ RunTime:0.000367s ]
INFO: [ app_end ] --START--
INFO: Run Behavior\ShowPageTraceBehavior [ RunTime:0.000391s ]
INFO: [ app_end ] --END-- [ RunTime:0.000440s ]

[ 2016-11-26T16:38:17+08:00 ] 127.0.0.1 /Public/assets/css/bs3/dpl.css
INFO: [ app_init ] --START--
INFO: Run Behavior\BuildLiteBehavior [ RunTime:0.000028s ]
INFO: [ app_init ] --END-- [ RunTime:0.000522s ]
INFO: [ app_begin ] --START--
INFO: Run Behavior\ReadHtmlCacheBehavior [ RunTime:0.000424s ]
INFO: [ app_begin ] --END-- [ RunTime:0.000533s ]
ERR: 非法操作:assets

[ 2016-11-26T16:38:17+08:00 ] 127.0.0.1 /Public/assets/css/bs3/bui.css
INFO: [ app_init ] --START--
INFO: Run Behavior\BuildLiteBehavior [ RunTime:0.000028s ]
INFO: [ app_init ] --END-- [ RunTime:0.000448s ]
INFO: [ app_begin ] --START--
INFO: Run Behavior\ReadHtmlCacheBehavior [ RunTime:0.000562s ]
INFO: [ app_begin ] --END-- [ RunTime:0.000682s ]
ERR: 非法操作:assets

[ 2016-11-26T16:38:18+08:00 ] 127.0.0.1 /home/trainedManage/addInfo/?idnumber=99888&realname=peixunceshi&nation=AMER&regfirsttime=1999-08-08&train=2&covenant=1-2&regtime=2016-08-08&endtime=2019-09-08
INFO: [ app_init ] --START--
INFO: Run Behavior\BuildLiteBehavior [ RunTime:0.000018s ]
INFO: [ app_init ] --END-- [ RunTime:0.000401s ]
INFO: [ app_begin ] --START--
INFO: Run Behavior\ReadHtmlCacheBehavior [ RunTime:0.000380s ]
INFO: [ app_begin ] --END-- [ RunTime:0.000433s ]
SQL: SHOW COLUMNS FROM `ms_holdercomminfo` [ RunTime:0.0120s ]
SQL: SELECT COUNT(*) AS tp_count FROM `ms_holdercomminfo` WHERE `idnumber` = '99888' LIMIT 1   [ RunTime:0.0004s ]
SQL: SELECT `id` FROM `ms_holdercomminfo` WHERE `idnumber` = '99888'  [ RunTime:0.0002s ]
NOTIC: [8] Use of undefined constant id - assumed 'id' G:\PHP\SEAMEN ManageSys\manage\Home\Controller\TrainedManageController.class.php 第 71 行.
SQL: SHOW COLUMNS FROM `ms_trainedfirstinfo` [ RunTime:0.0085s ]
SQL: INSERT INTO `ms_trainedfirstinfo` (`holderid`,`regtime`) VALUES ('21','1999-08-08') [ RunTime:0.1466s ]
SQL: SELECT `id` FROM `ms_trainedfirstinfo` WHERE `holderid` = 21 AND `regtime` = '1999-08-08'  [ RunTime:0.0006s ]
NOTIC: [8] Use of undefined constant id - assumed 'id' G:\PHP\SEAMEN ManageSys\manage\Home\Controller\TrainedManageController.class.php 第 78 行.
SQL: SHOW COLUMNS FROM `ms_trainedinfo` [ RunTime:0.0614s ]
SQL: INSERT INTO `ms_trainedinfo` (`dipid`,`trainid`,`covenantid`,`regtime`,`endtime`) VALUES ('8','2','1-2','2016-08-08','2019-09-08') [ RunTime:0.0363s ]
INFO: [ view_parse ] --START--
INFO: [ template_filter ] --START--
INFO: Run Behavior\ContentReplaceBehavior [ RunTime:0.000056s ]
INFO: [ template_filter ] --END-- [ RunTime:0.000129s ]
INFO: Run Behavior\ParseTemplateBehavior [ RunTime:0.004700s ]
INFO: [ view_parse ] --END-- [ RunTime:0.004848s ]
INFO: [ view_filter ] --START--
INFO: Run Behavior\WriteHtmlCacheBehavior [ RunTime:0.000528s ]
INFO: [ view_filter ] --END-- [ RunTime:0.000595s ]
INFO: [ app_end ] --START--
INFO: Run Behavior\ShowPageTraceBehavior [ RunTime:0.000359s ]
INFO: [ app_end ] --END-- [ RunTime:0.000414s ]

[ 2016-11-26T16:39:07+08:00 ] 127.0.0.1 /home/trainedManage/addInfo/?idnumber=225851111&realname=%E5%9F%B9%E8%AE%AD%E8%AF%81%E6%B5%8B%E8%AF%95&nation=AMER&regfirsttime=1999-08-08&train=2&covenant=1-2&regtime=2016-08-08&endtime=2019-09-08
INFO: [ app_init ] --START--
INFO: Run Behavior\BuildLiteBehavior [ RunTime:0.000017s ]
INFO: [ app_init ] --END-- [ RunTime:0.000377s ]
INFO: [ app_begin ] --START--
INFO: Run Behavior\ReadHtmlCacheBehavior [ RunTime:0.000696s ]
INFO: [ app_begin ] --END-- [ RunTime:0.000785s ]
SQL: SHOW COLUMNS FROM `ms_holdercomminfo` [ RunTime:0.0179s ]
SQL: SELECT COUNT(*) AS tp_count FROM `ms_holdercomminfo` WHERE `idnumber` = '225851111' LIMIT 1   [ RunTime:0.0004s ]
SQL: INSERT INTO `ms_holdercomminfo` (`idnumber`,`realname`,`nation`) VALUES ('225851111','培训证测试','AMER') [ RunTime:0.0896s ]
SQL: SELECT `id` FROM `ms_holdercomminfo` WHERE `idnumber` = '225851111' AND `realname` = '培训证测试' AND `nation` = 'AMER'  [ RunTime:0.0005s ]
NOTIC: [8] Use of undefined constant id - assumed 'id' G:\PHP\SEAMEN ManageSys\manage\Home\Controller\TrainedManageController.class.php 第 71 行.
SQL: SHOW COLUMNS FROM `ms_trainedfirstinfo` [ RunTime:0.0782s ]
SQL: INSERT INTO `ms_trainedfirstinfo` (`holderid`,`regtime`) VALUES ('22','1999-08-08') [ RunTime:0.0496s ]
SQL: SELECT `id` FROM `ms_trainedfirstinfo` WHERE `holderid` = 22 AND `regtime` = '1999-08-08'  [ RunTime:0.0003s ]
NOTIC: [8] Use of undefined constant id - assumed 'id' G:\PHP\SEAMEN ManageSys\manage\Home\Controller\TrainedManageController.class.php 第 78 行.
SQL: SHOW COLUMNS FROM `ms_trainedinfo` [ RunTime:0.0098s ]
SQL: INSERT INTO `ms_trainedinfo` (`dipid`,`trainid`,`covenantid`,`regtime`,`endtime`) VALUES ('14','2','1-2','2016-08-08','2019-09-08') [ RunTime:0.0774s ]
NOTIC: [8] Undefined index: HTTP_REFERER G:\PHP\SEAMEN ManageSys\ThinkPHP\Library\Think\Controller.class.php 第 283 行.
INFO: [ view_parse ] --START--
INFO: [ template_filter ] --START--
INFO: Run Behavior\ContentReplaceBehavior [ RunTime:0.000068s ]
INFO: [ template_filter ] --END-- [ RunTime:0.000154s ]
INFO: Run Behavior\ParseTemplateBehavior [ RunTime:0.005670s ]
INFO: [ view_parse ] --END-- [ RunTime:0.005783s ]
INFO: [ view_filter ] --START--
INFO: Run Behavior\WriteHtmlCacheBehavior [ RunTime:0.000485s ]
INFO: [ view_filter ] --END-- [ RunTime:0.000549s ]
INFO: [ app_end ] --START--
INFO: Run Behavior\ShowPageTraceBehavior [ RunTime:0.000428s ]
INFO: [ app_end ] --END-- [ RunTime:0.000481s ]

[ 2016-11-26T16:39:07+08:00 ] 127.0.0.1 /Public/assets/css/bs3/dpl.css
INFO: [ app_init ] --START--
INFO: Run Behavior\BuildLiteBehavior [ RunTime:0.000029s ]
INFO: [ app_init ] --END-- [ RunTime:0.000525s ]
INFO: [ app_begin ] --START--
INFO: Run Behavior\ReadHtmlCacheBehavior [ RunTime:0.000454s ]
INFO: [ app_begin ] --END-- [ RunTime:0.000581s ]
ERR: 非法操作:assets

[ 2016-11-26T16:39:07+08:00 ] 127.0.0.1 /Public/assets/css/bs3/bui.css
INFO: [ app_init ] --START--
INFO: Run Behavior\BuildLiteBehavior [ RunTime:0.000030s ]
INFO: [ app_init ] --END-- [ RunTime:0.000614s ]
INFO: [ app_begin ] --START--
INFO: Run Behavior\ReadHtmlCacheBehavior [ RunTime:0.000549s ]
INFO: [ app_begin ] --END-- [ RunTime:0.000662s ]
ERR: 非法操作:assets

[ 2016-11-26T16:39:09+08:00 ] 127.0.0.1 /home/trainedManage/addInfo/?idnumber=225851111&realname=%E5%9F%B9%E8%AE%AD%E8%AF%81%E6%B5%8B%E8%AF%95&nation=AMER&regfirsttime=1999-08-08&train=2&covenant=1-2&regtime=2016-08-08&endtime=2019-09-08
INFO: [ app_init ] --START--
INFO: Run Behavior\BuildLiteBehavior [ RunTime:0.000017s ]
INFO: [ app_init ] --END-- [ RunTime:0.000428s ]
INFO: [ app_begin ] --START--
INFO: Run Behavior\ReadHtmlCacheBehavior [ RunTime:0.000304s ]
INFO: [ app_begin ] --END-- [ RunTime:0.000377s ]
SQL: SHOW COLUMNS FROM `ms_holdercomminfo` [ RunTime:0.0674s ]
SQL: SELECT COUNT(*) AS tp_count FROM `ms_holdercomminfo` WHERE `idnumber` = '225851111' LIMIT 1   [ RunTime:0.0004s ]
SQL: SELECT `id` FROM `ms_holdercomminfo` WHERE `idnumber` = '225851111'  [ RunTime:0.0003s ]
NOTIC: [8] Use of undefined constant id - assumed 'id' G:\PHP\SEAMEN ManageSys\manage\Home\Controller\TrainedManageController.class.php 第 71 行.
SQL: SHOW COLUMNS FROM `ms_trainedfirstinfo` [ RunTime:0.0077s ]
SQL: INSERT INTO `ms_trainedfirstinfo` (`holderid`,`regtime`) VALUES ('22','1999-08-08') [ RunTime:0.0735s ]
SQL: SELECT `id` FROM `ms_trainedfirstinfo` WHERE `holderid` = 22 AND `regtime` = '1999-08-08'  [ RunTime:0.0003s ]
NOTIC: [8] Use of undefined constant id - assumed 'id' G:\PHP\SEAMEN ManageSys\manage\Home\Controller\TrainedManageController.class.php 第 78 行.
SQL: SHOW COLUMNS FROM `ms_trainedinfo` [ RunTime:0.1158s ]
SQL: INSERT INTO `ms_trainedinfo` (`dipid`,`trainid`,`covenantid`,`regtime`,`endtime`) VALUES ('14','2','1-2','2016-08-08','2019-09-08') [ RunTime:0.0950s ]
INFO: [ view_parse ] --START--
INFO: [ template_filter ] --START--
INFO: Run Behavior\ContentReplaceBehavior [ RunTime:0.000057s ]
INFO: [ template_filter ] --END-- [ RunTime:0.000124s ]
INFO: Run Behavior\ParseTemplateBehavior [ RunTime:0.004614s ]
INFO: [ view_parse ] --END-- [ RunTime:0.004707s ]
INFO: [ view_filter ] --START--
INFO: Run Behavior\WriteHtmlCacheBehavior [ RunTime:0.000433s ]
INFO: [ view_filter ] --END-- [ RunTime:0.000494s ]
INFO: [ app_end ] --START--
INFO: Run Behavior\ShowPageTraceBehavior [ RunTime:0.000433s ]
INFO: [ app_end ] --END-- [ RunTime:0.000494s ]

[ 2016-11-26T18:13:02+08:00 ] 127.0.0.1 /home/trainedManage/searchinfo
INFO: [ app_init ] --START--
INFO: Run Behavior\BuildLiteBehavior [ RunTime:0.000032s ]
INFO: [ app_init ] --END-- [ RunTime:0.000820s ]
INFO: [ app_begin ] --START--
INFO: Run Behavior\ReadHtmlCacheBehavior [ RunTime:0.000442s ]
INFO: [ app_begin ] --END-- [ RunTime:0.000526s ]
NOTIC: [8] Undefined index: idnumber G:\PHP\SEAMEN ManageSys\manage\Home\Controller\TrainedManageController.class.php 第 94 行.
NOTIC: [8] Undefined index: realname G:\PHP\SEAMEN ManageSys\manage\Home\Controller\TrainedManageController.class.php 第 97 行.
NOTIC: [8] Undefined index: nation G:\PHP\SEAMEN ManageSys\manage\Home\Controller\TrainedManageController.class.php 第 103 行.
NOTIC: [8] Undefined index: regtimebegin G:\PHP\SEAMEN ManageSys\manage\Home\Controller\TrainedManageController.class.php 第 106 行.
NOTIC: [8] Undefined index: regtimeend G:\PHP\SEAMEN ManageSys\manage\Home\Controller\TrainedManageController.class.php 第 112 行.
SQL: SHOW COLUMNS FROM `ms_seameninfo` [ RunTime:0.0141s ]
SQL: SELECT COUNT(*) AS tp_count FROM `ms_seameninfo` LIMIT 1   [ RunTime:0.0005s ]
ERR: 1054:Unknown column 'trainedfirstisdel' in 'where clause'
 [ SQL语句 ] : SELECT ms_seameninfo.id,`idnumber`,`realname`,`regtime`,`endtime` FROM `ms_seameninfo` INNER JOIN ms_holdercomminfo ON ms_seameninfo.holderid = ms_holdercomminfo.id  WHERE `regtime` BETWEEN '1970-01-02' AND '2016-11-26' AND `trainedfirstisdel` = '0' AND `isdel` = '0' LIMIT 0,2  
ERR: 1054:Unknown column 'trainedfirstisdel' in 'where clause'
 [ SQL语句 ] : SELECT ms_seameninfo.id,`idnumber`,`realname`,`regtime`,`endtime` FROM `ms_seameninfo` INNER JOIN ms_holdercomminfo ON ms_seameninfo.holderid = ms_holdercomminfo.id  WHERE `regtime` BETWEEN '1970-01-02' AND '2016-11-26' AND `trainedfirstisdel` = '0' AND `isdel` = '0' LIMIT 0,2  

[ 2016-11-26T18:14:57+08:00 ] 127.0.0.1 /home/trainedManage/searchinfo
INFO: [ app_init ] --START--
INFO: Run Behavior\BuildLiteBehavior [ RunTime:0.000018s ]
INFO: [ app_init ] --END-- [ RunTime:0.000464s ]
INFO: [ app_begin ] --START--
INFO: Run Behavior\ReadHtmlCacheBehavior [ RunTime:0.000436s ]
INFO: [ app_begin ] --END-- [ RunTime:0.000503s ]
NOTIC: [8] Undefined index: idnumber G:\PHP\SEAMEN ManageSys\manage\Home\Controller\TrainedManageController.class.php 第 94 行.
NOTIC: [8] Undefined index: realname G:\PHP\SEAMEN ManageSys\manage\Home\Controller\TrainedManageController.class.php 第 97 行.
NOTIC: [8] Undefined index: nation G:\PHP\SEAMEN ManageSys\manage\Home\Controller\TrainedManageController.class.php 第 103 行.
NOTIC: [8] Undefined index: regtimebegin G:\PHP\SEAMEN ManageSys\manage\Home\Controller\TrainedManageController.class.php 第 106 行.
NOTIC: [8] Undefined index: regtimeend G:\PHP\SEAMEN ManageSys\manage\Home\Controller\TrainedManageController.class.php 第 112 行.
SQL: SHOW COLUMNS FROM `ms_trainedfirstinfo` [ RunTime:0.0145s ]
SQL: SELECT COUNT(*) AS tp_count FROM `ms_trainedfirstinfo` LIMIT 1   [ RunTime:0.0005s ]
ERR: 1054:Unknown column 'endtime' in 'field list'
 [ SQL语句 ] : SELECT ms_trainedfirstinfo.id,`idnumber`,`realname`,`regtime`,`endtime` FROM `ms_trainedfirstinfo` INNER JOIN ms_holdercomminfo ON ms_trainedfirstinfo.holderid = ms_holdercomminfo.id  WHERE `regtime` BETWEEN '1970-01-02' AND '2016-11-26' AND `trainedfirstisdel` = 0 AND `isdel` = '0' LIMIT 0,2  
ERR: 1054:Unknown column 'endtime' in 'field list'
 [ SQL语句 ] : SELECT ms_trainedfirstinfo.id,`idnumber`,`realname`,`regtime`,`endtime` FROM `ms_trainedfirstinfo` INNER JOIN ms_holdercomminfo ON ms_trainedfirstinfo.holderid = ms_holdercomminfo.id  WHERE `regtime` BETWEEN '1970-01-02' AND '2016-11-26' AND `trainedfirstisdel` = 0 AND `isdel` = '0' LIMIT 0,2  

[ 2016-11-26T18:15:32+08:00 ] 127.0.0.1 /home/trainedManage/searchinfo
INFO: [ app_init ] --START--
INFO: Run Behavior\BuildLiteBehavior [ RunTime:0.000018s ]
INFO: [ app_init ] --END-- [ RunTime:0.000646s ]
INFO: [ app_begin ] --START--
INFO: Run Behavior\ReadHtmlCacheBehavior [ RunTime:0.000463s ]
INFO: [ app_begin ] --END-- [ RunTime:0.000529s ]
NOTIC: [8] Undefined index: idnumber G:\PHP\SEAMEN ManageSys\manage\Home\Controller\TrainedManageController.class.php 第 94 行.
NOTIC: [8] Undefined index: realname G:\PHP\SEAMEN ManageSys\manage\Home\Controller\TrainedManageController.class.php 第 97 行.
NOTIC: [8] Undefined index: nation G:\PHP\SEAMEN ManageSys\manage\Home\Controller\TrainedManageController.class.php 第 103 行.
NOTIC: [8] Undefined index: regtimebegin G:\PHP\SEAMEN ManageSys\manage\Home\Controller\TrainedManageController.class.php 第 106 行.
NOTIC: [8] Undefined index: regtimeend G:\PHP\SEAMEN ManageSys\manage\Home\Controller\TrainedManageController.class.php 第 112 行.
SQL: SHOW COLUMNS FROM `ms_trainedfirstinfo` [ RunTime:0.0548s ]
SQL: SELECT COUNT(*) AS tp_count FROM `ms_trainedfirstinfo` LIMIT 1   [ RunTime:0.0004s ]
SQL: SELECT ms_trainedfirstinfo.id,`idnumber`,`realname`,`regtime` FROM `ms_trainedfirstinfo` INNER JOIN ms_holdercomminfo ON ms_trainedfirstinfo.holderid = ms_holdercomminfo.id  WHERE `regtime` BETWEEN '1970-01-02' AND '2016-11-26' AND `trainedfirstisdel` = 0 AND `isdel` = '0' LIMIT 0,2   [ RunTime:0.0006s ]
ERR: 模板不存在:./manage/Home/View/default/TrainedManage/searchinfo.html

[ 2016-11-26T18:15:58+08:00 ] 127.0.0.1 /home/trainedManage/searchinfo?p=2
INFO: [ app_init ] --START--
INFO: Run Behavior\BuildLiteBehavior [ RunTime:0.000016s ]
INFO: [ app_init ] --END-- [ RunTime:0.000432s ]
INFO: [ app_begin ] --START--
INFO: Run Behavior\ReadHtmlCacheBehavior [ RunTime:0.000450s ]
INFO: [ app_begin ] --END-- [ RunTime:0.000536s ]
NOTIC: [8] Undefined index: idnumber G:\PHP\SEAMEN ManageSys\manage\Home\Controller\TrainedManageController.class.php 第 94 行.
NOTIC: [8] Undefined index: realname G:\PHP\SEAMEN ManageSys\manage\Home\Controller\TrainedManageController.class.php 第 97 行.
NOTIC: [8] Undefined index: nation G:\PHP\SEAMEN ManageSys\manage\Home\Controller\TrainedManageController.class.php 第 103 行.
NOTIC: [8] Undefined index: regtimebegin G:\PHP\SEAMEN ManageSys\manage\Home\Controller\TrainedManageController.class.php 第 106 行.
NOTIC: [8] Undefined index: regtimeend G:\PHP\SEAMEN ManageSys\manage\Home\Controller\TrainedManageController.class.php 第 112 行.
SQL: SHOW COLUMNS FROM `ms_trainedfirstinfo` [ RunTime:0.0221s ]
SQL: SELECT COUNT(*) AS tp_count FROM `ms_trainedfirstinfo` LIMIT 1   [ RunTime:0.0003s ]
SQL: SELECT ms_trainedfirstinfo.id,`idnumber`,`realname`,`regtime` FROM `ms_trainedfirstinfo` INNER JOIN ms_holdercomminfo ON ms_trainedfirstinfo.holderid = ms_holdercomminfo.id  WHERE `regtime` BETWEEN '1970-01-02' AND '2016-11-26' AND `trainedfirstisdel` = 0 AND `isdel` = '0' LIMIT 2,2   [ RunTime:0.0004s ]
ERR: 模板不存在:./manage/Home/View/default/TrainedManage/searchinfo.html

[ 2016-11-26T18:16:03+08:00 ] 127.0.0.1 /home/trainedManage/searchinfo?p=3
INFO: [ app_init ] --START--
INFO: Run Behavior\BuildLiteBehavior [ RunTime:0.000018s ]
INFO: [ app_init ] --END-- [ RunTime:0.000412s ]
INFO: [ app_begin ] --START--
INFO: Run Behavior\ReadHtmlCacheBehavior [ RunTime:0.000363s ]
INFO: [ app_begin ] --END-- [ RunTime:0.000431s ]
NOTIC: [8] Undefined index: idnumber G:\PHP\SEAMEN ManageSys\manage\Home\Controller\TrainedManageController.class.php 第 94 行.
NOTIC: [8] Undefined index: realname G:\PHP\SEAMEN ManageSys\manage\Home\Controller\TrainedManageController.class.php 第 97 行.
NOTIC: [8] Undefined index: nation G:\PHP\SEAMEN ManageSys\manage\Home\Controller\TrainedManageController.class.php 第 103 行.
NOTIC: [8] Undefined index: regtimebegin G:\PHP\SEAMEN ManageSys\manage\Home\Controller\TrainedManageController.class.php 第 106 行.
NOTIC: [8] Undefined index: regtimeend G:\PHP\SEAMEN ManageSys\manage\Home\Controller\TrainedManageController.class.php 第 112 行.
SQL: SHOW COLUMNS FROM `ms_trainedfirstinfo` [ RunTime:0.0210s ]
SQL: SELECT COUNT(*) AS tp_count FROM `ms_trainedfirstinfo` LIMIT 1   [ RunTime:0.0004s ]
SQL: SELECT ms_trainedfirstinfo.id,`idnumber`,`realname`,`regtime` FROM `ms_trainedfirstinfo` INNER JOIN ms_holdercomminfo ON ms_trainedfirstinfo.holderid = ms_holdercomminfo.id  WHERE `regtime` BETWEEN '1970-01-02' AND '2016-11-26' AND `trainedfirstisdel` = 0 AND `isdel` = '0' LIMIT 4,2   [ RunTime:0.0005s ]
ERR: 模板不存在:./manage/Home/View/default/TrainedManage/searchinfo.html

[ 2016-11-26T18:16:08+08:00 ] 127.0.0.1 /home/trainedManage/searchinfo?p=4
INFO: [ app_init ] --START--
INFO: Run Behavior\BuildLiteBehavior [ RunTime:0.000018s ]
INFO: [ app_init ] --END-- [ RunTime:0.000371s ]
INFO: [ app_begin ] --START--
INFO: Run Behavior\ReadHtmlCacheBehavior [ RunTime:0.000319s ]
INFO: [ app_begin ] --END-- [ RunTime:0.000389s ]
NOTIC: [8] Undefined index: idnumber G:\PHP\SEAMEN ManageSys\manage\Home\Controller\TrainedManageController.class.php 第 94 行.
NOTIC: [8] Undefined index: realname G:\PHP\SEAMEN ManageSys\manage\Home\Controller\TrainedManageController.class.php 第 97 行.
NOTIC: [8] Undefined index: nation G:\PHP\SEAMEN ManageSys\manage\Home\Controller\TrainedManageController.class.php 第 103 行.
NOTIC: [8] Undefined index: regtimebegin G:\PHP\SEAMEN ManageSys\manage\Home\Controller\TrainedManageController.class.php 第 106 行.
NOTIC: [8] Undefined index: regtimeend G:\PHP\SEAMEN ManageSys\manage\Home\Controller\TrainedManageController.class.php 第 112 行.
SQL: SHOW COLUMNS FROM `ms_trainedfirstinfo` [ RunTime:0.0300s ]
SQL: SELECT COUNT(*) AS tp_count FROM `ms_trainedfirstinfo` LIMIT 1   [ RunTime:0.0004s ]
SQL: SELECT ms_trainedfirstinfo.id,`idnumber`,`realname`,`regtime` FROM `ms_trainedfirstinfo` INNER JOIN ms_holdercomminfo ON ms_trainedfirstinfo.holderid = ms_holdercomminfo.id  WHERE `regtime` BETWEEN '1970-01-02' AND '2016-11-26' AND `trainedfirstisdel` = 0 AND `isdel` = '0' LIMIT 6,2   [ RunTime:0.0005s ]
ERR: 模板不存在:./manage/Home/View/default/TrainedManage/searchinfo.html

