[ 2016-11-15T14:16:33+08:00 ] 127.0.0.1 /home/seamenManage/getCommInfo/?idnumber=4
INFO: [ app_init ] --START--
INFO: Run Behavior\BuildLiteBehavior [ RunTime:0.000024s ]
INFO: [ app_init ] --END-- [ RunTime:0.013653s ]
INFO: [ app_begin ] --START--
INFO: Run Behavior\ReadHtmlCacheBehavior [ RunTime:0.041695s ]
INFO: [ app_begin ] --END-- [ RunTime:0.041897s ]
NOTIC: [8] Undefined index: userid G:\PHP\SEAMEN ManageSys\ThinkPHP\Library\Org\Util\Rbac.class.php 第 142 行.

[ 2016-11-15T14:16:33+08:00 ] 127.0.0.1 /Login
INFO: [ app_init ] --START--
INFO: Run Behavior\BuildLiteBehavior [ RunTime:0.000014s ]
INFO: [ app_init ] --END-- [ RunTime:0.000179s ]
INFO: [ app_begin ] --START--
INFO: Run Behavior\ReadHtmlCacheBehavior [ RunTime:0.000177s ]
INFO: [ app_begin ] --END-- [ RunTime:0.000230s ]
INFO: [ app_end ] --START--
INFO: Run Behavior\ShowPageTraceBehavior [ RunTime:0.022919s ]
INFO: [ app_end ] --END-- [ RunTime:0.023025s ]

[ 2016-11-15T14:16:33+08:00 ] 127.0.0.1 /favicon.ico
INFO: [ app_init ] --START--
INFO: Run Behavior\BuildLiteBehavior [ RunTime:0.000017s ]
INFO: [ app_init ] --END-- [ RunTime:0.000215s ]

[ 2016-11-15T14:17:28+08:00 ] 127.0.0.1 /home/seamenManage/getCommInfo/?idnumber=4
INFO: [ app_init ] --START--
INFO: Run Behavior\BuildLiteBehavior [ RunTime:0.000016s ]
INFO: [ app_init ] --END-- [ RunTime:0.000238s ]
INFO: [ app_begin ] --START--
INFO: Run Behavior\ReadHtmlCacheBehavior [ RunTime:0.000237s ]
INFO: [ app_begin ] --END-- [ RunTime:0.000308s ]
SQL: SHOW COLUMNS FROM `ms_holdercomminfo` [ RunTime:0.0396s ]
SQL: SELECT `id`,`idnumber`,`realname` FROM `ms_holdercomminfo` WHERE `idnumber` LIKE '4%' AND `isdel` = 0  [ RunTime:0.0395s ]

[ 2016-11-15T14:17:34+08:00 ] 127.0.0.1 /home/DipExpriedSearch
INFO: [ app_init ] --START--
INFO: Run Behavior\BuildLiteBehavior [ RunTime:0.000032s ]
INFO: [ app_init ] --END-- [ RunTime:0.000448s ]
INFO: [ app_begin ] --START--
INFO: Run Behavior\ReadHtmlCacheBehavior [ RunTime:0.000366s ]
INFO: [ app_begin ] --END-- [ RunTime:0.000489s ]
SQL: SHOW COLUMNS FROM `ms_expiredtime` [ RunTime:0.1227s ]
SQL: SELECT * FROM `ms_expiredtime`  [ RunTime:0.0005s ]
INFO: [ app_end ] --START--
INFO: Run Behavior\ShowPageTraceBehavior [ RunTime:0.000346s ]
INFO: [ app_end ] --END-- [ RunTime:0.000399s ]

[ 2016-11-15T14:18:46+08:00 ] 127.0.0.1 /home/DipExpriedSearch/search/?type=2
INFO: [ app_init ] --START--
INFO: Run Behavior\BuildLiteBehavior [ RunTime:0.000016s ]
INFO: [ app_init ] --END-- [ RunTime:0.000278s ]
INFO: [ app_begin ] --START--
INFO: Run Behavior\ReadHtmlCacheBehavior [ RunTime:0.000239s ]
INFO: [ app_begin ] --END-- [ RunTime:0.000289s ]
NOTIC: [8] Undefined index: idnumber G:\PHP\SEAMEN ManageSys\manage\Home\Controller\DipExpriedSearchController.class.php 第 14 行.
NOTIC: [8] Undefined index: realname G:\PHP\SEAMEN ManageSys\manage\Home\Controller\DipExpriedSearchController.class.php 第 17 行.
NOTIC: [8] Undefined index: regtime G:\PHP\SEAMEN ManageSys\manage\Home\Controller\DipExpriedSearchController.class.php 第 20 行.
INFO: [ app_end ] --START--
INFO: Run Behavior\ShowPageTraceBehavior [ RunTime:0.000250s ]
INFO: [ app_end ] --END-- [ RunTime:0.000326s ]

[ 2016-11-15T14:19:29+08:00 ] 127.0.0.1 /home/DipExpriedSearch/search/?type=2
INFO: [ app_init ] --START--
INFO: Run Behavior\BuildLiteBehavior [ RunTime:0.000021s ]
INFO: [ app_init ] --END-- [ RunTime:0.000319s ]
INFO: [ app_begin ] --START--
INFO: Run Behavior\ReadHtmlCacheBehavior [ RunTime:0.000298s ]
INFO: [ app_begin ] --END-- [ RunTime:0.000381s ]
NOTIC: [8] Undefined index: idnumber G:\PHP\SEAMEN ManageSys\manage\Home\Controller\DipExpriedSearchController.class.php 第 14 行.
NOTIC: [8] Undefined index: realname G:\PHP\SEAMEN ManageSys\manage\Home\Controller\DipExpriedSearchController.class.php 第 17 行.
NOTIC: [8] Undefined index: regtime G:\PHP\SEAMEN ManageSys\manage\Home\Controller\DipExpriedSearchController.class.php 第 20 行.
INFO: [ app_end ] --START--
INFO: Run Behavior\ShowPageTraceBehavior [ RunTime:0.000180s ]
INFO: [ app_end ] --END-- [ RunTime:0.000238s ]

[ 2016-11-15T14:19:30+08:00 ] 127.0.0.1 /home/DipExpriedSearch/search/?type=2
INFO: [ app_init ] --START--
INFO: Run Behavior\BuildLiteBehavior [ RunTime:0.000016s ]
INFO: [ app_init ] --END-- [ RunTime:0.000212s ]
INFO: [ app_begin ] --START--
INFO: Run Behavior\ReadHtmlCacheBehavior [ RunTime:0.000170s ]
INFO: [ app_begin ] --END-- [ RunTime:0.000222s ]
NOTIC: [8] Undefined index: idnumber G:\PHP\SEAMEN ManageSys\manage\Home\Controller\DipExpriedSearchController.class.php 第 14 行.
NOTIC: [8] Undefined index: realname G:\PHP\SEAMEN ManageSys\manage\Home\Controller\DipExpriedSearchController.class.php 第 17 行.
NOTIC: [8] Undefined index: regtime G:\PHP\SEAMEN ManageSys\manage\Home\Controller\DipExpriedSearchController.class.php 第 20 行.
INFO: [ app_end ] --START--
INFO: Run Behavior\ShowPageTraceBehavior [ RunTime:0.000151s ]
INFO: [ app_end ] --END-- [ RunTime:0.000196s ]

[ 2016-11-15T14:19:30+08:00 ] 127.0.0.1 /home/DipExpriedSearch/search/?type=2
INFO: [ app_init ] --START--
INFO: Run Behavior\BuildLiteBehavior [ RunTime:0.000029s ]
INFO: [ app_init ] --END-- [ RunTime:0.000354s ]
INFO: [ app_begin ] --START--
INFO: Run Behavior\ReadHtmlCacheBehavior [ RunTime:0.000302s ]
INFO: [ app_begin ] --END-- [ RunTime:0.000413s ]
NOTIC: [8] Undefined index: idnumber G:\PHP\SEAMEN ManageSys\manage\Home\Controller\DipExpriedSearchController.class.php 第 14 行.
NOTIC: [8] Undefined index: realname G:\PHP\SEAMEN ManageSys\manage\Home\Controller\DipExpriedSearchController.class.php 第 17 行.
NOTIC: [8] Undefined index: regtime G:\PHP\SEAMEN ManageSys\manage\Home\Controller\DipExpriedSearchController.class.php 第 20 行.
INFO: [ app_end ] --START--
INFO: Run Behavior\ShowPageTraceBehavior [ RunTime:0.000215s ]
INFO: [ app_end ] --END-- [ RunTime:0.000273s ]

[ 2016-11-15T14:19:31+08:00 ] 127.0.0.1 /home/DipExpriedSearch/search/?type=2
INFO: [ app_init ] --START--
INFO: Run Behavior\BuildLiteBehavior [ RunTime:0.000026s ]
INFO: [ app_init ] --END-- [ RunTime:0.000256s ]
INFO: [ app_begin ] --START--
INFO: Run Behavior\ReadHtmlCacheBehavior [ RunTime:0.000186s ]
INFO: [ app_begin ] --END-- [ RunTime:0.000251s ]
NOTIC: [8] Undefined index: idnumber G:\PHP\SEAMEN ManageSys\manage\Home\Controller\DipExpriedSearchController.class.php 第 14 行.
NOTIC: [8] Undefined index: realname G:\PHP\SEAMEN ManageSys\manage\Home\Controller\DipExpriedSearchController.class.php 第 17 行.
NOTIC: [8] Undefined index: regtime G:\PHP\SEAMEN ManageSys\manage\Home\Controller\DipExpriedSearchController.class.php 第 20 行.
INFO: [ app_end ] --START--
INFO: Run Behavior\ShowPageTraceBehavior [ RunTime:0.000168s ]
INFO: [ app_end ] --END-- [ RunTime:0.000227s ]

[ 2016-11-15T14:19:31+08:00 ] 127.0.0.1 /home/DipExpriedSearch/search/?type=2
INFO: [ app_init ] --START--
INFO: Run Behavior\BuildLiteBehavior [ RunTime:0.000015s ]
INFO: [ app_init ] --END-- [ RunTime:0.000188s ]
INFO: [ app_begin ] --START--
INFO: Run Behavior\ReadHtmlCacheBehavior [ RunTime:0.000204s ]
INFO: [ app_begin ] --END-- [ RunTime:0.000288s ]
NOTIC: [8] Undefined index: idnumber G:\PHP\SEAMEN ManageSys\manage\Home\Controller\DipExpriedSearchController.class.php 第 14 行.
NOTIC: [8] Undefined index: realname G:\PHP\SEAMEN ManageSys\manage\Home\Controller\DipExpriedSearchController.class.php 第 17 行.
NOTIC: [8] Undefined index: regtime G:\PHP\SEAMEN ManageSys\manage\Home\Controller\DipExpriedSearchController.class.php 第 20 行.
INFO: [ app_end ] --START--
INFO: Run Behavior\ShowPageTraceBehavior [ RunTime:0.000186s ]
INFO: [ app_end ] --END-- [ RunTime:0.000240s ]

[ 2016-11-15T14:19:32+08:00 ] 127.0.0.1 /home/DipExpriedSearch/search/?type=2
INFO: [ app_init ] --START--
INFO: Run Behavior\BuildLiteBehavior [ RunTime:0.000017s ]
INFO: [ app_init ] --END-- [ RunTime:0.000215s ]
INFO: [ app_begin ] --START--
INFO: Run Behavior\ReadHtmlCacheBehavior [ RunTime:0.000236s ]
INFO: [ app_begin ] --END-- [ RunTime:0.000329s ]
NOTIC: [8] Undefined index: idnumber G:\PHP\SEAMEN ManageSys\manage\Home\Controller\DipExpriedSearchController.class.php 第 14 行.
NOTIC: [8] Undefined index: realname G:\PHP\SEAMEN ManageSys\manage\Home\Controller\DipExpriedSearchController.class.php 第 17 行.
NOTIC: [8] Undefined index: regtime G:\PHP\SEAMEN ManageSys\manage\Home\Controller\DipExpriedSearchController.class.php 第 20 行.
INFO: [ app_end ] --START--
INFO: Run Behavior\ShowPageTraceBehavior [ RunTime:0.000203s ]
INFO: [ app_end ] --END-- [ RunTime:0.000266s ]

[ 2016-11-15T14:19:32+08:00 ] 127.0.0.1 /home/DipExpriedSearch/search/?type=2
INFO: [ app_init ] --START--
INFO: Run Behavior\BuildLiteBehavior [ RunTime:0.000015s ]
INFO: [ app_init ] --END-- [ RunTime:0.000179s ]
INFO: [ app_begin ] --START--
INFO: Run Behavior\ReadHtmlCacheBehavior [ RunTime:0.000204s ]
INFO: [ app_begin ] --END-- [ RunTime:0.000279s ]
NOTIC: [8] Undefined index: idnumber G:\PHP\SEAMEN ManageSys\manage\Home\Controller\DipExpriedSearchController.class.php 第 14 行.
NOTIC: [8] Undefined index: realname G:\PHP\SEAMEN ManageSys\manage\Home\Controller\DipExpriedSearchController.class.php 第 17 行.
NOTIC: [8] Undefined index: regtime G:\PHP\SEAMEN ManageSys\manage\Home\Controller\DipExpriedSearchController.class.php 第 20 行.
INFO: [ app_end ] --START--
INFO: Run Behavior\ShowPageTraceBehavior [ RunTime:0.000184s ]
INFO: [ app_end ] --END-- [ RunTime:0.000249s ]

[ 2016-11-15T14:19:32+08:00 ] 127.0.0.1 /home/DipExpriedSearch/search/?type=2
INFO: [ app_init ] --START--
INFO: Run Behavior\BuildLiteBehavior [ RunTime:0.000029s ]
INFO: [ app_init ] --END-- [ RunTime:0.000323s ]
INFO: [ app_begin ] --START--
INFO: Run Behavior\ReadHtmlCacheBehavior [ RunTime:0.000190s ]
INFO: [ app_begin ] --END-- [ RunTime:0.000247s ]
NOTIC: [8] Undefined index: idnumber G:\PHP\SEAMEN ManageSys\manage\Home\Controller\DipExpriedSearchController.class.php 第 14 行.
NOTIC: [8] Undefined index: realname G:\PHP\SEAMEN ManageSys\manage\Home\Controller\DipExpriedSearchController.class.php 第 17 行.
NOTIC: [8] Undefined index: regtime G:\PHP\SEAMEN ManageSys\manage\Home\Controller\DipExpriedSearchController.class.php 第 20 行.
INFO: [ app_end ] --START--
INFO: Run Behavior\ShowPageTraceBehavior [ RunTime:0.000158s ]
INFO: [ app_end ] --END-- [ RunTime:0.000207s ]

[ 2016-11-15T14:19:33+08:00 ] 127.0.0.1 /home/DipExpriedSearch/search/?type=2
INFO: [ app_init ] --START--
INFO: Run Behavior\BuildLiteBehavior [ RunTime:0.000017s ]
INFO: [ app_init ] --END-- [ RunTime:0.000204s ]
INFO: [ app_begin ] --START--
INFO: Run Behavior\ReadHtmlCacheBehavior [ RunTime:0.000171s ]
INFO: [ app_begin ] --END-- [ RunTime:0.000221s ]
NOTIC: [8] Undefined index: idnumber G:\PHP\SEAMEN ManageSys\manage\Home\Controller\DipExpriedSearchController.class.php 第 14 行.
NOTIC: [8] Undefined index: realname G:\PHP\SEAMEN ManageSys\manage\Home\Controller\DipExpriedSearchController.class.php 第 17 行.
NOTIC: [8] Undefined index: regtime G:\PHP\SEAMEN ManageSys\manage\Home\Controller\DipExpriedSearchController.class.php 第 20 行.
INFO: [ app_end ] --START--
INFO: Run Behavior\ShowPageTraceBehavior [ RunTime:0.000160s ]
INFO: [ app_end ] --END-- [ RunTime:0.000208s ]

[ 2016-11-15T14:19:33+08:00 ] 127.0.0.1 /home/DipExpriedSearch/search/?type=2
INFO: [ app_init ] --START--
INFO: Run Behavior\BuildLiteBehavior [ RunTime:0.000015s ]
INFO: [ app_init ] --END-- [ RunTime:0.000178s ]
INFO: [ app_begin ] --START--
INFO: Run Behavior\ReadHtmlCacheBehavior [ RunTime:0.000191s ]
INFO: [ app_begin ] --END-- [ RunTime:0.000247s ]
NOTIC: [8] Undefined index: idnumber G:\PHP\SEAMEN ManageSys\manage\Home\Controller\DipExpriedSearchController.class.php 第 14 行.
NOTIC: [8] Undefined index: realname G:\PHP\SEAMEN ManageSys\manage\Home\Controller\DipExpriedSearchController.class.php 第 17 行.
NOTIC: [8] Undefined index: regtime G:\PHP\SEAMEN ManageSys\manage\Home\Controller\DipExpriedSearchController.class.php 第 20 行.
INFO: [ app_end ] --START--
INFO: Run Behavior\ShowPageTraceBehavior [ RunTime:0.000154s ]
INFO: [ app_end ] --END-- [ RunTime:0.000200s ]

[ 2016-11-15T14:19:33+08:00 ] 127.0.0.1 /home/DipExpriedSearch/search/?type=2
INFO: [ app_init ] --START--
INFO: Run Behavior\BuildLiteBehavior [ RunTime:0.000025s ]
INFO: [ app_init ] --END-- [ RunTime:0.000258s ]
INFO: [ app_begin ] --START--
INFO: Run Behavior\ReadHtmlCacheBehavior [ RunTime:0.000194s ]
INFO: [ app_begin ] --END-- [ RunTime:0.000269s ]
NOTIC: [8] Undefined index: idnumber G:\PHP\SEAMEN ManageSys\manage\Home\Controller\DipExpriedSearchController.class.php 第 14 行.
NOTIC: [8] Undefined index: realname G:\PHP\SEAMEN ManageSys\manage\Home\Controller\DipExpriedSearchController.class.php 第 17 行.
NOTIC: [8] Undefined index: regtime G:\PHP\SEAMEN ManageSys\manage\Home\Controller\DipExpriedSearchController.class.php 第 20 行.
INFO: [ app_end ] --START--
INFO: Run Behavior\ShowPageTraceBehavior [ RunTime:0.000288s ]
INFO: [ app_end ] --END-- [ RunTime:0.000395s ]

[ 2016-11-15T14:19:33+08:00 ] 127.0.0.1 /home/DipExpriedSearch/search/?type=2
INFO: [ app_init ] --START--
INFO: Run Behavior\BuildLiteBehavior [ RunTime:0.000014s ]
INFO: [ app_init ] --END-- [ RunTime:0.000177s ]
INFO: [ app_begin ] --START--
INFO: Run Behavior\ReadHtmlCacheBehavior [ RunTime:0.000167s ]
INFO: [ app_begin ] --END-- [ RunTime:0.000229s ]
NOTIC: [8] Undefined index: idnumber G:\PHP\SEAMEN ManageSys\manage\Home\Controller\DipExpriedSearchController.class.php 第 14 行.
NOTIC: [8] Undefined index: realname G:\PHP\SEAMEN ManageSys\manage\Home\Controller\DipExpriedSearchController.class.php 第 17 行.
NOTIC: [8] Undefined index: regtime G:\PHP\SEAMEN ManageSys\manage\Home\Controller\DipExpriedSearchController.class.php 第 20 行.
INFO: [ app_end ] --START--
INFO: Run Behavior\ShowPageTraceBehavior [ RunTime:0.000505s ]
INFO: [ app_end ] --END-- [ RunTime:0.000753s ]

[ 2016-11-15T14:19:34+08:00 ] 127.0.0.1 /home/DipExpriedSearch/search/?type=2
INFO: [ app_init ] --START--
INFO: Run Behavior\BuildLiteBehavior [ RunTime:0.000019s ]
INFO: [ app_init ] --END-- [ RunTime:0.000272s ]
INFO: [ app_begin ] --START--
INFO: Run Behavior\ReadHtmlCacheBehavior [ RunTime:0.000297s ]
INFO: [ app_begin ] --END-- [ RunTime:0.000394s ]
NOTIC: [8] Undefined index: idnumber G:\PHP\SEAMEN ManageSys\manage\Home\Controller\DipExpriedSearchController.class.php 第 14 行.
NOTIC: [8] Undefined index: realname G:\PHP\SEAMEN ManageSys\manage\Home\Controller\DipExpriedSearchController.class.php 第 17 行.
NOTIC: [8] Undefined index: regtime G:\PHP\SEAMEN ManageSys\manage\Home\Controller\DipExpriedSearchController.class.php 第 20 行.
INFO: [ app_end ] --START--
INFO: Run Behavior\ShowPageTraceBehavior [ RunTime:0.000178s ]
INFO: [ app_end ] --END-- [ RunTime:0.000244s ]

[ 2016-11-15T14:19:34+08:00 ] 127.0.0.1 /home/DipExpriedSearch/search/?type=2
INFO: [ app_init ] --START--
INFO: Run Behavior\BuildLiteBehavior [ RunTime:0.000016s ]
INFO: [ app_init ] --END-- [ RunTime:0.000215s ]
INFO: [ app_begin ] --START--
INFO: Run Behavior\ReadHtmlCacheBehavior [ RunTime:0.000177s ]
INFO: [ app_begin ] --END-- [ RunTime:0.000224s ]
NOTIC: [8] Undefined index: idnumber G:\PHP\SEAMEN ManageSys\manage\Home\Controller\DipExpriedSearchController.class.php 第 14 行.
NOTIC: [8] Undefined index: realname G:\PHP\SEAMEN ManageSys\manage\Home\Controller\DipExpriedSearchController.class.php 第 17 行.
NOTIC: [8] Undefined index: regtime G:\PHP\SEAMEN ManageSys\manage\Home\Controller\DipExpriedSearchController.class.php 第 20 行.
INFO: [ app_end ] --START--
INFO: Run Behavior\ShowPageTraceBehavior [ RunTime:0.000151s ]
INFO: [ app_end ] --END-- [ RunTime:0.000197s ]

[ 2016-11-15T14:19:34+08:00 ] 127.0.0.1 /home/DipExpriedSearch/search/?type=2
INFO: [ app_init ] --START--
INFO: Run Behavior\BuildLiteBehavior [ RunTime:0.000017s ]
INFO: [ app_init ] --END-- [ RunTime:0.000223s ]
INFO: [ app_begin ] --START--
INFO: Run Behavior\ReadHtmlCacheBehavior [ RunTime:0.000188s ]
INFO: [ app_begin ] --END-- [ RunTime:0.000263s ]
NOTIC: [8] Undefined index: idnumber G:\PHP\SEAMEN ManageSys\manage\Home\Controller\DipExpriedSearchController.class.php 第 14 行.
NOTIC: [8] Undefined index: realname G:\PHP\SEAMEN ManageSys\manage\Home\Controller\DipExpriedSearchController.class.php 第 17 行.
NOTIC: [8] Undefined index: regtime G:\PHP\SEAMEN ManageSys\manage\Home\Controller\DipExpriedSearchController.class.php 第 20 行.
INFO: [ app_end ] --START--
INFO: Run Behavior\ShowPageTraceBehavior [ RunTime:0.000205s ]
INFO: [ app_end ] --END-- [ RunTime:0.000257s ]

[ 2016-11-15T14:19:34+08:00 ] 127.0.0.1 /home/DipExpriedSearch/search/?type=2
INFO: [ app_init ] --START--
INFO: Run Behavior\BuildLiteBehavior [ RunTime:0.000025s ]
INFO: [ app_init ] --END-- [ RunTime:0.000292s ]
INFO: [ app_begin ] --START--
INFO: Run Behavior\ReadHtmlCacheBehavior [ RunTime:0.000261s ]
INFO: [ app_begin ] --END-- [ RunTime:0.000363s ]
NOTIC: [8] Undefined index: idnumber G:\PHP\SEAMEN ManageSys\manage\Home\Controller\DipExpriedSearchController.class.php 第 14 行.
NOTIC: [8] Undefined index: realname G:\PHP\SEAMEN ManageSys\manage\Home\Controller\DipExpriedSearchController.class.php 第 17 行.
NOTIC: [8] Undefined index: regtime G:\PHP\SEAMEN ManageSys\manage\Home\Controller\DipExpriedSearchController.class.php 第 20 行.
INFO: [ app_end ] --START--
INFO: Run Behavior\ShowPageTraceBehavior [ RunTime:0.000201s ]
INFO: [ app_end ] --END-- [ RunTime:0.000276s ]

[ 2016-11-15T14:21:19+08:00 ] 127.0.0.1 /home/DipExpriedSearch/search/?type=2
INFO: [ app_init ] --START--
INFO: Run Behavior\BuildLiteBehavior [ RunTime:0.000015s ]
INFO: [ app_init ] --END-- [ RunTime:0.000239s ]
INFO: [ app_begin ] --START--
INFO: Run Behavior\ReadHtmlCacheBehavior [ RunTime:0.000399s ]
INFO: [ app_begin ] --END-- [ RunTime:0.000506s ]
NOTIC: [8] Undefined index: idnumber G:\PHP\SEAMEN ManageSys\manage\Home\Controller\DipExpriedSearchController.class.php 第 14 行.
NOTIC: [8] Undefined index: realname G:\PHP\SEAMEN ManageSys\manage\Home\Controller\DipExpriedSearchController.class.php 第 17 行.
NOTIC: [8] Undefined index: regtime G:\PHP\SEAMEN ManageSys\manage\Home\Controller\DipExpriedSearchController.class.php 第 20 行.
INFO: [ app_end ] --START--
INFO: Run Behavior\ShowPageTraceBehavior [ RunTime:0.000504s ]
INFO: [ app_end ] --END-- [ RunTime:0.000601s ]

